Determining if the environ exist failed with the following output:
Change Dir: /home/aav/specter/buildroot-2013.08/output/build/host-cmake-2.8.10.2/CMakeFiles/CMakeTmp

Run Build Command:/usr/bin/make "cmTryCompileExec3440204034/fast"
make[1]: Entering directory `/home/aav/specter/buildroot-2013.08/output/build/host-cmake-2.8.10.2/CMakeFiles/CMakeTmp'
make -f CMakeFiles/cmTryCompileExec3440204034.dir/build.make CMakeFiles/cmTryCompileExec3440204034.dir/build
make[2]: Entering directory `/home/aav/specter/buildroot-2013.08/output/build/host-cmake-2.8.10.2/CMakeFiles/CMakeTmp'
/home/aav/specter/buildroot-2013.08/output/build/host-cmake-2.8.10.2/Bootstrap.cmk/cmake -E cmake_progress_report /home/aav/specter/buildroot-2013.08/output/build/host-cmake-2.8.10.2/CMakeFiles/CMakeTmp/CMakeFiles 1
Building C object CMakeFiles/cmTryCompileExec3440204034.dir/CheckSymbolExists.c.o
/usr/bin/gcc   -O2 -I/home/aav/specter/buildroot-2013.08/output/host/usr/include      -o CMakeFiles/cmTryCompileExec3440204034.dir/CheckSymbolExists.c.o   -c /home/aav/specter/buildroot-2013.08/output/build/host-cmake-2.8.10.2/CMakeFiles/CMakeTmp/CheckSymbolExists.c
/home/aav/specter/buildroot-2013.08/output/build/host-cmake-2.8.10.2/CMakeFiles/CMakeTmp/CheckSymbolExists.c: In function ‘main’:
/home/aav/specter/buildroot-2013.08/output/build/host-cmake-2.8.10.2/CMakeFiles/CMakeTmp/CheckSymbolExists.c:8:19: error: ‘environ’ undeclared (first use in this function)
   return ((int*)(&environ))[argc];
                   ^
/home/aav/specter/buildroot-2013.08/output/build/host-cmake-2.8.10.2/CMakeFiles/CMakeTmp/CheckSymbolExists.c:8:19: note: each undeclared identifier is reported only once for each function it appears in
make[2]: *** [CMakeFiles/cmTryCompileExec3440204034.dir/CheckSymbolExists.c.o] Error 1
make[2]: Leaving directory `/home/aav/specter/buildroot-2013.08/output/build/host-cmake-2.8.10.2/CMakeFiles/CMakeTmp'
make[1]: *** [cmTryCompileExec3440204034/fast] Error 2
make[1]: Leaving directory `/home/aav/specter/buildroot-2013.08/output/build/host-cmake-2.8.10.2/CMakeFiles/CMakeTmp'

File /home/aav/specter/buildroot-2013.08/output/build/host-cmake-2.8.10.2/CMakeFiles/CMakeTmp/CheckSymbolExists.c:
/* */
#include <stdlib.h>

int main(int argc, char** argv)
{
  (void)argv;
#ifndef environ
  return ((int*)(&environ))[argc];
#else
  (void)argc;
  return 0;
#endif
}

Checking for non-standard argument to stl allocator<>::max_size failed to compile with the following output:
Change Dir: /home/aav/specter/buildroot-2013.08/output/build/host-cmake-2.8.10.2/Source/kwsys/CMakeFiles/CMakeTmp

Run Build Command:/usr/bin/make "cmTryCompileExec220355028/fast"
make[1]: Entering directory `/home/aav/specter/buildroot-2013.08/output/build/host-cmake-2.8.10.2/Source/kwsys/CMakeFiles/CMakeTmp'
make -f CMakeFiles/cmTryCompileExec220355028.dir/build.make CMakeFiles/cmTryCompileExec220355028.dir/build
make[2]: Entering directory `/home/aav/specter/buildroot-2013.08/output/build/host-cmake-2.8.10.2/Source/kwsys/CMakeFiles/CMakeTmp'
/home/aav/specter/buildroot-2013.08/output/build/host-cmake-2.8.10.2/Bootstrap.cmk/cmake -E cmake_progress_report /home/aav/specter/buildroot-2013.08/output/build/host-cmake-2.8.10.2/Source/kwsys/CMakeFiles/CMakeTmp/CMakeFiles 1
Building CXX object CMakeFiles/cmTryCompileExec220355028.dir/kwsysPlatformTestsCXX.cxx.o
/usr/bin/g++   -DKWSYS_STL_HAVE_STD=1 -DTEST_KWSYS_STL_HAS_ALLOCATOR_MAX_SIZE_ARGUMENT  -o CMakeFiles/cmTryCompileExec220355028.dir/kwsysPlatformTestsCXX.cxx.o -c /home/aav/specter/buildroot-2013.08/output/build/host-cmake-2.8.10.2/Source/kwsys/kwsysPlatformTestsCXX.cxx
/home/aav/specter/buildroot-2013.08/output/build/host-cmake-2.8.10.2/Source/kwsys/kwsysPlatformTestsCXX.cxx: In function ‘void f(const std::allocator<char>&)’:
/home/aav/specter/buildroot-2013.08/output/build/host-cmake-2.8.10.2/Source/kwsys/kwsysPlatformTestsCXX.cxx:256:25: error: no matching function for call to ‘std::allocator<char>::max_size(unsigned int) const’
   a.max_size(sizeof(int));
                         ^
/home/aav/specter/buildroot-2013.08/output/build/host-cmake-2.8.10.2/Source/kwsys/kwsysPlatformTestsCXX.cxx:256:25: note: candidate is:
In file included from /usr/include/i386-linux-gnu/c++/4.8/bits/c++allocator.h:33:0,
                 from /usr/include/c++/4.8/bits/allocator.h:46,
                 from /usr/include/c++/4.8/memory:63,
                 from /home/aav/specter/buildroot-2013.08/output/build/host-cmake-2.8.10.2/Source/kwsys/kwsysPlatformTestsCXX.cxx:253:
/usr/include/c++/4.8/ext/new_allocator.h:113:7: note: __gnu_cxx::new_allocator<_Tp>::size_type __gnu_cxx::new_allocator<_Tp>::max_size() const [with _Tp = char; __gnu_cxx::new_allocator<_Tp>::size_type = unsigned int]
       max_size() const _GLIBCXX_USE_NOEXCEPT
       ^
/usr/include/c++/4.8/ext/new_allocator.h:113:7: note:   candidate expects 0 arguments, 1 provided
make[2]: *** [CMakeFiles/cmTryCompileExec220355028.dir/kwsysPlatformTestsCXX.cxx.o] Error 1
make[2]: Leaving directory `/home/aav/specter/buildroot-2013.08/output/build/host-cmake-2.8.10.2/Source/kwsys/CMakeFiles/CMakeTmp'
make[1]: *** [cmTryCompileExec220355028/fast] Error 2
make[1]: Leaving directory `/home/aav/specter/buildroot-2013.08/output/build/host-cmake-2.8.10.2/Source/kwsys/CMakeFiles/CMakeTmp'


Checking whether "<>" is needed for template friends failed to compile with the following output:
Change Dir: /home/aav/specter/buildroot-2013.08/output/build/host-cmake-2.8.10.2/Source/kwsys/CMakeFiles/CMakeTmp

Run Build Command:/usr/bin/make "cmTryCompileExec2622532259/fast"
make[1]: Entering directory `/home/aav/specter/buildroot-2013.08/output/build/host-cmake-2.8.10.2/Source/kwsys/CMakeFiles/CMakeTmp'
make -f CMakeFiles/cmTryCompileExec2622532259.dir/build.make CMakeFiles/cmTryCompileExec2622532259.dir/build
make[2]: Entering directory `/home/aav/specter/buildroot-2013.08/output/build/host-cmake-2.8.10.2/Source/kwsys/CMakeFiles/CMakeTmp'
/home/aav/specter/buildroot-2013.08/output/build/host-cmake-2.8.10.2/Bootstrap.cmk/cmake -E cmake_progress_report /home/aav/specter/buildroot-2013.08/output/build/host-cmake-2.8.10.2/Source/kwsys/CMakeFiles/CMakeTmp/CMakeFiles 1
Building CXX object CMakeFiles/cmTryCompileExec2622532259.dir/kwsysPlatformTestsCXX.cxx.o
/usr/bin/g++   -DTEST_KWSYS_CXX_HAS_NULL_TEMPLATE_ARGS  -o CMakeFiles/cmTryCompileExec2622532259.dir/kwsysPlatformTestsCXX.cxx.o -c /home/aav/specter/buildroot-2013.08/output/build/host-cmake-2.8.10.2/Source/kwsys/kwsysPlatformTestsCXX.cxx
/home/aav/specter/buildroot-2013.08/output/build/host-cmake-2.8.10.2/Source/kwsys/kwsysPlatformTestsCXX.cxx:141:21: warning: friend declaration ‘int f(A<T>&)’ declares a non-template function [-Wnon-template-friend]
   friend int f(A<T>&);
                     ^
/home/aav/specter/buildroot-2013.08/output/build/host-cmake-2.8.10.2/Source/kwsys/kwsysPlatformTestsCXX.cxx:141:21: note: (if this is not what you intended, make sure the function template has already been declared and add <> after the function name here) 
/home/aav/specter/buildroot-2013.08/output/build/host-cmake-2.8.10.2/Source/kwsys/kwsysPlatformTestsCXX.cxx: In instantiation of ‘int f(A<T>&) [with T = int]’:
/home/aav/specter/buildroot-2013.08/output/build/host-cmake-2.8.10.2/Source/kwsys/kwsysPlatformTestsCXX.cxx:147:23:   required from here
/home/aav/specter/buildroot-2013.08/output/build/host-cmake-2.8.10.2/Source/kwsys/kwsysPlatformTestsCXX.cxx:143:7: error: ‘int A<int>::x’ is private
   int x;
       ^
/home/aav/specter/buildroot-2013.08/output/build/host-cmake-2.8.10.2/Source/kwsys/kwsysPlatformTestsCXX.cxx:146:48: error: within this context
 template <class T> int f(A<T>& a) { return a.x = 0; }
                                                ^
make[2]: *** [CMakeFiles/cmTryCompileExec2622532259.dir/kwsysPlatformTestsCXX.cxx.o] Error 1
make[2]: Leaving directory `/home/aav/specter/buildroot-2013.08/output/build/host-cmake-2.8.10.2/Source/kwsys/CMakeFiles/CMakeTmp'
make[1]: *** [cmTryCompileExec2622532259/fast] Error 2
make[1]: Leaving directory `/home/aav/specter/buildroot-2013.08/output/build/host-cmake-2.8.10.2/Source/kwsys/CMakeFiles/CMakeTmp'


Checking whether C++ compiler has '__int64' failed to compile with the following output:
Change Dir: /home/aav/specter/buildroot-2013.08/output/build/host-cmake-2.8.10.2/Source/kwsys/CMakeFiles/CMakeTmp

Run Build Command:/usr/bin/make "cmTryCompileExec758602588/fast"
make[1]: Entering directory `/home/aav/specter/buildroot-2013.08/output/build/host-cmake-2.8.10.2/Source/kwsys/CMakeFiles/CMakeTmp'
make -f CMakeFiles/cmTryCompileExec758602588.dir/build.make CMakeFiles/cmTryCompileExec758602588.dir/build
make[2]: Entering directory `/home/aav/specter/buildroot-2013.08/output/build/host-cmake-2.8.10.2/Source/kwsys/CMakeFiles/CMakeTmp'
/home/aav/specter/buildroot-2013.08/output/build/host-cmake-2.8.10.2/Bootstrap.cmk/cmake -E cmake_progress_report /home/aav/specter/buildroot-2013.08/output/build/host-cmake-2.8.10.2/Source/kwsys/CMakeFiles/CMakeTmp/CMakeFiles 1
Building CXX object CMakeFiles/cmTryCompileExec758602588.dir/kwsysPlatformTestsCXX.cxx.o
/usr/bin/g++   -DTEST_KWSYS_CXX_HAS___INT64  -o CMakeFiles/cmTryCompileExec758602588.dir/kwsysPlatformTestsCXX.cxx.o -c /home/aav/specter/buildroot-2013.08/output/build/host-cmake-2.8.10.2/Source/kwsys/kwsysPlatformTestsCXX.cxx
/home/aav/specter/buildroot-2013.08/output/build/host-cmake-2.8.10.2/Source/kwsys/kwsysPlatformTestsCXX.cxx:126:1: error: ‘__int64’ does not name a type
 __int64 f(__int64 n) { return n; }
 ^
/home/aav/specter/buildroot-2013.08/output/build/host-cmake-2.8.10.2/Source/kwsys/kwsysPlatformTestsCXX.cxx: In function ‘int main()’:
/home/aav/specter/buildroot-2013.08/output/build/host-cmake-2.8.10.2/Source/kwsys/kwsysPlatformTestsCXX.cxx:129:3: error: ‘__int64’ was not declared in this scope
   __int64 n = 0;
   ^
/home/aav/specter/buildroot-2013.08/output/build/host-cmake-2.8.10.2/Source/kwsys/kwsysPlatformTestsCXX.cxx:129:11: error: expected ‘;’ before ‘n’
   __int64 n = 0;
           ^
/home/aav/specter/buildroot-2013.08/output/build/host-cmake-2.8.10.2/Source/kwsys/kwsysPlatformTestsCXX.cxx:130:29: error: ‘n’ was not declared in this scope
   return static_cast<int>(f(n));
                             ^
/home/aav/specter/buildroot-2013.08/output/build/host-cmake-2.8.10.2/Source/kwsys/kwsysPlatformTestsCXX.cxx:130:30: error: ‘f’ was not declared in this scope
   return static_cast<int>(f(n));
                              ^
make[2]: *** [CMakeFiles/cmTryCompileExec758602588.dir/kwsysPlatformTestsCXX.cxx.o] Error 1
make[2]: Leaving directory `/home/aav/specter/buildroot-2013.08/output/build/host-cmake-2.8.10.2/Source/kwsys/CMakeFiles/CMakeTmp'
make[1]: *** [cmTryCompileExec758602588/fast] Error 2
make[1]: Leaving directory `/home/aav/specter/buildroot-2013.08/output/build/host-cmake-2.8.10.2/Source/kwsys/CMakeFiles/CMakeTmp'


Determining size of __int64 failed with the following output:
Change Dir: /home/aav/specter/buildroot-2013.08/output/build/host-cmake-2.8.10.2/CMakeFiles/CMakeTmp

Run Build Command:/usr/bin/make "cmTryCompileExec3353312921/fast"
make[1]: Entering directory `/home/aav/specter/buildroot-2013.08/output/build/host-cmake-2.8.10.2/CMakeFiles/CMakeTmp'
make -f CMakeFiles/cmTryCompileExec3353312921.dir/build.make CMakeFiles/cmTryCompileExec3353312921.dir/build
make[2]: Entering directory `/home/aav/specter/buildroot-2013.08/output/build/host-cmake-2.8.10.2/CMakeFiles/CMakeTmp'
/home/aav/specter/buildroot-2013.08/output/build/host-cmake-2.8.10.2/Bootstrap.cmk/cmake -E cmake_progress_report /home/aav/specter/buildroot-2013.08/output/build/host-cmake-2.8.10.2/CMakeFiles/CMakeTmp/CMakeFiles 1
Building C object CMakeFiles/cmTryCompileExec3353312921.dir/KWSYS_SIZEOF___INT64.c.o
/usr/bin/gcc   -O2 -I/home/aav/specter/buildroot-2013.08/output/host/usr/include      -o CMakeFiles/cmTryCompileExec3353312921.dir/KWSYS_SIZEOF___INT64.c.o   -c /home/aav/specter/buildroot-2013.08/output/build/host-cmake-2.8.10.2/CMakeFiles/CheckTypeSize/KWSYS_SIZEOF___INT64.c
/home/aav/specter/buildroot-2013.08/output/build/host-cmake-2.8.10.2/CMakeFiles/CheckTypeSize/KWSYS_SIZEOF___INT64.c:17:22: error: ‘__int64’ undeclared here (not in a function)
 #define SIZE (sizeof(__int64))
                      ^
/home/aav/specter/buildroot-2013.08/output/build/host-cmake-2.8.10.2/CMakeFiles/CheckTypeSize/KWSYS_SIZEOF___INT64.c:19:12: note: in expansion of macro ‘SIZE’
   ('0' + ((SIZE / 10000)%10)),
            ^
make[2]: *** [CMakeFiles/cmTryCompileExec3353312921.dir/KWSYS_SIZEOF___INT64.c.o] Error 1
make[2]: Leaving directory `/home/aav/specter/buildroot-2013.08/output/build/host-cmake-2.8.10.2/CMakeFiles/CMakeTmp'
make[1]: *** [cmTryCompileExec3353312921/fast] Error 2
make[1]: Leaving directory `/home/aav/specter/buildroot-2013.08/output/build/host-cmake-2.8.10.2/CMakeFiles/CMakeTmp'

/home/aav/specter/buildroot-2013.08/output/build/host-cmake-2.8.10.2/CMakeFiles/CheckTypeSize/KWSYS_SIZEOF___INT64.c:
#include <sys/types.h>
#include <stdint.h>
#include <stddef.h>


#undef KEY
#if defined(__i386)
# define KEY '_','_','i','3','8','6'
#elif defined(__x86_64)
# define KEY '_','_','x','8','6','_','6','4'
#elif defined(__ppc__)
# define KEY '_','_','p','p','c','_','_'
#elif defined(__ppc64__)
# define KEY '_','_','p','p','c','6','4','_','_'
#endif

#define SIZE (sizeof(__int64))
char info_size[] =  {'I', 'N', 'F', 'O', ':', 's','i','z','e','[',
  ('0' + ((SIZE / 10000)%10)),
  ('0' + ((SIZE / 1000)%10)),
  ('0' + ((SIZE / 100)%10)),
  ('0' + ((SIZE / 10)%10)),
  ('0' +  (SIZE    % 10)),
  ']',
#ifdef KEY
  ' ','k','e','y','[', KEY, ']',
#endif
  '\0'};

#ifdef __CLASSIC_C__
int main(argc, argv) int argc; char *argv[];
#else
int main(int argc, char *argv[])
#endif
{
  int require = 0;
  require += info_size[argc];
  (void)argv;
  return require;
}


Checking whether CXX compiler has environ in stdlib.h failed to compile with the following output:
Change Dir: /home/aav/specter/buildroot-2013.08/output/build/host-cmake-2.8.10.2/Source/kwsys/CMakeFiles/CMakeTmp

Run Build Command:/usr/bin/make "cmTryCompileExec2617917349/fast"
make[1]: Entering directory `/home/aav/specter/buildroot-2013.08/output/build/host-cmake-2.8.10.2/Source/kwsys/CMakeFiles/CMakeTmp'
make -f CMakeFiles/cmTryCompileExec2617917349.dir/build.make CMakeFiles/cmTryCompileExec2617917349.dir/build
make[2]: Entering directory `/home/aav/specter/buildroot-2013.08/output/build/host-cmake-2.8.10.2/Source/kwsys/CMakeFiles/CMakeTmp'
/home/aav/specter/buildroot-2013.08/output/build/host-cmake-2.8.10.2/Bootstrap.cmk/cmake -E cmake_progress_report /home/aav/specter/buildroot-2013.08/output/build/host-cmake-2.8.10.2/Source/kwsys/CMakeFiles/CMakeTmp/CMakeFiles 1
Building CXX object CMakeFiles/cmTryCompileExec2617917349.dir/kwsysPlatformTestsCXX.cxx.o
/usr/bin/g++   -DTEST_KWSYS_CXX_HAS_ENVIRON_IN_STDLIB_H  -o CMakeFiles/cmTryCompileExec2617917349.dir/kwsysPlatformTestsCXX.cxx.o -c /home/aav/specter/buildroot-2013.08/output/build/host-cmake-2.8.10.2/Source/kwsys/kwsysPlatformTestsCXX.cxx
/home/aav/specter/buildroot-2013.08/output/build/host-cmake-2.8.10.2/Source/kwsys/kwsysPlatformTestsCXX.cxx: In function ‘int main()’:
/home/aav/specter/buildroot-2013.08/output/build/host-cmake-2.8.10.2/Source/kwsys/kwsysPlatformTestsCXX.cxx:426:13: error: ‘environ’ was not declared in this scope
   char* e = environ[0];
             ^
make[2]: *** [CMakeFiles/cmTryCompileExec2617917349.dir/kwsysPlatformTestsCXX.cxx.o] Error 1
make[2]: Leaving directory `/home/aav/specter/buildroot-2013.08/output/build/host-cmake-2.8.10.2/Source/kwsys/CMakeFiles/CMakeTmp'
make[1]: *** [cmTryCompileExec2617917349/fast] Error 2
make[1]: Leaving directory `/home/aav/specter/buildroot-2013.08/output/build/host-cmake-2.8.10.2/Source/kwsys/CMakeFiles/CMakeTmp'


Determining if the function connect exists in the socket;dl failed with the following output:
Change Dir: /home/aav/specter/buildroot-2013.08/output/build/host-cmake-2.8.10.2/CMakeFiles/CMakeTmp

Run Build Command:/usr/bin/make "cmTryCompileExec3036406535/fast"
make[1]: Entering directory `/home/aav/specter/buildroot-2013.08/output/build/host-cmake-2.8.10.2/CMakeFiles/CMakeTmp'
make -f CMakeFiles/cmTryCompileExec3036406535.dir/build.make CMakeFiles/cmTryCompileExec3036406535.dir/build
make[2]: Entering directory `/home/aav/specter/buildroot-2013.08/output/build/host-cmake-2.8.10.2/CMakeFiles/CMakeTmp'
/home/aav/specter/buildroot-2013.08/output/build/host-cmake-2.8.10.2/Bootstrap.cmk/cmake -E cmake_progress_report /home/aav/specter/buildroot-2013.08/output/build/host-cmake-2.8.10.2/CMakeFiles/CMakeTmp/CMakeFiles 1
Building C object CMakeFiles/cmTryCompileExec3036406535.dir/CheckFunctionExists.c.o
/usr/bin/gcc   -O2 -I/home/aav/specter/buildroot-2013.08/output/host/usr/include   -DCHECK_FUNCTION_EXISTS=connect   -o CMakeFiles/cmTryCompileExec3036406535.dir/CheckFunctionExists.c.o   -c /home/aav/specter/buildroot-2013.08/output/build/host-cmake-2.8.10.2/Modules/CheckFunctionExists.c
Linking C executable cmTryCompileExec3036406535
/home/aav/specter/buildroot-2013.08/output/build/host-cmake-2.8.10.2/Bootstrap.cmk/cmake -E cmake_link_script CMakeFiles/cmTryCompileExec3036406535.dir/link.txt --verbose=1
/usr/bin/gcc    -O2 -I/home/aav/specter/buildroot-2013.08/output/host/usr/include   -DCHECK_FUNCTION_EXISTS=connect   -L/home/aav/specter/buildroot-2013.08/output/host/lib -L/home/aav/specter/buildroot-2013.08/output/host/usr/lib -Wl,-rpath,/home/aav/specter/buildroot-2013.08/output/host/usr/lib CMakeFiles/cmTryCompileExec3036406535.dir/CheckFunctionExists.c.o  -o cmTryCompileExec3036406535 -rdynamic -lsocket -ldl 
/usr/bin/ld: cannot find -lsocket
collect2: error: ld returned 1 exit status
make[2]: *** [cmTryCompileExec3036406535] Error 1
make[2]: Leaving directory `/home/aav/specter/buildroot-2013.08/output/build/host-cmake-2.8.10.2/CMakeFiles/CMakeTmp'
make[1]: *** [cmTryCompileExec3036406535/fast] Error 2
make[1]: Leaving directory `/home/aav/specter/buildroot-2013.08/output/build/host-cmake-2.8.10.2/CMakeFiles/CMakeTmp'


Determining if the function recv exists in the network;dl failed with the following output:
Change Dir: /home/aav/specter/buildroot-2013.08/output/build/host-cmake-2.8.10.2/CMakeFiles/CMakeTmp

Run Build Command:/usr/bin/make "cmTryCompileExec2440464894/fast"
make[1]: Entering directory `/home/aav/specter/buildroot-2013.08/output/build/host-cmake-2.8.10.2/CMakeFiles/CMakeTmp'
make -f CMakeFiles/cmTryCompileExec2440464894.dir/build.make CMakeFiles/cmTryCompileExec2440464894.dir/build
make[2]: Entering directory `/home/aav/specter/buildroot-2013.08/output/build/host-cmake-2.8.10.2/CMakeFiles/CMakeTmp'
/home/aav/specter/buildroot-2013.08/output/build/host-cmake-2.8.10.2/Bootstrap.cmk/cmake -E cmake_progress_report /home/aav/specter/buildroot-2013.08/output/build/host-cmake-2.8.10.2/CMakeFiles/CMakeTmp/CMakeFiles 1
Building C object CMakeFiles/cmTryCompileExec2440464894.dir/CheckFunctionExists.c.o
/usr/bin/gcc   -O2 -I/home/aav/specter/buildroot-2013.08/output/host/usr/include   -DCHECK_FUNCTION_EXISTS=recv   -o CMakeFiles/cmTryCompileExec2440464894.dir/CheckFunctionExists.c.o   -c /home/aav/specter/buildroot-2013.08/output/build/host-cmake-2.8.10.2/Modules/CheckFunctionExists.c
Linking C executable cmTryCompileExec2440464894
/home/aav/specter/buildroot-2013.08/output/build/host-cmake-2.8.10.2/Bootstrap.cmk/cmake -E cmake_link_script CMakeFiles/cmTryCompileExec2440464894.dir/link.txt --verbose=1
/usr/bin/gcc    -O2 -I/home/aav/specter/buildroot-2013.08/output/host/usr/include   -DCHECK_FUNCTION_EXISTS=recv   -L/home/aav/specter/buildroot-2013.08/output/host/lib -L/home/aav/specter/buildroot-2013.08/output/host/usr/lib -Wl,-rpath,/home/aav/specter/buildroot-2013.08/output/host/usr/lib CMakeFiles/cmTryCompileExec2440464894.dir/CheckFunctionExists.c.o  -o cmTryCompileExec2440464894 -rdynamic -lnetwork -ldl 
/usr/bin/ld: cannot find -lnetwork
collect2: error: ld returned 1 exit status
make[2]: *** [cmTryCompileExec2440464894] Error 1
make[2]: Leaving directory `/home/aav/specter/buildroot-2013.08/output/build/host-cmake-2.8.10.2/CMakeFiles/CMakeTmp'
make[1]: *** [cmTryCompileExec2440464894/fast] Error 2
make[1]: Leaving directory `/home/aav/specter/buildroot-2013.08/output/build/host-cmake-2.8.10.2/CMakeFiles/CMakeTmp'


Determining if the function getch exists in the ws2_32;dl failed with the following output:
Change Dir: /home/aav/specter/buildroot-2013.08/output/build/host-cmake-2.8.10.2/CMakeFiles/CMakeTmp

Run Build Command:/usr/bin/make "cmTryCompileExec3605442995/fast"
make[1]: Entering directory `/home/aav/specter/buildroot-2013.08/output/build/host-cmake-2.8.10.2/CMakeFiles/CMakeTmp'
make -f CMakeFiles/cmTryCompileExec3605442995.dir/build.make CMakeFiles/cmTryCompileExec3605442995.dir/build
make[2]: Entering directory `/home/aav/specter/buildroot-2013.08/output/build/host-cmake-2.8.10.2/CMakeFiles/CMakeTmp'
/home/aav/specter/buildroot-2013.08/output/build/host-cmake-2.8.10.2/Bootstrap.cmk/cmake -E cmake_progress_report /home/aav/specter/buildroot-2013.08/output/build/host-cmake-2.8.10.2/CMakeFiles/CMakeTmp/CMakeFiles 1
Building C object CMakeFiles/cmTryCompileExec3605442995.dir/CheckFunctionExists.c.o
/usr/bin/gcc   -O2 -I/home/aav/specter/buildroot-2013.08/output/host/usr/include   -DCHECK_FUNCTION_EXISTS=getch   -o CMakeFiles/cmTryCompileExec3605442995.dir/CheckFunctionExists.c.o   -c /home/aav/specter/buildroot-2013.08/output/build/host-cmake-2.8.10.2/Modules/CheckFunctionExists.c
Linking C executable cmTryCompileExec3605442995
/home/aav/specter/buildroot-2013.08/output/build/host-cmake-2.8.10.2/Bootstrap.cmk/cmake -E cmake_link_script CMakeFiles/cmTryCompileExec3605442995.dir/link.txt --verbose=1
/usr/bin/gcc    -O2 -I/home/aav/specter/buildroot-2013.08/output/host/usr/include   -DCHECK_FUNCTION_EXISTS=getch   -L/home/aav/specter/buildroot-2013.08/output/host/lib -L/home/aav/specter/buildroot-2013.08/output/host/usr/lib -Wl,-rpath,/home/aav/specter/buildroot-2013.08/output/host/usr/lib CMakeFiles/cmTryCompileExec3605442995.dir/CheckFunctionExists.c.o  -o cmTryCompileExec3605442995 -rdynamic -lws2_32 -ldl 
/usr/bin/ld: cannot find -lws2_32
collect2: error: ld returned 1 exit status
make[2]: *** [cmTryCompileExec3605442995] Error 1
make[2]: Leaving directory `/home/aav/specter/buildroot-2013.08/output/build/host-cmake-2.8.10.2/CMakeFiles/CMakeTmp'
make[1]: *** [cmTryCompileExec3605442995/fast] Error 2
make[1]: Leaving directory `/home/aav/specter/buildroot-2013.08/output/build/host-cmake-2.8.10.2/CMakeFiles/CMakeTmp'


Determining if the function getch exists in the winmm;dl failed with the following output:
Change Dir: /home/aav/specter/buildroot-2013.08/output/build/host-cmake-2.8.10.2/CMakeFiles/CMakeTmp

Run Build Command:/usr/bin/make "cmTryCompileExec1601488869/fast"
make[1]: Entering directory `/home/aav/specter/buildroot-2013.08/output/build/host-cmake-2.8.10.2/CMakeFiles/CMakeTmp'
make -f CMakeFiles/cmTryCompileExec1601488869.dir/build.make CMakeFiles/cmTryCompileExec1601488869.dir/build
make[2]: Entering directory `/home/aav/specter/buildroot-2013.08/output/build/host-cmake-2.8.10.2/CMakeFiles/CMakeTmp'
/home/aav/specter/buildroot-2013.08/output/build/host-cmake-2.8.10.2/Bootstrap.cmk/cmake -E cmake_progress_report /home/aav/specter/buildroot-2013.08/output/build/host-cmake-2.8.10.2/CMakeFiles/CMakeTmp/CMakeFiles 1
Building C object CMakeFiles/cmTryCompileExec1601488869.dir/CheckFunctionExists.c.o
/usr/bin/gcc   -O2 -I/home/aav/specter/buildroot-2013.08/output/host/usr/include   -DCHECK_FUNCTION_EXISTS=getch   -o CMakeFiles/cmTryCompileExec1601488869.dir/CheckFunctionExists.c.o   -c /home/aav/specter/buildroot-2013.08/output/build/host-cmake-2.8.10.2/Modules/CheckFunctionExists.c
Linking C executable cmTryCompileExec1601488869
/home/aav/specter/buildroot-2013.08/output/build/host-cmake-2.8.10.2/Bootstrap.cmk/cmake -E cmake_link_script CMakeFiles/cmTryCompileExec1601488869.dir/link.txt --verbose=1
/usr/bin/gcc    -O2 -I/home/aav/specter/buildroot-2013.08/output/host/usr/include   -DCHECK_FUNCTION_EXISTS=getch   -L/home/aav/specter/buildroot-2013.08/output/host/lib -L/home/aav/specter/buildroot-2013.08/output/host/usr/lib -Wl,-rpath,/home/aav/specter/buildroot-2013.08/output/host/usr/lib CMakeFiles/cmTryCompileExec1601488869.dir/CheckFunctionExists.c.o  -o cmTryCompileExec1601488869 -rdynamic -lwinmm -ldl 
/usr/bin/ld: cannot find -lwinmm
collect2: error: ld returned 1 exit status
make[2]: *** [cmTryCompileExec1601488869] Error 1
make[2]: Leaving directory `/home/aav/specter/buildroot-2013.08/output/build/host-cmake-2.8.10.2/CMakeFiles/CMakeTmp'
make[1]: *** [cmTryCompileExec1601488869/fast] Error 2
make[1]: Leaving directory `/home/aav/specter/buildroot-2013.08/output/build/host-cmake-2.8.10.2/CMakeFiles/CMakeTmp'


Determining if the function idna_to_ascii_lz exists in the idn;dl failed with the following output:
Change Dir: /home/aav/specter/buildroot-2013.08/output/build/host-cmake-2.8.10.2/CMakeFiles/CMakeTmp

Run Build Command:/usr/bin/make "cmTryCompileExec3316050720/fast"
make[1]: Entering directory `/home/aav/specter/buildroot-2013.08/output/build/host-cmake-2.8.10.2/CMakeFiles/CMakeTmp'
make -f CMakeFiles/cmTryCompileExec3316050720.dir/build.make CMakeFiles/cmTryCompileExec3316050720.dir/build
make[2]: Entering directory `/home/aav/specter/buildroot-2013.08/output/build/host-cmake-2.8.10.2/CMakeFiles/CMakeTmp'
/home/aav/specter/buildroot-2013.08/output/build/host-cmake-2.8.10.2/Bootstrap.cmk/cmake -E cmake_progress_report /home/aav/specter/buildroot-2013.08/output/build/host-cmake-2.8.10.2/CMakeFiles/CMakeTmp/CMakeFiles 1
Building C object CMakeFiles/cmTryCompileExec3316050720.dir/CheckFunctionExists.c.o
/usr/bin/gcc   -O2 -I/home/aav/specter/buildroot-2013.08/output/host/usr/include   -DCHECK_FUNCTION_EXISTS=idna_to_ascii_lz   -o CMakeFiles/cmTryCompileExec3316050720.dir/CheckFunctionExists.c.o   -c /home/aav/specter/buildroot-2013.08/output/build/host-cmake-2.8.10.2/Modules/CheckFunctionExists.c
Linking C executable cmTryCompileExec3316050720
/home/aav/specter/buildroot-2013.08/output/build/host-cmake-2.8.10.2/Bootstrap.cmk/cmake -E cmake_link_script CMakeFiles/cmTryCompileExec3316050720.dir/link.txt --verbose=1
/usr/bin/gcc    -O2 -I/home/aav/specter/buildroot-2013.08/output/host/usr/include   -DCHECK_FUNCTION_EXISTS=idna_to_ascii_lz   -L/home/aav/specter/buildroot-2013.08/output/host/lib -L/home/aav/specter/buildroot-2013.08/output/host/usr/lib -Wl,-rpath,/home/aav/specter/buildroot-2013.08/output/host/usr/lib CMakeFiles/cmTryCompileExec3316050720.dir/CheckFunctionExists.c.o  -o cmTryCompileExec3316050720 -rdynamic -lidn -ldl 
/usr/bin/ld: cannot find -lidn
collect2: error: ld returned 1 exit status
make[2]: *** [cmTryCompileExec3316050720] Error 1
make[2]: Leaving directory `/home/aav/specter/buildroot-2013.08/output/build/host-cmake-2.8.10.2/CMakeFiles/CMakeTmp'
make[1]: *** [cmTryCompileExec3316050720/fast] Error 2
make[1]: Leaving directory `/home/aav/specter/buildroot-2013.08/output/build/host-cmake-2.8.10.2/CMakeFiles/CMakeTmp'


Determining if the include file process.h exists failed with the following output:
Change Dir: /home/aav/specter/buildroot-2013.08/output/build/host-cmake-2.8.10.2/CMakeFiles/CMakeTmp

Run Build Command:/usr/bin/make "cmTryCompileExec2498089848/fast"
make[1]: Entering directory `/home/aav/specter/buildroot-2013.08/output/build/host-cmake-2.8.10.2/CMakeFiles/CMakeTmp'
make -f CMakeFiles/cmTryCompileExec2498089848.dir/build.make CMakeFiles/cmTryCompileExec2498089848.dir/build
make[2]: Entering directory `/home/aav/specter/buildroot-2013.08/output/build/host-cmake-2.8.10.2/CMakeFiles/CMakeTmp'
/home/aav/specter/buildroot-2013.08/output/build/host-cmake-2.8.10.2/Bootstrap.cmk/cmake -E cmake_progress_report /home/aav/specter/buildroot-2013.08/output/build/host-cmake-2.8.10.2/CMakeFiles/CMakeTmp/CMakeFiles 1
Building C object CMakeFiles/cmTryCompileExec2498089848.dir/CheckIncludeFile.c.o
/usr/bin/gcc   -O2 -I/home/aav/specter/buildroot-2013.08/output/host/usr/include      -o CMakeFiles/cmTryCompileExec2498089848.dir/CheckIncludeFile.c.o   -c /home/aav/specter/buildroot-2013.08/output/build/host-cmake-2.8.10.2/CMakeFiles/CMakeTmp/CheckIncludeFile.c
/home/aav/specter/buildroot-2013.08/output/build/host-cmake-2.8.10.2/CMakeFiles/CMakeTmp/CheckIncludeFile.c:1:21: fatal error: process.h: No such file or directory
 #include <process.h>
                     ^
compilation terminated.
make[2]: *** [CMakeFiles/cmTryCompileExec2498089848.dir/CheckIncludeFile.c.o] Error 1
make[2]: Leaving directory `/home/aav/specter/buildroot-2013.08/output/build/host-cmake-2.8.10.2/CMakeFiles/CMakeTmp'
make[1]: *** [cmTryCompileExec2498089848/fast] Error 2
make[1]: Leaving directory `/home/aav/specter/buildroot-2013.08/output/build/host-cmake-2.8.10.2/CMakeFiles/CMakeTmp'


Determining if files stdio.h;stddef.h;sys/types.h;inttypes.h;alloca.h;arpa/inet.h;dlfcn.h;fcntl.h;malloc.h;memory.h;netdb.h;sys/poll.h;assert.h;limits.h;sys/socket.h;netinet/in.h;net/if.h;netinet/if_ether.h;netinet/tcp.h;sys/select.h;utime.h;netinet/in.h;pwd.h;sgtty.h;stdint.h;stdlib.h;string.h;strings.h;sys/param.h;sys/stat.h;sys/time.h;sys/resource.h;termios.h;termio.h;io.h exist failed with the following output:
Change Dir: /home/aav/specter/buildroot-2013.08/output/build/host-cmake-2.8.10.2/CMakeFiles/CMakeTmp

Run Build Command:/usr/bin/make "cmTryCompileExec2512225926/fast"
make[1]: Entering directory `/home/aav/specter/buildroot-2013.08/output/build/host-cmake-2.8.10.2/CMakeFiles/CMakeTmp'
make -f CMakeFiles/cmTryCompileExec2512225926.dir/build.make CMakeFiles/cmTryCompileExec2512225926.dir/build
make[2]: Entering directory `/home/aav/specter/buildroot-2013.08/output/build/host-cmake-2.8.10.2/CMakeFiles/CMakeTmp'
/home/aav/specter/buildroot-2013.08/output/build/host-cmake-2.8.10.2/Bootstrap.cmk/cmake -E cmake_progress_report /home/aav/specter/buildroot-2013.08/output/build/host-cmake-2.8.10.2/CMakeFiles/CMakeTmp/CMakeFiles 1
Building C object CMakeFiles/cmTryCompileExec2512225926.dir/CheckIncludeFiles.c.o
/usr/bin/gcc   -O2 -I/home/aav/specter/buildroot-2013.08/output/host/usr/include      -o CMakeFiles/cmTryCompileExec2512225926.dir/CheckIncludeFiles.c.o   -c /home/aav/specter/buildroot-2013.08/output/build/host-cmake-2.8.10.2/CMakeFiles/CMakeTmp/CheckIncludeFiles.c
/home/aav/specter/buildroot-2013.08/output/build/host-cmake-2.8.10.2/CMakeFiles/CMakeTmp/CheckIncludeFiles.c:36:16: fatal error: io.h: No such file or directory
 #include <io.h>
                ^
compilation terminated.
make[2]: *** [CMakeFiles/cmTryCompileExec2512225926.dir/CheckIncludeFiles.c.o] Error 1
make[2]: Leaving directory `/home/aav/specter/buildroot-2013.08/output/build/host-cmake-2.8.10.2/CMakeFiles/CMakeTmp'
make[1]: *** [cmTryCompileExec2512225926/fast] Error 2
make[1]: Leaving directory `/home/aav/specter/buildroot-2013.08/output/build/host-cmake-2.8.10.2/CMakeFiles/CMakeTmp'

Source:
/* */
#include <stdio.h>
#include <stddef.h>
#include <sys/types.h>
#include <inttypes.h>
#include <alloca.h>
#include <arpa/inet.h>
#include <dlfcn.h>
#include <fcntl.h>
#include <malloc.h>
#include <memory.h>
#include <netdb.h>
#include <sys/poll.h>
#include <assert.h>
#include <limits.h>
#include <sys/socket.h>
#include <netinet/in.h>
#include <net/if.h>
#include <netinet/if_ether.h>
#include <netinet/tcp.h>
#include <sys/select.h>
#include <utime.h>
#include <netinet/in.h>
#include <pwd.h>
#include <sgtty.h>
#include <stdint.h>
#include <stdlib.h>
#include <string.h>
#include <strings.h>
#include <sys/param.h>
#include <sys/stat.h>
#include <sys/time.h>
#include <sys/resource.h>
#include <termios.h>
#include <termio.h>
#include <io.h>


int main(){return 0;}

Determining if files stdio.h;stddef.h;sys/types.h;inttypes.h;alloca.h;arpa/inet.h;dlfcn.h;fcntl.h;malloc.h;memory.h;netdb.h;sys/poll.h;assert.h;limits.h;sys/socket.h;netinet/in.h;net/if.h;netinet/if_ether.h;netinet/tcp.h;sys/select.h;utime.h;netinet/in.h;pwd.h;sgtty.h;stdint.h;stdlib.h;string.h;strings.h;sys/param.h;sys/stat.h;sys/time.h;sys/resource.h;termios.h;termio.h;time.h;unistd.h;sys/utime.h exist failed with the following output:
Change Dir: /home/aav/specter/buildroot-2013.08/output/build/host-cmake-2.8.10.2/CMakeFiles/CMakeTmp

Run Build Command:/usr/bin/make "cmTryCompileExec1715162535/fast"
make[1]: Entering directory `/home/aav/specter/buildroot-2013.08/output/build/host-cmake-2.8.10.2/CMakeFiles/CMakeTmp'
make -f CMakeFiles/cmTryCompileExec1715162535.dir/build.make CMakeFiles/cmTryCompileExec1715162535.dir/build
make[2]: Entering directory `/home/aav/specter/buildroot-2013.08/output/build/host-cmake-2.8.10.2/CMakeFiles/CMakeTmp'
/home/aav/specter/buildroot-2013.08/output/build/host-cmake-2.8.10.2/Bootstrap.cmk/cmake -E cmake_progress_report /home/aav/specter/buildroot-2013.08/output/build/host-cmake-2.8.10.2/CMakeFiles/CMakeTmp/CMakeFiles 1
Building C object CMakeFiles/cmTryCompileExec1715162535.dir/CheckIncludeFiles.c.o
/usr/bin/gcc   -O2 -I/home/aav/specter/buildroot-2013.08/output/host/usr/include      -o CMakeFiles/cmTryCompileExec1715162535.dir/CheckIncludeFiles.c.o   -c /home/aav/specter/buildroot-2013.08/output/build/host-cmake-2.8.10.2/CMakeFiles/CMakeTmp/CheckIncludeFiles.c
/home/aav/specter/buildroot-2013.08/output/build/host-cmake-2.8.10.2/CMakeFiles/CMakeTmp/CheckIncludeFiles.c:38:23: fatal error: sys/utime.h: No such file or directory
 #include <sys/utime.h>
                       ^
compilation terminated.
make[2]: *** [CMakeFiles/cmTryCompileExec1715162535.dir/CheckIncludeFiles.c.o] Error 1
make[2]: Leaving directory `/home/aav/specter/buildroot-2013.08/output/build/host-cmake-2.8.10.2/CMakeFiles/CMakeTmp'
make[1]: *** [cmTryCompileExec1715162535/fast] Error 2
make[1]: Leaving directory `/home/aav/specter/buildroot-2013.08/output/build/host-cmake-2.8.10.2/CMakeFiles/CMakeTmp'

Source:
/* */
#include <stdio.h>
#include <stddef.h>
#include <sys/types.h>
#include <inttypes.h>
#include <alloca.h>
#include <arpa/inet.h>
#include <dlfcn.h>
#include <fcntl.h>
#include <malloc.h>
#include <memory.h>
#include <netdb.h>
#include <sys/poll.h>
#include <assert.h>
#include <limits.h>
#include <sys/socket.h>
#include <netinet/in.h>
#include <net/if.h>
#include <netinet/if_ether.h>
#include <netinet/tcp.h>
#include <sys/select.h>
#include <utime.h>
#include <netinet/in.h>
#include <pwd.h>
#include <sgtty.h>
#include <stdint.h>
#include <stdlib.h>
#include <string.h>
#include <strings.h>
#include <sys/param.h>
#include <sys/stat.h>
#include <sys/time.h>
#include <sys/resource.h>
#include <termios.h>
#include <termio.h>
#include <time.h>
#include <unistd.h>
#include <sys/utime.h>


int main(){return 0;}

Determining if files stdio.h;stddef.h;sys/types.h;inttypes.h;alloca.h;arpa/inet.h;dlfcn.h;fcntl.h;malloc.h;memory.h;netdb.h;sys/poll.h;assert.h;limits.h;sys/socket.h;netinet/in.h;net/if.h;netinet/if_ether.h;netinet/tcp.h;sys/select.h;utime.h;netinet/in.h;pwd.h;sgtty.h;stdint.h;stdlib.h;string.h;strings.h;sys/param.h;sys/stat.h;sys/time.h;sys/resource.h;termios.h;termio.h;time.h;unistd.h;sockio.h exist failed with the following output:
Change Dir: /home/aav/specter/buildroot-2013.08/output/build/host-cmake-2.8.10.2/CMakeFiles/CMakeTmp

Run Build Command:/usr/bin/make "cmTryCompileExec201553551/fast"
make[1]: Entering directory `/home/aav/specter/buildroot-2013.08/output/build/host-cmake-2.8.10.2/CMakeFiles/CMakeTmp'
make -f CMakeFiles/cmTryCompileExec201553551.dir/build.make CMakeFiles/cmTryCompileExec201553551.dir/build
make[2]: Entering directory `/home/aav/specter/buildroot-2013.08/output/build/host-cmake-2.8.10.2/CMakeFiles/CMakeTmp'
/home/aav/specter/buildroot-2013.08/output/build/host-cmake-2.8.10.2/Bootstrap.cmk/cmake -E cmake_progress_report /home/aav/specter/buildroot-2013.08/output/build/host-cmake-2.8.10.2/CMakeFiles/CMakeTmp/CMakeFiles 1
Building C object CMakeFiles/cmTryCompileExec201553551.dir/CheckIncludeFiles.c.o
/usr/bin/gcc   -O2 -I/home/aav/specter/buildroot-2013.08/output/host/usr/include      -o CMakeFiles/cmTryCompileExec201553551.dir/CheckIncludeFiles.c.o   -c /home/aav/specter/buildroot-2013.08/output/build/host-cmake-2.8.10.2/CMakeFiles/CMakeTmp/CheckIncludeFiles.c
/home/aav/specter/buildroot-2013.08/output/build/host-cmake-2.8.10.2/CMakeFiles/CMakeTmp/CheckIncludeFiles.c:38:20: fatal error: sockio.h: No such file or directory
 #include <sockio.h>
                    ^
compilation terminated.
make[2]: *** [CMakeFiles/cmTryCompileExec201553551.dir/CheckIncludeFiles.c.o] Error 1
make[2]: Leaving directory `/home/aav/specter/buildroot-2013.08/output/build/host-cmake-2.8.10.2/CMakeFiles/CMakeTmp'
make[1]: *** [cmTryCompileExec201553551/fast] Error 2
make[1]: Leaving directory `/home/aav/specter/buildroot-2013.08/output/build/host-cmake-2.8.10.2/CMakeFiles/CMakeTmp'

Source:
/* */
#include <stdio.h>
#include <stddef.h>
#include <sys/types.h>
#include <inttypes.h>
#include <alloca.h>
#include <arpa/inet.h>
#include <dlfcn.h>
#include <fcntl.h>
#include <malloc.h>
#include <memory.h>
#include <netdb.h>
#include <sys/poll.h>
#include <assert.h>
#include <limits.h>
#include <sys/socket.h>
#include <netinet/in.h>
#include <net/if.h>
#include <netinet/if_ether.h>
#include <netinet/tcp.h>
#include <sys/select.h>
#include <utime.h>
#include <netinet/in.h>
#include <pwd.h>
#include <sgtty.h>
#include <stdint.h>
#include <stdlib.h>
#include <string.h>
#include <strings.h>
#include <sys/param.h>
#include <sys/stat.h>
#include <sys/time.h>
#include <sys/resource.h>
#include <termios.h>
#include <termio.h>
#include <time.h>
#include <unistd.h>
#include <sockio.h>


int main(){return 0;}

Determining if files stdio.h;stddef.h;sys/types.h;inttypes.h;alloca.h;arpa/inet.h;dlfcn.h;fcntl.h;malloc.h;memory.h;netdb.h;sys/poll.h;assert.h;limits.h;sys/socket.h;netinet/in.h;net/if.h;netinet/if_ether.h;netinet/tcp.h;sys/select.h;utime.h;netinet/in.h;pwd.h;sgtty.h;stdint.h;stdlib.h;string.h;strings.h;sys/param.h;sys/stat.h;sys/time.h;sys/resource.h;termios.h;termio.h;time.h;unistd.h;sys/sockio.h exist failed with the following output:
Change Dir: /home/aav/specter/buildroot-2013.08/output/build/host-cmake-2.8.10.2/CMakeFiles/CMakeTmp

Run Build Command:/usr/bin/make "cmTryCompileExec1892266560/fast"
make[1]: Entering directory `/home/aav/specter/buildroot-2013.08/output/build/host-cmake-2.8.10.2/CMakeFiles/CMakeTmp'
make -f CMakeFiles/cmTryCompileExec1892266560.dir/build.make CMakeFiles/cmTryCompileExec1892266560.dir/build
make[2]: Entering directory `/home/aav/specter/buildroot-2013.08/output/build/host-cmake-2.8.10.2/CMakeFiles/CMakeTmp'
/home/aav/specter/buildroot-2013.08/output/build/host-cmake-2.8.10.2/Bootstrap.cmk/cmake -E cmake_progress_report /home/aav/specter/buildroot-2013.08/output/build/host-cmake-2.8.10.2/CMakeFiles/CMakeTmp/CMakeFiles 1
Building C object CMakeFiles/cmTryCompileExec1892266560.dir/CheckIncludeFiles.c.o
/usr/bin/gcc   -O2 -I/home/aav/specter/buildroot-2013.08/output/host/usr/include      -o CMakeFiles/cmTryCompileExec1892266560.dir/CheckIncludeFiles.c.o   -c /home/aav/specter/buildroot-2013.08/output/build/host-cmake-2.8.10.2/CMakeFiles/CMakeTmp/CheckIncludeFiles.c
/home/aav/specter/buildroot-2013.08/output/build/host-cmake-2.8.10.2/CMakeFiles/CMakeTmp/CheckIncludeFiles.c:38:24: fatal error: sys/sockio.h: No such file or directory
 #include <sys/sockio.h>
                        ^
compilation terminated.
make[2]: *** [CMakeFiles/cmTryCompileExec1892266560.dir/CheckIncludeFiles.c.o] Error 1
make[2]: Leaving directory `/home/aav/specter/buildroot-2013.08/output/build/host-cmake-2.8.10.2/CMakeFiles/CMakeTmp'
make[1]: *** [cmTryCompileExec1892266560/fast] Error 2
make[1]: Leaving directory `/home/aav/specter/buildroot-2013.08/output/build/host-cmake-2.8.10.2/CMakeFiles/CMakeTmp'

Source:
/* */
#include <stdio.h>
#include <stddef.h>
#include <sys/types.h>
#include <inttypes.h>
#include <alloca.h>
#include <arpa/inet.h>
#include <dlfcn.h>
#include <fcntl.h>
#include <malloc.h>
#include <memory.h>
#include <netdb.h>
#include <sys/poll.h>
#include <assert.h>
#include <limits.h>
#include <sys/socket.h>
#include <netinet/in.h>
#include <net/if.h>
#include <netinet/if_ether.h>
#include <netinet/tcp.h>
#include <sys/select.h>
#include <utime.h>
#include <netinet/in.h>
#include <pwd.h>
#include <sgtty.h>
#include <stdint.h>
#include <stdlib.h>
#include <string.h>
#include <strings.h>
#include <sys/param.h>
#include <sys/stat.h>
#include <sys/time.h>
#include <sys/resource.h>
#include <termios.h>
#include <termio.h>
#include <time.h>
#include <unistd.h>
#include <sys/sockio.h>


int main(){return 0;}

Determining if files stdio.h;stddef.h;sys/types.h;inttypes.h;alloca.h;arpa/inet.h;dlfcn.h;fcntl.h;malloc.h;memory.h;netdb.h;sys/poll.h;assert.h;limits.h;sys/socket.h;netinet/in.h;net/if.h;netinet/if_ether.h;netinet/tcp.h;sys/select.h;utime.h;netinet/in.h;pwd.h;sgtty.h;stdint.h;stdlib.h;string.h;strings.h;sys/param.h;sys/stat.h;sys/time.h;sys/resource.h;termios.h;termio.h;time.h;unistd.h;x509.h exist failed with the following output:
Change Dir: /home/aav/specter/buildroot-2013.08/output/build/host-cmake-2.8.10.2/CMakeFiles/CMakeTmp

Run Build Command:/usr/bin/make "cmTryCompileExec2078233815/fast"
make[1]: Entering directory `/home/aav/specter/buildroot-2013.08/output/build/host-cmake-2.8.10.2/CMakeFiles/CMakeTmp'
make -f CMakeFiles/cmTryCompileExec2078233815.dir/build.make CMakeFiles/cmTryCompileExec2078233815.dir/build
make[2]: Entering directory `/home/aav/specter/buildroot-2013.08/output/build/host-cmake-2.8.10.2/CMakeFiles/CMakeTmp'
/home/aav/specter/buildroot-2013.08/output/build/host-cmake-2.8.10.2/Bootstrap.cmk/cmake -E cmake_progress_report /home/aav/specter/buildroot-2013.08/output/build/host-cmake-2.8.10.2/CMakeFiles/CMakeTmp/CMakeFiles 1
Building C object CMakeFiles/cmTryCompileExec2078233815.dir/CheckIncludeFiles.c.o
/usr/bin/gcc   -O2 -I/home/aav/specter/buildroot-2013.08/output/host/usr/include      -o CMakeFiles/cmTryCompileExec2078233815.dir/CheckIncludeFiles.c.o   -c /home/aav/specter/buildroot-2013.08/output/build/host-cmake-2.8.10.2/CMakeFiles/CMakeTmp/CheckIncludeFiles.c
/home/aav/specter/buildroot-2013.08/output/build/host-cmake-2.8.10.2/CMakeFiles/CMakeTmp/CheckIncludeFiles.c:38:18: fatal error: x509.h: No such file or directory
 #include <x509.h>
                  ^
compilation terminated.
make[2]: *** [CMakeFiles/cmTryCompileExec2078233815.dir/CheckIncludeFiles.c.o] Error 1
make[2]: Leaving directory `/home/aav/specter/buildroot-2013.08/output/build/host-cmake-2.8.10.2/CMakeFiles/CMakeTmp'
make[1]: *** [cmTryCompileExec2078233815/fast] Error 2
make[1]: Leaving directory `/home/aav/specter/buildroot-2013.08/output/build/host-cmake-2.8.10.2/CMakeFiles/CMakeTmp'

Source:
/* */
#include <stdio.h>
#include <stddef.h>
#include <sys/types.h>
#include <inttypes.h>
#include <alloca.h>
#include <arpa/inet.h>
#include <dlfcn.h>
#include <fcntl.h>
#include <malloc.h>
#include <memory.h>
#include <netdb.h>
#include <sys/poll.h>
#include <assert.h>
#include <limits.h>
#include <sys/socket.h>
#include <netinet/in.h>
#include <net/if.h>
#include <netinet/if_ether.h>
#include <netinet/tcp.h>
#include <sys/select.h>
#include <utime.h>
#include <netinet/in.h>
#include <pwd.h>
#include <sgtty.h>
#include <stdint.h>
#include <stdlib.h>
#include <string.h>
#include <strings.h>
#include <sys/param.h>
#include <sys/stat.h>
#include <sys/time.h>
#include <sys/resource.h>
#include <termios.h>
#include <termio.h>
#include <time.h>
#include <unistd.h>
#include <x509.h>


int main(){return 0;}

Determining if files stdio.h;stddef.h;sys/types.h;inttypes.h;alloca.h;arpa/inet.h;dlfcn.h;fcntl.h;malloc.h;memory.h;netdb.h;sys/poll.h;assert.h;limits.h;sys/socket.h;netinet/in.h;net/if.h;netinet/if_ether.h;netinet/tcp.h;sys/select.h;utime.h;netinet/in.h;pwd.h;sgtty.h;stdint.h;stdlib.h;string.h;strings.h;sys/param.h;sys/stat.h;sys/time.h;sys/resource.h;termios.h;termio.h;time.h;unistd.h;locale.h;setjmp.h;signal.h;sys/ioctl.h;sys/utsname.h;idn-free.h exist failed with the following output:
Change Dir: /home/aav/specter/buildroot-2013.08/output/build/host-cmake-2.8.10.2/CMakeFiles/CMakeTmp

Run Build Command:/usr/bin/make "cmTryCompileExec2438258551/fast"
make[1]: Entering directory `/home/aav/specter/buildroot-2013.08/output/build/host-cmake-2.8.10.2/CMakeFiles/CMakeTmp'
make -f CMakeFiles/cmTryCompileExec2438258551.dir/build.make CMakeFiles/cmTryCompileExec2438258551.dir/build
make[2]: Entering directory `/home/aav/specter/buildroot-2013.08/output/build/host-cmake-2.8.10.2/CMakeFiles/CMakeTmp'
/home/aav/specter/buildroot-2013.08/output/build/host-cmake-2.8.10.2/Bootstrap.cmk/cmake -E cmake_progress_report /home/aav/specter/buildroot-2013.08/output/build/host-cmake-2.8.10.2/CMakeFiles/CMakeTmp/CMakeFiles 1
Building C object CMakeFiles/cmTryCompileExec2438258551.dir/CheckIncludeFiles.c.o
/usr/bin/gcc   -O2 -I/home/aav/specter/buildroot-2013.08/output/host/usr/include      -o CMakeFiles/cmTryCompileExec2438258551.dir/CheckIncludeFiles.c.o   -c /home/aav/specter/buildroot-2013.08/output/build/host-cmake-2.8.10.2/CMakeFiles/CMakeTmp/CheckIncludeFiles.c
/home/aav/specter/buildroot-2013.08/output/build/host-cmake-2.8.10.2/CMakeFiles/CMakeTmp/CheckIncludeFiles.c:43:22: fatal error: idn-free.h: No such file or directory
 #include <idn-free.h>
                      ^
compilation terminated.
make[2]: *** [CMakeFiles/cmTryCompileExec2438258551.dir/CheckIncludeFiles.c.o] Error 1
make[2]: Leaving directory `/home/aav/specter/buildroot-2013.08/output/build/host-cmake-2.8.10.2/CMakeFiles/CMakeTmp'
make[1]: *** [cmTryCompileExec2438258551/fast] Error 2
make[1]: Leaving directory `/home/aav/specter/buildroot-2013.08/output/build/host-cmake-2.8.10.2/CMakeFiles/CMakeTmp'

Source:
/* */
#include <stdio.h>
#include <stddef.h>
#include <sys/types.h>
#include <inttypes.h>
#include <alloca.h>
#include <arpa/inet.h>
#include <dlfcn.h>
#include <fcntl.h>
#include <malloc.h>
#include <memory.h>
#include <netdb.h>
#include <sys/poll.h>
#include <assert.h>
#include <limits.h>
#include <sys/socket.h>
#include <netinet/in.h>
#include <net/if.h>
#include <netinet/if_ether.h>
#include <netinet/tcp.h>
#include <sys/select.h>
#include <utime.h>
#include <netinet/in.h>
#include <pwd.h>
#include <sgtty.h>
#include <stdint.h>
#include <stdlib.h>
#include <string.h>
#include <strings.h>
#include <sys/param.h>
#include <sys/stat.h>
#include <sys/time.h>
#include <sys/resource.h>
#include <termios.h>
#include <termio.h>
#include <time.h>
#include <unistd.h>
#include <locale.h>
#include <setjmp.h>
#include <signal.h>
#include <sys/ioctl.h>
#include <sys/utsname.h>
#include <idn-free.h>


int main(){return 0;}

Determining if files stdio.h;stddef.h;sys/types.h;inttypes.h;alloca.h;arpa/inet.h;dlfcn.h;fcntl.h;malloc.h;memory.h;netdb.h;sys/poll.h;assert.h;limits.h;sys/socket.h;netinet/in.h;net/if.h;netinet/if_ether.h;netinet/tcp.h;sys/select.h;utime.h;netinet/in.h;pwd.h;sgtty.h;stdint.h;stdlib.h;string.h;strings.h;sys/param.h;sys/stat.h;sys/time.h;sys/resource.h;termios.h;termio.h;time.h;unistd.h;locale.h;setjmp.h;signal.h;sys/ioctl.h;sys/utsname.h;idna.h exist failed with the following output:
Change Dir: /home/aav/specter/buildroot-2013.08/output/build/host-cmake-2.8.10.2/CMakeFiles/CMakeTmp

Run Build Command:/usr/bin/make "cmTryCompileExec443444994/fast"
make[1]: Entering directory `/home/aav/specter/buildroot-2013.08/output/build/host-cmake-2.8.10.2/CMakeFiles/CMakeTmp'
make -f CMakeFiles/cmTryCompileExec443444994.dir/build.make CMakeFiles/cmTryCompileExec443444994.dir/build
make[2]: Entering directory `/home/aav/specter/buildroot-2013.08/output/build/host-cmake-2.8.10.2/CMakeFiles/CMakeTmp'
/home/aav/specter/buildroot-2013.08/output/build/host-cmake-2.8.10.2/Bootstrap.cmk/cmake -E cmake_progress_report /home/aav/specter/buildroot-2013.08/output/build/host-cmake-2.8.10.2/CMakeFiles/CMakeTmp/CMakeFiles 1
Building C object CMakeFiles/cmTryCompileExec443444994.dir/CheckIncludeFiles.c.o
/usr/bin/gcc   -O2 -I/home/aav/specter/buildroot-2013.08/output/host/usr/include      -o CMakeFiles/cmTryCompileExec443444994.dir/CheckIncludeFiles.c.o   -c /home/aav/specter/buildroot-2013.08/output/build/host-cmake-2.8.10.2/CMakeFiles/CMakeTmp/CheckIncludeFiles.c
/home/aav/specter/buildroot-2013.08/output/build/host-cmake-2.8.10.2/CMakeFiles/CMakeTmp/CheckIncludeFiles.c:43:18: fatal error: idna.h: No such file or directory
 #include <idna.h>
                  ^
compilation terminated.
make[2]: *** [CMakeFiles/cmTryCompileExec443444994.dir/CheckIncludeFiles.c.o] Error 1
make[2]: Leaving directory `/home/aav/specter/buildroot-2013.08/output/build/host-cmake-2.8.10.2/CMakeFiles/CMakeTmp'
make[1]: *** [cmTryCompileExec443444994/fast] Error 2
make[1]: Leaving directory `/home/aav/specter/buildroot-2013.08/output/build/host-cmake-2.8.10.2/CMakeFiles/CMakeTmp'

Source:
/* */
#include <stdio.h>
#include <stddef.h>
#include <sys/types.h>
#include <inttypes.h>
#include <alloca.h>
#include <arpa/inet.h>
#include <dlfcn.h>
#include <fcntl.h>
#include <malloc.h>
#include <memory.h>
#include <netdb.h>
#include <sys/poll.h>
#include <assert.h>
#include <limits.h>
#include <sys/socket.h>
#include <netinet/in.h>
#include <net/if.h>
#include <netinet/if_ether.h>
#include <netinet/tcp.h>
#include <sys/select.h>
#include <utime.h>
#include <netinet/in.h>
#include <pwd.h>
#include <sgtty.h>
#include <stdint.h>
#include <stdlib.h>
#include <string.h>
#include <strings.h>
#include <sys/param.h>
#include <sys/stat.h>
#include <sys/time.h>
#include <sys/resource.h>
#include <termios.h>
#include <termio.h>
#include <time.h>
#include <unistd.h>
#include <locale.h>
#include <setjmp.h>
#include <signal.h>
#include <sys/ioctl.h>
#include <sys/utsname.h>
#include <idna.h>


int main(){return 0;}

Determining if files stdio.h;stddef.h;sys/types.h;inttypes.h;alloca.h;arpa/inet.h;dlfcn.h;fcntl.h;malloc.h;memory.h;netdb.h;sys/poll.h;assert.h;limits.h;sys/socket.h;netinet/in.h;net/if.h;netinet/if_ether.h;netinet/tcp.h;sys/select.h;utime.h;netinet/in.h;pwd.h;sgtty.h;stdint.h;stdlib.h;string.h;strings.h;sys/param.h;sys/stat.h;sys/time.h;sys/resource.h;termios.h;termio.h;time.h;unistd.h;locale.h;setjmp.h;signal.h;sys/ioctl.h;sys/utsname.h;tld.h exist failed with the following output:
Change Dir: /home/aav/specter/buildroot-2013.08/output/build/host-cmake-2.8.10.2/CMakeFiles/CMakeTmp

Run Build Command:/usr/bin/make "cmTryCompileExec2322261965/fast"
make[1]: Entering directory `/home/aav/specter/buildroot-2013.08/output/build/host-cmake-2.8.10.2/CMakeFiles/CMakeTmp'
make -f CMakeFiles/cmTryCompileExec2322261965.dir/build.make CMakeFiles/cmTryCompileExec2322261965.dir/build
make[2]: Entering directory `/home/aav/specter/buildroot-2013.08/output/build/host-cmake-2.8.10.2/CMakeFiles/CMakeTmp'
/home/aav/specter/buildroot-2013.08/output/build/host-cmake-2.8.10.2/Bootstrap.cmk/cmake -E cmake_progress_report /home/aav/specter/buildroot-2013.08/output/build/host-cmake-2.8.10.2/CMakeFiles/CMakeTmp/CMakeFiles 1
Building C object CMakeFiles/cmTryCompileExec2322261965.dir/CheckIncludeFiles.c.o
/usr/bin/gcc   -O2 -I/home/aav/specter/buildroot-2013.08/output/host/usr/include      -o CMakeFiles/cmTryCompileExec2322261965.dir/CheckIncludeFiles.c.o   -c /home/aav/specter/buildroot-2013.08/output/build/host-cmake-2.8.10.2/CMakeFiles/CMakeTmp/CheckIncludeFiles.c
/home/aav/specter/buildroot-2013.08/output/build/host-cmake-2.8.10.2/CMakeFiles/CMakeTmp/CheckIncludeFiles.c:43:17: fatal error: tld.h: No such file or directory
 #include <tld.h>
                 ^
compilation terminated.
make[2]: *** [CMakeFiles/cmTryCompileExec2322261965.dir/CheckIncludeFiles.c.o] Error 1
make[2]: Leaving directory `/home/aav/specter/buildroot-2013.08/output/build/host-cmake-2.8.10.2/CMakeFiles/CMakeTmp'
make[1]: *** [cmTryCompileExec2322261965/fast] Error 2
make[1]: Leaving directory `/home/aav/specter/buildroot-2013.08/output/build/host-cmake-2.8.10.2/CMakeFiles/CMakeTmp'

Source:
/* */
#include <stdio.h>
#include <stddef.h>
#include <sys/types.h>
#include <inttypes.h>
#include <alloca.h>
#include <arpa/inet.h>
#include <dlfcn.h>
#include <fcntl.h>
#include <malloc.h>
#include <memory.h>
#include <netdb.h>
#include <sys/poll.h>
#include <assert.h>
#include <limits.h>
#include <sys/socket.h>
#include <netinet/in.h>
#include <net/if.h>
#include <netinet/if_ether.h>
#include <netinet/tcp.h>
#include <sys/select.h>
#include <utime.h>
#include <netinet/in.h>
#include <pwd.h>
#include <sgtty.h>
#include <stdint.h>
#include <stdlib.h>
#include <string.h>
#include <strings.h>
#include <sys/param.h>
#include <sys/stat.h>
#include <sys/time.h>
#include <sys/resource.h>
#include <termios.h>
#include <termio.h>
#include <time.h>
#include <unistd.h>
#include <locale.h>
#include <setjmp.h>
#include <signal.h>
#include <sys/ioctl.h>
#include <sys/utsname.h>
#include <tld.h>


int main(){return 0;}

Determining if files stdio.h;stddef.h;sys/types.h;inttypes.h;alloca.h;arpa/inet.h;dlfcn.h;fcntl.h;malloc.h;memory.h;netdb.h;sys/poll.h;assert.h;limits.h;sys/socket.h;netinet/in.h;net/if.h;netinet/if_ether.h;netinet/tcp.h;sys/select.h;utime.h;netinet/in.h;pwd.h;sgtty.h;stdint.h;stdlib.h;string.h;strings.h;sys/param.h;sys/stat.h;sys/time.h;sys/resource.h;termios.h;termio.h;time.h;unistd.h;locale.h;setjmp.h;signal.h;sys/ioctl.h;sys/utsname.h;arpa/tftp.h;errno.h;libgen.h;sys/filio.h exist failed with the following output:
Change Dir: /home/aav/specter/buildroot-2013.08/output/build/host-cmake-2.8.10.2/CMakeFiles/CMakeTmp

Run Build Command:/usr/bin/make "cmTryCompileExec1774887634/fast"
make[1]: Entering directory `/home/aav/specter/buildroot-2013.08/output/build/host-cmake-2.8.10.2/CMakeFiles/CMakeTmp'
make -f CMakeFiles/cmTryCompileExec1774887634.dir/build.make CMakeFiles/cmTryCompileExec1774887634.dir/build
make[2]: Entering directory `/home/aav/specter/buildroot-2013.08/output/build/host-cmake-2.8.10.2/CMakeFiles/CMakeTmp'
/home/aav/specter/buildroot-2013.08/output/build/host-cmake-2.8.10.2/Bootstrap.cmk/cmake -E cmake_progress_report /home/aav/specter/buildroot-2013.08/output/build/host-cmake-2.8.10.2/CMakeFiles/CMakeTmp/CMakeFiles 1
Building C object CMakeFiles/cmTryCompileExec1774887634.dir/CheckIncludeFiles.c.o
/usr/bin/gcc   -O2 -I/home/aav/specter/buildroot-2013.08/output/host/usr/include      -o CMakeFiles/cmTryCompileExec1774887634.dir/CheckIncludeFiles.c.o   -c /home/aav/specter/buildroot-2013.08/output/build/host-cmake-2.8.10.2/CMakeFiles/CMakeTmp/CheckIncludeFiles.c
/home/aav/specter/buildroot-2013.08/output/build/host-cmake-2.8.10.2/CMakeFiles/CMakeTmp/CheckIncludeFiles.c:46:23: fatal error: sys/filio.h: No such file or directory
 #include <sys/filio.h>
                       ^
compilation terminated.
make[2]: *** [CMakeFiles/cmTryCompileExec1774887634.dir/CheckIncludeFiles.c.o] Error 1
make[2]: Leaving directory `/home/aav/specter/buildroot-2013.08/output/build/host-cmake-2.8.10.2/CMakeFiles/CMakeTmp'
make[1]: *** [cmTryCompileExec1774887634/fast] Error 2
make[1]: Leaving directory `/home/aav/specter/buildroot-2013.08/output/build/host-cmake-2.8.10.2/CMakeFiles/CMakeTmp'

Source:
/* */
#include <stdio.h>
#include <stddef.h>
#include <sys/types.h>
#include <inttypes.h>
#include <alloca.h>
#include <arpa/inet.h>
#include <dlfcn.h>
#include <fcntl.h>
#include <malloc.h>
#include <memory.h>
#include <netdb.h>
#include <sys/poll.h>
#include <assert.h>
#include <limits.h>
#include <sys/socket.h>
#include <netinet/in.h>
#include <net/if.h>
#include <netinet/if_ether.h>
#include <netinet/tcp.h>
#include <sys/select.h>
#include <utime.h>
#include <netinet/in.h>
#include <pwd.h>
#include <sgtty.h>
#include <stdint.h>
#include <stdlib.h>
#include <string.h>
#include <strings.h>
#include <sys/param.h>
#include <sys/stat.h>
#include <sys/time.h>
#include <sys/resource.h>
#include <termios.h>
#include <termio.h>
#include <time.h>
#include <unistd.h>
#include <locale.h>
#include <setjmp.h>
#include <signal.h>
#include <sys/ioctl.h>
#include <sys/utsname.h>
#include <arpa/tftp.h>
#include <errno.h>
#include <libgen.h>
#include <sys/filio.h>


int main(){return 0;}

Determining size of __int64 failed with the following output:
Change Dir: /home/aav/specter/buildroot-2013.08/output/build/host-cmake-2.8.10.2/CMakeFiles/CMakeTmp

Run Build Command:/usr/bin/make "cmTryCompileExec2811962347/fast"
make[1]: Entering directory `/home/aav/specter/buildroot-2013.08/output/build/host-cmake-2.8.10.2/CMakeFiles/CMakeTmp'
make -f CMakeFiles/cmTryCompileExec2811962347.dir/build.make CMakeFiles/cmTryCompileExec2811962347.dir/build
make[2]: Entering directory `/home/aav/specter/buildroot-2013.08/output/build/host-cmake-2.8.10.2/CMakeFiles/CMakeTmp'
/home/aav/specter/buildroot-2013.08/output/build/host-cmake-2.8.10.2/Bootstrap.cmk/cmake -E cmake_progress_report /home/aav/specter/buildroot-2013.08/output/build/host-cmake-2.8.10.2/CMakeFiles/CMakeTmp/CMakeFiles 1
Building C object CMakeFiles/cmTryCompileExec2811962347.dir/SIZEOF___INT64.c.o
/usr/bin/gcc   -O2 -I/home/aav/specter/buildroot-2013.08/output/host/usr/include      -o CMakeFiles/cmTryCompileExec2811962347.dir/SIZEOF___INT64.c.o   -c /home/aav/specter/buildroot-2013.08/output/build/host-cmake-2.8.10.2/CMakeFiles/CheckTypeSize/SIZEOF___INT64.c
/home/aav/specter/buildroot-2013.08/output/build/host-cmake-2.8.10.2/CMakeFiles/CheckTypeSize/SIZEOF___INT64.c:17:22: error: ‘__int64’ undeclared here (not in a function)
 #define SIZE (sizeof(__int64))
                      ^
/home/aav/specter/buildroot-2013.08/output/build/host-cmake-2.8.10.2/CMakeFiles/CheckTypeSize/SIZEOF___INT64.c:19:12: note: in expansion of macro ‘SIZE’
   ('0' + ((SIZE / 10000)%10)),
            ^
make[2]: *** [CMakeFiles/cmTryCompileExec2811962347.dir/SIZEOF___INT64.c.o] Error 1
make[2]: Leaving directory `/home/aav/specter/buildroot-2013.08/output/build/host-cmake-2.8.10.2/CMakeFiles/CMakeTmp'
make[1]: *** [cmTryCompileExec2811962347/fast] Error 2
make[1]: Leaving directory `/home/aav/specter/buildroot-2013.08/output/build/host-cmake-2.8.10.2/CMakeFiles/CMakeTmp'

/home/aav/specter/buildroot-2013.08/output/build/host-cmake-2.8.10.2/CMakeFiles/CheckTypeSize/SIZEOF___INT64.c:
#include <sys/types.h>
#include <stdint.h>
#include <stddef.h>


#undef KEY
#if defined(__i386)
# define KEY '_','_','i','3','8','6'
#elif defined(__x86_64)
# define KEY '_','_','x','8','6','_','6','4'
#elif defined(__ppc__)
# define KEY '_','_','p','p','c','_','_'
#elif defined(__ppc64__)
# define KEY '_','_','p','p','c','6','4','_','_'
#endif

#define SIZE (sizeof(__int64))
char info_size[] =  {'I', 'N', 'F', 'O', ':', 's','i','z','e','[',
  ('0' + ((SIZE / 10000)%10)),
  ('0' + ((SIZE / 1000)%10)),
  ('0' + ((SIZE / 100)%10)),
  ('0' + ((SIZE / 10)%10)),
  ('0' +  (SIZE    % 10)),
  ']',
#ifdef KEY
  ' ','k','e','y','[', KEY, ']',
#endif
  '\0'};

#ifdef __CLASSIC_C__
int main(argc, argv) int argc; char *argv[];
#else
int main(int argc, char *argv[])
#endif
{
  int require = 0;
  require += info_size[argc];
  (void)argv;
  return require;
}


Determining if the stricmp exist failed with the following output:
Change Dir: /home/aav/specter/buildroot-2013.08/output/build/host-cmake-2.8.10.2/CMakeFiles/CMakeTmp

Run Build Command:/usr/bin/make "cmTryCompileExec3380204746/fast"
make[1]: Entering directory `/home/aav/specter/buildroot-2013.08/output/build/host-cmake-2.8.10.2/CMakeFiles/CMakeTmp'
make -f CMakeFiles/cmTryCompileExec3380204746.dir/build.make CMakeFiles/cmTryCompileExec3380204746.dir/build
make[2]: Entering directory `/home/aav/specter/buildroot-2013.08/output/build/host-cmake-2.8.10.2/CMakeFiles/CMakeTmp'
/home/aav/specter/buildroot-2013.08/output/build/host-cmake-2.8.10.2/Bootstrap.cmk/cmake -E cmake_progress_report /home/aav/specter/buildroot-2013.08/output/build/host-cmake-2.8.10.2/CMakeFiles/CMakeTmp/CMakeFiles 1
Building C object CMakeFiles/cmTryCompileExec3380204746.dir/CheckSymbolExists.c.o
/usr/bin/gcc   -O2 -I/home/aav/specter/buildroot-2013.08/output/host/usr/include      -o CMakeFiles/cmTryCompileExec3380204746.dir/CheckSymbolExists.c.o   -c /home/aav/specter/buildroot-2013.08/output/build/host-cmake-2.8.10.2/CMakeFiles/CMakeTmp/CheckSymbolExists.c
/home/aav/specter/buildroot-2013.08/output/build/host-cmake-2.8.10.2/CMakeFiles/CMakeTmp/CheckSymbolExists.c: In function ‘main’:
/home/aav/specter/buildroot-2013.08/output/build/host-cmake-2.8.10.2/CMakeFiles/CMakeTmp/CheckSymbolExists.c:51:19: error: ‘stricmp’ undeclared (first use in this function)
   return ((int*)(&stricmp))[argc];
                   ^
/home/aav/specter/buildroot-2013.08/output/build/host-cmake-2.8.10.2/CMakeFiles/CMakeTmp/CheckSymbolExists.c:51:19: note: each undeclared identifier is reported only once for each function it appears in
make[2]: *** [CMakeFiles/cmTryCompileExec3380204746.dir/CheckSymbolExists.c.o] Error 1
make[2]: Leaving directory `/home/aav/specter/buildroot-2013.08/output/build/host-cmake-2.8.10.2/CMakeFiles/CMakeTmp'
make[1]: *** [cmTryCompileExec3380204746/fast] Error 2
make[1]: Leaving directory `/home/aav/specter/buildroot-2013.08/output/build/host-cmake-2.8.10.2/CMakeFiles/CMakeTmp'

File /home/aav/specter/buildroot-2013.08/output/build/host-cmake-2.8.10.2/CMakeFiles/CMakeTmp/CheckSymbolExists.c:
/* */
#include <stdio.h>
#include <stddef.h>
#include <sys/types.h>
#include <inttypes.h>
#include <alloca.h>
#include <arpa/inet.h>
#include <dlfcn.h>
#include <fcntl.h>
#include <malloc.h>
#include <memory.h>
#include <netdb.h>
#include <sys/poll.h>
#include <assert.h>
#include <limits.h>
#include <sys/socket.h>
#include <netinet/in.h>
#include <net/if.h>
#include <netinet/if_ether.h>
#include <netinet/tcp.h>
#include <sys/select.h>
#include <utime.h>
#include <netinet/in.h>
#include <pwd.h>
#include <sgtty.h>
#include <stdint.h>
#include <stdlib.h>
#include <string.h>
#include <strings.h>
#include <sys/param.h>
#include <sys/stat.h>
#include <sys/time.h>
#include <sys/resource.h>
#include <termios.h>
#include <termio.h>
#include <time.h>
#include <unistd.h>
#include <locale.h>
#include <setjmp.h>
#include <signal.h>
#include <sys/ioctl.h>
#include <sys/utsname.h>
#include <arpa/tftp.h>
#include <errno.h>
#include <libgen.h>

int main(int argc, char** argv)
{
  (void)argv;
#ifndef stricmp
  return ((int*)(&stricmp))[argc];
#else
  (void)argc;
  return 0;
#endif
}

Determining if the strcmpi exist failed with the following output:
Change Dir: /home/aav/specter/buildroot-2013.08/output/build/host-cmake-2.8.10.2/CMakeFiles/CMakeTmp

Run Build Command:/usr/bin/make "cmTryCompileExec413014570/fast"
make[1]: Entering directory `/home/aav/specter/buildroot-2013.08/output/build/host-cmake-2.8.10.2/CMakeFiles/CMakeTmp'
make -f CMakeFiles/cmTryCompileExec413014570.dir/build.make CMakeFiles/cmTryCompileExec413014570.dir/build
make[2]: Entering directory `/home/aav/specter/buildroot-2013.08/output/build/host-cmake-2.8.10.2/CMakeFiles/CMakeTmp'
/home/aav/specter/buildroot-2013.08/output/build/host-cmake-2.8.10.2/Bootstrap.cmk/cmake -E cmake_progress_report /home/aav/specter/buildroot-2013.08/output/build/host-cmake-2.8.10.2/CMakeFiles/CMakeTmp/CMakeFiles 1
Building C object CMakeFiles/cmTryCompileExec413014570.dir/CheckSymbolExists.c.o
/usr/bin/gcc   -O2 -I/home/aav/specter/buildroot-2013.08/output/host/usr/include      -o CMakeFiles/cmTryCompileExec413014570.dir/CheckSymbolExists.c.o   -c /home/aav/specter/buildroot-2013.08/output/build/host-cmake-2.8.10.2/CMakeFiles/CMakeTmp/CheckSymbolExists.c
/home/aav/specter/buildroot-2013.08/output/build/host-cmake-2.8.10.2/CMakeFiles/CMakeTmp/CheckSymbolExists.c: In function ‘main’:
/home/aav/specter/buildroot-2013.08/output/build/host-cmake-2.8.10.2/CMakeFiles/CMakeTmp/CheckSymbolExists.c:51:19: error: ‘strcmpi’ undeclared (first use in this function)
   return ((int*)(&strcmpi))[argc];
                   ^
/home/aav/specter/buildroot-2013.08/output/build/host-cmake-2.8.10.2/CMakeFiles/CMakeTmp/CheckSymbolExists.c:51:19: note: each undeclared identifier is reported only once for each function it appears in
make[2]: *** [CMakeFiles/cmTryCompileExec413014570.dir/CheckSymbolExists.c.o] Error 1
make[2]: Leaving directory `/home/aav/specter/buildroot-2013.08/output/build/host-cmake-2.8.10.2/CMakeFiles/CMakeTmp'
make[1]: *** [cmTryCompileExec413014570/fast] Error 2
make[1]: Leaving directory `/home/aav/specter/buildroot-2013.08/output/build/host-cmake-2.8.10.2/CMakeFiles/CMakeTmp'

File /home/aav/specter/buildroot-2013.08/output/build/host-cmake-2.8.10.2/CMakeFiles/CMakeTmp/CheckSymbolExists.c:
/* */
#include <stdio.h>
#include <stddef.h>
#include <sys/types.h>
#include <inttypes.h>
#include <alloca.h>
#include <arpa/inet.h>
#include <dlfcn.h>
#include <fcntl.h>
#include <malloc.h>
#include <memory.h>
#include <netdb.h>
#include <sys/poll.h>
#include <assert.h>
#include <limits.h>
#include <sys/socket.h>
#include <netinet/in.h>
#include <net/if.h>
#include <netinet/if_ether.h>
#include <netinet/tcp.h>
#include <sys/select.h>
#include <utime.h>
#include <netinet/in.h>
#include <pwd.h>
#include <sgtty.h>
#include <stdint.h>
#include <stdlib.h>
#include <string.h>
#include <strings.h>
#include <sys/param.h>
#include <sys/stat.h>
#include <sys/time.h>
#include <sys/resource.h>
#include <termios.h>
#include <termio.h>
#include <time.h>
#include <unistd.h>
#include <locale.h>
#include <setjmp.h>
#include <signal.h>
#include <sys/ioctl.h>
#include <sys/utsname.h>
#include <arpa/tftp.h>
#include <errno.h>
#include <libgen.h>

int main(int argc, char** argv)
{
  (void)argv;
#ifndef strcmpi
  return ((int*)(&strcmpi))[argc];
#else
  (void)argc;
  return 0;
#endif
}

Determining if the strncmpi exist failed with the following output:
Change Dir: /home/aav/specter/buildroot-2013.08/output/build/host-cmake-2.8.10.2/CMakeFiles/CMakeTmp

Run Build Command:/usr/bin/make "cmTryCompileExec1899910817/fast"
make[1]: Entering directory `/home/aav/specter/buildroot-2013.08/output/build/host-cmake-2.8.10.2/CMakeFiles/CMakeTmp'
make -f CMakeFiles/cmTryCompileExec1899910817.dir/build.make CMakeFiles/cmTryCompileExec1899910817.dir/build
make[2]: Entering directory `/home/aav/specter/buildroot-2013.08/output/build/host-cmake-2.8.10.2/CMakeFiles/CMakeTmp'
/home/aav/specter/buildroot-2013.08/output/build/host-cmake-2.8.10.2/Bootstrap.cmk/cmake -E cmake_progress_report /home/aav/specter/buildroot-2013.08/output/build/host-cmake-2.8.10.2/CMakeFiles/CMakeTmp/CMakeFiles 1
Building C object CMakeFiles/cmTryCompileExec1899910817.dir/CheckSymbolExists.c.o
/usr/bin/gcc   -O2 -I/home/aav/specter/buildroot-2013.08/output/host/usr/include      -o CMakeFiles/cmTryCompileExec1899910817.dir/CheckSymbolExists.c.o   -c /home/aav/specter/buildroot-2013.08/output/build/host-cmake-2.8.10.2/CMakeFiles/CMakeTmp/CheckSymbolExists.c
/home/aav/specter/buildroot-2013.08/output/build/host-cmake-2.8.10.2/CMakeFiles/CMakeTmp/CheckSymbolExists.c: In function ‘main’:
/home/aav/specter/buildroot-2013.08/output/build/host-cmake-2.8.10.2/CMakeFiles/CMakeTmp/CheckSymbolExists.c:51:19: error: ‘strncmpi’ undeclared (first use in this function)
   return ((int*)(&strncmpi))[argc];
                   ^
/home/aav/specter/buildroot-2013.08/output/build/host-cmake-2.8.10.2/CMakeFiles/CMakeTmp/CheckSymbolExists.c:51:19: note: each undeclared identifier is reported only once for each function it appears in
make[2]: *** [CMakeFiles/cmTryCompileExec1899910817.dir/CheckSymbolExists.c.o] Error 1
make[2]: Leaving directory `/home/aav/specter/buildroot-2013.08/output/build/host-cmake-2.8.10.2/CMakeFiles/CMakeTmp'
make[1]: *** [cmTryCompileExec1899910817/fast] Error 2
make[1]: Leaving directory `/home/aav/specter/buildroot-2013.08/output/build/host-cmake-2.8.10.2/CMakeFiles/CMakeTmp'

File /home/aav/specter/buildroot-2013.08/output/build/host-cmake-2.8.10.2/CMakeFiles/CMakeTmp/CheckSymbolExists.c:
/* */
#include <stdio.h>
#include <stddef.h>
#include <sys/types.h>
#include <inttypes.h>
#include <alloca.h>
#include <arpa/inet.h>
#include <dlfcn.h>
#include <fcntl.h>
#include <malloc.h>
#include <memory.h>
#include <netdb.h>
#include <sys/poll.h>
#include <assert.h>
#include <limits.h>
#include <sys/socket.h>
#include <netinet/in.h>
#include <net/if.h>
#include <netinet/if_ether.h>
#include <netinet/tcp.h>
#include <sys/select.h>
#include <utime.h>
#include <netinet/in.h>
#include <pwd.h>
#include <sgtty.h>
#include <stdint.h>
#include <stdlib.h>
#include <string.h>
#include <strings.h>
#include <sys/param.h>
#include <sys/stat.h>
#include <sys/time.h>
#include <sys/resource.h>
#include <termios.h>
#include <termio.h>
#include <time.h>
#include <unistd.h>
#include <locale.h>
#include <setjmp.h>
#include <signal.h>
#include <sys/ioctl.h>
#include <sys/utsname.h>
#include <arpa/tftp.h>
#include <errno.h>
#include <libgen.h>

int main(int argc, char** argv)
{
  (void)argv;
#ifndef strncmpi
  return ((int*)(&strncmpi))[argc];
#else
  (void)argc;
  return 0;
#endif
}

Determining if the inet_ntoa_r exist failed with the following output:
Change Dir: /home/aav/specter/buildroot-2013.08/output/build/host-cmake-2.8.10.2/CMakeFiles/CMakeTmp

Run Build Command:/usr/bin/make "cmTryCompileExec1422048223/fast"
make[1]: Entering directory `/home/aav/specter/buildroot-2013.08/output/build/host-cmake-2.8.10.2/CMakeFiles/CMakeTmp'
make -f CMakeFiles/cmTryCompileExec1422048223.dir/build.make CMakeFiles/cmTryCompileExec1422048223.dir/build
make[2]: Entering directory `/home/aav/specter/buildroot-2013.08/output/build/host-cmake-2.8.10.2/CMakeFiles/CMakeTmp'
/home/aav/specter/buildroot-2013.08/output/build/host-cmake-2.8.10.2/Bootstrap.cmk/cmake -E cmake_progress_report /home/aav/specter/buildroot-2013.08/output/build/host-cmake-2.8.10.2/CMakeFiles/CMakeTmp/CMakeFiles 1
Building C object CMakeFiles/cmTryCompileExec1422048223.dir/CheckSymbolExists.c.o
/usr/bin/gcc   -O2 -I/home/aav/specter/buildroot-2013.08/output/host/usr/include      -o CMakeFiles/cmTryCompileExec1422048223.dir/CheckSymbolExists.c.o   -c /home/aav/specter/buildroot-2013.08/output/build/host-cmake-2.8.10.2/CMakeFiles/CMakeTmp/CheckSymbolExists.c
/home/aav/specter/buildroot-2013.08/output/build/host-cmake-2.8.10.2/CMakeFiles/CMakeTmp/CheckSymbolExists.c: In function ‘main’:
/home/aav/specter/buildroot-2013.08/output/build/host-cmake-2.8.10.2/CMakeFiles/CMakeTmp/CheckSymbolExists.c:51:19: error: ‘inet_ntoa_r’ undeclared (first use in this function)
   return ((int*)(&inet_ntoa_r))[argc];
                   ^
/home/aav/specter/buildroot-2013.08/output/build/host-cmake-2.8.10.2/CMakeFiles/CMakeTmp/CheckSymbolExists.c:51:19: note: each undeclared identifier is reported only once for each function it appears in
make[2]: *** [CMakeFiles/cmTryCompileExec1422048223.dir/CheckSymbolExists.c.o] Error 1
make[2]: Leaving directory `/home/aav/specter/buildroot-2013.08/output/build/host-cmake-2.8.10.2/CMakeFiles/CMakeTmp'
make[1]: *** [cmTryCompileExec1422048223/fast] Error 2
make[1]: Leaving directory `/home/aav/specter/buildroot-2013.08/output/build/host-cmake-2.8.10.2/CMakeFiles/CMakeTmp'

File /home/aav/specter/buildroot-2013.08/output/build/host-cmake-2.8.10.2/CMakeFiles/CMakeTmp/CheckSymbolExists.c:
/* */
#include <stdio.h>
#include <stddef.h>
#include <sys/types.h>
#include <inttypes.h>
#include <alloca.h>
#include <arpa/inet.h>
#include <dlfcn.h>
#include <fcntl.h>
#include <malloc.h>
#include <memory.h>
#include <netdb.h>
#include <sys/poll.h>
#include <assert.h>
#include <limits.h>
#include <sys/socket.h>
#include <netinet/in.h>
#include <net/if.h>
#include <netinet/if_ether.h>
#include <netinet/tcp.h>
#include <sys/select.h>
#include <utime.h>
#include <netinet/in.h>
#include <pwd.h>
#include <sgtty.h>
#include <stdint.h>
#include <stdlib.h>
#include <string.h>
#include <strings.h>
#include <sys/param.h>
#include <sys/stat.h>
#include <sys/time.h>
#include <sys/resource.h>
#include <termios.h>
#include <termio.h>
#include <time.h>
#include <unistd.h>
#include <locale.h>
#include <setjmp.h>
#include <signal.h>
#include <sys/ioctl.h>
#include <sys/utsname.h>
#include <arpa/tftp.h>
#include <errno.h>
#include <libgen.h>

int main(int argc, char** argv)
{
  (void)argv;
#ifndef inet_ntoa_r
  return ((int*)(&inet_ntoa_r))[argc];
#else
  (void)argc;
  return 0;
#endif
}

Determining if the closesocket exist failed with the following output:
Change Dir: /home/aav/specter/buildroot-2013.08/output/build/host-cmake-2.8.10.2/CMakeFiles/CMakeTmp

Run Build Command:/usr/bin/make "cmTryCompileExec4168789278/fast"
make[1]: Entering directory `/home/aav/specter/buildroot-2013.08/output/build/host-cmake-2.8.10.2/CMakeFiles/CMakeTmp'
make -f CMakeFiles/cmTryCompileExec4168789278.dir/build.make CMakeFiles/cmTryCompileExec4168789278.dir/build
make[2]: Entering directory `/home/aav/specter/buildroot-2013.08/output/build/host-cmake-2.8.10.2/CMakeFiles/CMakeTmp'
/home/aav/specter/buildroot-2013.08/output/build/host-cmake-2.8.10.2/Bootstrap.cmk/cmake -E cmake_progress_report /home/aav/specter/buildroot-2013.08/output/build/host-cmake-2.8.10.2/CMakeFiles/CMakeTmp/CMakeFiles 1
Building C object CMakeFiles/cmTryCompileExec4168789278.dir/CheckSymbolExists.c.o
/usr/bin/gcc   -O2 -I/home/aav/specter/buildroot-2013.08/output/host/usr/include      -o CMakeFiles/cmTryCompileExec4168789278.dir/CheckSymbolExists.c.o   -c /home/aav/specter/buildroot-2013.08/output/build/host-cmake-2.8.10.2/CMakeFiles/CMakeTmp/CheckSymbolExists.c
/home/aav/specter/buildroot-2013.08/output/build/host-cmake-2.8.10.2/CMakeFiles/CMakeTmp/CheckSymbolExists.c: In function ‘main’:
/home/aav/specter/buildroot-2013.08/output/build/host-cmake-2.8.10.2/CMakeFiles/CMakeTmp/CheckSymbolExists.c:51:19: error: ‘closesocket’ undeclared (first use in this function)
   return ((int*)(&closesocket))[argc];
                   ^
/home/aav/specter/buildroot-2013.08/output/build/host-cmake-2.8.10.2/CMakeFiles/CMakeTmp/CheckSymbolExists.c:51:19: note: each undeclared identifier is reported only once for each function it appears in
make[2]: *** [CMakeFiles/cmTryCompileExec4168789278.dir/CheckSymbolExists.c.o] Error 1
make[2]: Leaving directory `/home/aav/specter/buildroot-2013.08/output/build/host-cmake-2.8.10.2/CMakeFiles/CMakeTmp'
make[1]: *** [cmTryCompileExec4168789278/fast] Error 2
make[1]: Leaving directory `/home/aav/specter/buildroot-2013.08/output/build/host-cmake-2.8.10.2/CMakeFiles/CMakeTmp'

File /home/aav/specter/buildroot-2013.08/output/build/host-cmake-2.8.10.2/CMakeFiles/CMakeTmp/CheckSymbolExists.c:
/* */
#include <stdio.h>
#include <stddef.h>
#include <sys/types.h>
#include <inttypes.h>
#include <alloca.h>
#include <arpa/inet.h>
#include <dlfcn.h>
#include <fcntl.h>
#include <malloc.h>
#include <memory.h>
#include <netdb.h>
#include <sys/poll.h>
#include <assert.h>
#include <limits.h>
#include <sys/socket.h>
#include <netinet/in.h>
#include <net/if.h>
#include <netinet/if_ether.h>
#include <netinet/tcp.h>
#include <sys/select.h>
#include <utime.h>
#include <netinet/in.h>
#include <pwd.h>
#include <sgtty.h>
#include <stdint.h>
#include <stdlib.h>
#include <string.h>
#include <strings.h>
#include <sys/param.h>
#include <sys/stat.h>
#include <sys/time.h>
#include <sys/resource.h>
#include <termios.h>
#include <termio.h>
#include <time.h>
#include <unistd.h>
#include <locale.h>
#include <setjmp.h>
#include <signal.h>
#include <sys/ioctl.h>
#include <sys/utsname.h>
#include <arpa/tftp.h>
#include <errno.h>
#include <libgen.h>

int main(int argc, char** argv)
{
  (void)argv;
#ifndef closesocket
  return ((int*)(&closesocket))[argc];
#else
  (void)argc;
  return 0;
#endif
}

Determining if the getpass_r exist failed with the following output:
Change Dir: /home/aav/specter/buildroot-2013.08/output/build/host-cmake-2.8.10.2/CMakeFiles/CMakeTmp

Run Build Command:/usr/bin/make "cmTryCompileExec2017200783/fast"
make[1]: Entering directory `/home/aav/specter/buildroot-2013.08/output/build/host-cmake-2.8.10.2/CMakeFiles/CMakeTmp'
make -f CMakeFiles/cmTryCompileExec2017200783.dir/build.make CMakeFiles/cmTryCompileExec2017200783.dir/build
make[2]: Entering directory `/home/aav/specter/buildroot-2013.08/output/build/host-cmake-2.8.10.2/CMakeFiles/CMakeTmp'
/home/aav/specter/buildroot-2013.08/output/build/host-cmake-2.8.10.2/Bootstrap.cmk/cmake -E cmake_progress_report /home/aav/specter/buildroot-2013.08/output/build/host-cmake-2.8.10.2/CMakeFiles/CMakeTmp/CMakeFiles 1
Building C object CMakeFiles/cmTryCompileExec2017200783.dir/CheckSymbolExists.c.o
/usr/bin/gcc   -O2 -I/home/aav/specter/buildroot-2013.08/output/host/usr/include      -o CMakeFiles/cmTryCompileExec2017200783.dir/CheckSymbolExists.c.o   -c /home/aav/specter/buildroot-2013.08/output/build/host-cmake-2.8.10.2/CMakeFiles/CMakeTmp/CheckSymbolExists.c
/home/aav/specter/buildroot-2013.08/output/build/host-cmake-2.8.10.2/CMakeFiles/CMakeTmp/CheckSymbolExists.c: In function ‘main’:
/home/aav/specter/buildroot-2013.08/output/build/host-cmake-2.8.10.2/CMakeFiles/CMakeTmp/CheckSymbolExists.c:51:19: error: ‘getpass_r’ undeclared (first use in this function)
   return ((int*)(&getpass_r))[argc];
                   ^
/home/aav/specter/buildroot-2013.08/output/build/host-cmake-2.8.10.2/CMakeFiles/CMakeTmp/CheckSymbolExists.c:51:19: note: each undeclared identifier is reported only once for each function it appears in
make[2]: *** [CMakeFiles/cmTryCompileExec2017200783.dir/CheckSymbolExists.c.o] Error 1
make[2]: Leaving directory `/home/aav/specter/buildroot-2013.08/output/build/host-cmake-2.8.10.2/CMakeFiles/CMakeTmp'
make[1]: *** [cmTryCompileExec2017200783/fast] Error 2
make[1]: Leaving directory `/home/aav/specter/buildroot-2013.08/output/build/host-cmake-2.8.10.2/CMakeFiles/CMakeTmp'

File /home/aav/specter/buildroot-2013.08/output/build/host-cmake-2.8.10.2/CMakeFiles/CMakeTmp/CheckSymbolExists.c:
/* */
#include <stdio.h>
#include <stddef.h>
#include <sys/types.h>
#include <inttypes.h>
#include <alloca.h>
#include <arpa/inet.h>
#include <dlfcn.h>
#include <fcntl.h>
#include <malloc.h>
#include <memory.h>
#include <netdb.h>
#include <sys/poll.h>
#include <assert.h>
#include <limits.h>
#include <sys/socket.h>
#include <netinet/in.h>
#include <net/if.h>
#include <netinet/if_ether.h>
#include <netinet/tcp.h>
#include <sys/select.h>
#include <utime.h>
#include <netinet/in.h>
#include <pwd.h>
#include <sgtty.h>
#include <stdint.h>
#include <stdlib.h>
#include <string.h>
#include <strings.h>
#include <sys/param.h>
#include <sys/stat.h>
#include <sys/time.h>
#include <sys/resource.h>
#include <termios.h>
#include <termio.h>
#include <time.h>
#include <unistd.h>
#include <locale.h>
#include <setjmp.h>
#include <signal.h>
#include <sys/ioctl.h>
#include <sys/utsname.h>
#include <arpa/tftp.h>
#include <errno.h>
#include <libgen.h>

int main(int argc, char** argv)
{
  (void)argv;
#ifndef getpass_r
  return ((int*)(&getpass_r))[argc];
#else
  (void)argc;
  return 0;
#endif
}

Determining if the strlcat exist failed with the following output:
Change Dir: /home/aav/specter/buildroot-2013.08/output/build/host-cmake-2.8.10.2/CMakeFiles/CMakeTmp

Run Build Command:/usr/bin/make "cmTryCompileExec1417666015/fast"
make[1]: Entering directory `/home/aav/specter/buildroot-2013.08/output/build/host-cmake-2.8.10.2/CMakeFiles/CMakeTmp'
make -f CMakeFiles/cmTryCompileExec1417666015.dir/build.make CMakeFiles/cmTryCompileExec1417666015.dir/build
make[2]: Entering directory `/home/aav/specter/buildroot-2013.08/output/build/host-cmake-2.8.10.2/CMakeFiles/CMakeTmp'
/home/aav/specter/buildroot-2013.08/output/build/host-cmake-2.8.10.2/Bootstrap.cmk/cmake -E cmake_progress_report /home/aav/specter/buildroot-2013.08/output/build/host-cmake-2.8.10.2/CMakeFiles/CMakeTmp/CMakeFiles 1
Building C object CMakeFiles/cmTryCompileExec1417666015.dir/CheckSymbolExists.c.o
/usr/bin/gcc   -O2 -I/home/aav/specter/buildroot-2013.08/output/host/usr/include      -o CMakeFiles/cmTryCompileExec1417666015.dir/CheckSymbolExists.c.o   -c /home/aav/specter/buildroot-2013.08/output/build/host-cmake-2.8.10.2/CMakeFiles/CMakeTmp/CheckSymbolExists.c
/home/aav/specter/buildroot-2013.08/output/build/host-cmake-2.8.10.2/CMakeFiles/CMakeTmp/CheckSymbolExists.c: In function ‘main’:
/home/aav/specter/buildroot-2013.08/output/build/host-cmake-2.8.10.2/CMakeFiles/CMakeTmp/CheckSymbolExists.c:51:19: error: ‘strlcat’ undeclared (first use in this function)
   return ((int*)(&strlcat))[argc];
                   ^
/home/aav/specter/buildroot-2013.08/output/build/host-cmake-2.8.10.2/CMakeFiles/CMakeTmp/CheckSymbolExists.c:51:19: note: each undeclared identifier is reported only once for each function it appears in
make[2]: *** [CMakeFiles/cmTryCompileExec1417666015.dir/CheckSymbolExists.c.o] Error 1
make[2]: Leaving directory `/home/aav/specter/buildroot-2013.08/output/build/host-cmake-2.8.10.2/CMakeFiles/CMakeTmp'
make[1]: *** [cmTryCompileExec1417666015/fast] Error 2
make[1]: Leaving directory `/home/aav/specter/buildroot-2013.08/output/build/host-cmake-2.8.10.2/CMakeFiles/CMakeTmp'

File /home/aav/specter/buildroot-2013.08/output/build/host-cmake-2.8.10.2/CMakeFiles/CMakeTmp/CheckSymbolExists.c:
/* */
#include <stdio.h>
#include <stddef.h>
#include <sys/types.h>
#include <inttypes.h>
#include <alloca.h>
#include <arpa/inet.h>
#include <dlfcn.h>
#include <fcntl.h>
#include <malloc.h>
#include <memory.h>
#include <netdb.h>
#include <sys/poll.h>
#include <assert.h>
#include <limits.h>
#include <sys/socket.h>
#include <netinet/in.h>
#include <net/if.h>
#include <netinet/if_ether.h>
#include <netinet/tcp.h>
#include <sys/select.h>
#include <utime.h>
#include <netinet/in.h>
#include <pwd.h>
#include <sgtty.h>
#include <stdint.h>
#include <stdlib.h>
#include <string.h>
#include <strings.h>
#include <sys/param.h>
#include <sys/stat.h>
#include <sys/time.h>
#include <sys/resource.h>
#include <termios.h>
#include <termio.h>
#include <time.h>
#include <unistd.h>
#include <locale.h>
#include <setjmp.h>
#include <signal.h>
#include <sys/ioctl.h>
#include <sys/utsname.h>
#include <arpa/tftp.h>
#include <errno.h>
#include <libgen.h>

int main(int argc, char** argv)
{
  (void)argv;
#ifndef strlcat
  return ((int*)(&strlcat))[argc];
#else
  (void)argc;
  return 0;
#endif
}

Determining if the _strtoi64 exist failed with the following output:
Change Dir: /home/aav/specter/buildroot-2013.08/output/build/host-cmake-2.8.10.2/CMakeFiles/CMakeTmp

Run Build Command:/usr/bin/make "cmTryCompileExec1731508813/fast"
make[1]: Entering directory `/home/aav/specter/buildroot-2013.08/output/build/host-cmake-2.8.10.2/CMakeFiles/CMakeTmp'
make -f CMakeFiles/cmTryCompileExec1731508813.dir/build.make CMakeFiles/cmTryCompileExec1731508813.dir/build
make[2]: Entering directory `/home/aav/specter/buildroot-2013.08/output/build/host-cmake-2.8.10.2/CMakeFiles/CMakeTmp'
/home/aav/specter/buildroot-2013.08/output/build/host-cmake-2.8.10.2/Bootstrap.cmk/cmake -E cmake_progress_report /home/aav/specter/buildroot-2013.08/output/build/host-cmake-2.8.10.2/CMakeFiles/CMakeTmp/CMakeFiles 1
Building C object CMakeFiles/cmTryCompileExec1731508813.dir/CheckSymbolExists.c.o
/usr/bin/gcc   -O2 -I/home/aav/specter/buildroot-2013.08/output/host/usr/include      -o CMakeFiles/cmTryCompileExec1731508813.dir/CheckSymbolExists.c.o   -c /home/aav/specter/buildroot-2013.08/output/build/host-cmake-2.8.10.2/CMakeFiles/CMakeTmp/CheckSymbolExists.c
/home/aav/specter/buildroot-2013.08/output/build/host-cmake-2.8.10.2/CMakeFiles/CMakeTmp/CheckSymbolExists.c: In function ‘main’:
/home/aav/specter/buildroot-2013.08/output/build/host-cmake-2.8.10.2/CMakeFiles/CMakeTmp/CheckSymbolExists.c:51:19: error: ‘_strtoi64’ undeclared (first use in this function)
   return ((int*)(&_strtoi64))[argc];
                   ^
/home/aav/specter/buildroot-2013.08/output/build/host-cmake-2.8.10.2/CMakeFiles/CMakeTmp/CheckSymbolExists.c:51:19: note: each undeclared identifier is reported only once for each function it appears in
make[2]: *** [CMakeFiles/cmTryCompileExec1731508813.dir/CheckSymbolExists.c.o] Error 1
make[2]: Leaving directory `/home/aav/specter/buildroot-2013.08/output/build/host-cmake-2.8.10.2/CMakeFiles/CMakeTmp'
make[1]: *** [cmTryCompileExec1731508813/fast] Error 2
make[1]: Leaving directory `/home/aav/specter/buildroot-2013.08/output/build/host-cmake-2.8.10.2/CMakeFiles/CMakeTmp'

File /home/aav/specter/buildroot-2013.08/output/build/host-cmake-2.8.10.2/CMakeFiles/CMakeTmp/CheckSymbolExists.c:
/* */
#include <stdio.h>
#include <stddef.h>
#include <sys/types.h>
#include <inttypes.h>
#include <alloca.h>
#include <arpa/inet.h>
#include <dlfcn.h>
#include <fcntl.h>
#include <malloc.h>
#include <memory.h>
#include <netdb.h>
#include <sys/poll.h>
#include <assert.h>
#include <limits.h>
#include <sys/socket.h>
#include <netinet/in.h>
#include <net/if.h>
#include <netinet/if_ether.h>
#include <netinet/tcp.h>
#include <sys/select.h>
#include <utime.h>
#include <netinet/in.h>
#include <pwd.h>
#include <sgtty.h>
#include <stdint.h>
#include <stdlib.h>
#include <string.h>
#include <strings.h>
#include <sys/param.h>
#include <sys/stat.h>
#include <sys/time.h>
#include <sys/resource.h>
#include <termios.h>
#include <termio.h>
#include <time.h>
#include <unistd.h>
#include <locale.h>
#include <setjmp.h>
#include <signal.h>
#include <sys/ioctl.h>
#include <sys/utsname.h>
#include <arpa/tftp.h>
#include <errno.h>
#include <libgen.h>

int main(int argc, char** argv)
{
  (void)argv;
#ifndef _strtoi64
  return ((int*)(&_strtoi64))[argc];
#else
  (void)argc;
  return 0;
#endif
}

Determining if the idn_free exist failed with the following output:
Change Dir: /home/aav/specter/buildroot-2013.08/output/build/host-cmake-2.8.10.2/CMakeFiles/CMakeTmp

Run Build Command:/usr/bin/make "cmTryCompileExec1656444366/fast"
make[1]: Entering directory `/home/aav/specter/buildroot-2013.08/output/build/host-cmake-2.8.10.2/CMakeFiles/CMakeTmp'
make -f CMakeFiles/cmTryCompileExec1656444366.dir/build.make CMakeFiles/cmTryCompileExec1656444366.dir/build
make[2]: Entering directory `/home/aav/specter/buildroot-2013.08/output/build/host-cmake-2.8.10.2/CMakeFiles/CMakeTmp'
/home/aav/specter/buildroot-2013.08/output/build/host-cmake-2.8.10.2/Bootstrap.cmk/cmake -E cmake_progress_report /home/aav/specter/buildroot-2013.08/output/build/host-cmake-2.8.10.2/CMakeFiles/CMakeTmp/CMakeFiles 1
Building C object CMakeFiles/cmTryCompileExec1656444366.dir/CheckSymbolExists.c.o
/usr/bin/gcc   -O2 -I/home/aav/specter/buildroot-2013.08/output/host/usr/include      -o CMakeFiles/cmTryCompileExec1656444366.dir/CheckSymbolExists.c.o   -c /home/aav/specter/buildroot-2013.08/output/build/host-cmake-2.8.10.2/CMakeFiles/CMakeTmp/CheckSymbolExists.c
/home/aav/specter/buildroot-2013.08/output/build/host-cmake-2.8.10.2/CMakeFiles/CMakeTmp/CheckSymbolExists.c: In function ‘main’:
/home/aav/specter/buildroot-2013.08/output/build/host-cmake-2.8.10.2/CMakeFiles/CMakeTmp/CheckSymbolExists.c:51:19: error: ‘idn_free’ undeclared (first use in this function)
   return ((int*)(&idn_free))[argc];
                   ^
/home/aav/specter/buildroot-2013.08/output/build/host-cmake-2.8.10.2/CMakeFiles/CMakeTmp/CheckSymbolExists.c:51:19: note: each undeclared identifier is reported only once for each function it appears in
make[2]: *** [CMakeFiles/cmTryCompileExec1656444366.dir/CheckSymbolExists.c.o] Error 1
make[2]: Leaving directory `/home/aav/specter/buildroot-2013.08/output/build/host-cmake-2.8.10.2/CMakeFiles/CMakeTmp'
make[1]: *** [cmTryCompileExec1656444366/fast] Error 2
make[1]: Leaving directory `/home/aav/specter/buildroot-2013.08/output/build/host-cmake-2.8.10.2/CMakeFiles/CMakeTmp'

File /home/aav/specter/buildroot-2013.08/output/build/host-cmake-2.8.10.2/CMakeFiles/CMakeTmp/CheckSymbolExists.c:
/* */
#include <stdio.h>
#include <stddef.h>
#include <sys/types.h>
#include <inttypes.h>
#include <alloca.h>
#include <arpa/inet.h>
#include <dlfcn.h>
#include <fcntl.h>
#include <malloc.h>
#include <memory.h>
#include <netdb.h>
#include <sys/poll.h>
#include <assert.h>
#include <limits.h>
#include <sys/socket.h>
#include <netinet/in.h>
#include <net/if.h>
#include <netinet/if_ether.h>
#include <netinet/tcp.h>
#include <sys/select.h>
#include <utime.h>
#include <netinet/in.h>
#include <pwd.h>
#include <sgtty.h>
#include <stdint.h>
#include <stdlib.h>
#include <string.h>
#include <strings.h>
#include <sys/param.h>
#include <sys/stat.h>
#include <sys/time.h>
#include <sys/resource.h>
#include <termios.h>
#include <termio.h>
#include <time.h>
#include <unistd.h>
#include <locale.h>
#include <setjmp.h>
#include <signal.h>
#include <sys/ioctl.h>
#include <sys/utsname.h>
#include <arpa/tftp.h>
#include <errno.h>
#include <libgen.h>

int main(int argc, char** argv)
{
  (void)argv;
#ifndef idn_free
  return ((int*)(&idn_free))[argc];
#else
  (void)argc;
  return 0;
#endif
}

Determining if the idna_strerror exist failed with the following output:
Change Dir: /home/aav/specter/buildroot-2013.08/output/build/host-cmake-2.8.10.2/CMakeFiles/CMakeTmp

Run Build Command:/usr/bin/make "cmTryCompileExec2831049713/fast"
make[1]: Entering directory `/home/aav/specter/buildroot-2013.08/output/build/host-cmake-2.8.10.2/CMakeFiles/CMakeTmp'
make -f CMakeFiles/cmTryCompileExec2831049713.dir/build.make CMakeFiles/cmTryCompileExec2831049713.dir/build
make[2]: Entering directory `/home/aav/specter/buildroot-2013.08/output/build/host-cmake-2.8.10.2/CMakeFiles/CMakeTmp'
/home/aav/specter/buildroot-2013.08/output/build/host-cmake-2.8.10.2/Bootstrap.cmk/cmake -E cmake_progress_report /home/aav/specter/buildroot-2013.08/output/build/host-cmake-2.8.10.2/CMakeFiles/CMakeTmp/CMakeFiles 1
Building C object CMakeFiles/cmTryCompileExec2831049713.dir/CheckSymbolExists.c.o
/usr/bin/gcc   -O2 -I/home/aav/specter/buildroot-2013.08/output/host/usr/include      -o CMakeFiles/cmTryCompileExec2831049713.dir/CheckSymbolExists.c.o   -c /home/aav/specter/buildroot-2013.08/output/build/host-cmake-2.8.10.2/CMakeFiles/CMakeTmp/CheckSymbolExists.c
/home/aav/specter/buildroot-2013.08/output/build/host-cmake-2.8.10.2/CMakeFiles/CMakeTmp/CheckSymbolExists.c: In function ‘main’:
/home/aav/specter/buildroot-2013.08/output/build/host-cmake-2.8.10.2/CMakeFiles/CMakeTmp/CheckSymbolExists.c:51:19: error: ‘idna_strerror’ undeclared (first use in this function)
   return ((int*)(&idna_strerror))[argc];
                   ^
/home/aav/specter/buildroot-2013.08/output/build/host-cmake-2.8.10.2/CMakeFiles/CMakeTmp/CheckSymbolExists.c:51:19: note: each undeclared identifier is reported only once for each function it appears in
make[2]: *** [CMakeFiles/cmTryCompileExec2831049713.dir/CheckSymbolExists.c.o] Error 1
make[2]: Leaving directory `/home/aav/specter/buildroot-2013.08/output/build/host-cmake-2.8.10.2/CMakeFiles/CMakeTmp'
make[1]: *** [cmTryCompileExec2831049713/fast] Error 2
make[1]: Leaving directory `/home/aav/specter/buildroot-2013.08/output/build/host-cmake-2.8.10.2/CMakeFiles/CMakeTmp'

File /home/aav/specter/buildroot-2013.08/output/build/host-cmake-2.8.10.2/CMakeFiles/CMakeTmp/CheckSymbolExists.c:
/* */
#include <stdio.h>
#include <stddef.h>
#include <sys/types.h>
#include <inttypes.h>
#include <alloca.h>
#include <arpa/inet.h>
#include <dlfcn.h>
#include <fcntl.h>
#include <malloc.h>
#include <memory.h>
#include <netdb.h>
#include <sys/poll.h>
#include <assert.h>
#include <limits.h>
#include <sys/socket.h>
#include <netinet/in.h>
#include <net/if.h>
#include <netinet/if_ether.h>
#include <netinet/tcp.h>
#include <sys/select.h>
#include <utime.h>
#include <netinet/in.h>
#include <pwd.h>
#include <sgtty.h>
#include <stdint.h>
#include <stdlib.h>
#include <string.h>
#include <strings.h>
#include <sys/param.h>
#include <sys/stat.h>
#include <sys/time.h>
#include <sys/resource.h>
#include <termios.h>
#include <termio.h>
#include <time.h>
#include <unistd.h>
#include <locale.h>
#include <setjmp.h>
#include <signal.h>
#include <sys/ioctl.h>
#include <sys/utsname.h>
#include <arpa/tftp.h>
#include <errno.h>
#include <libgen.h>

int main(int argc, char** argv)
{
  (void)argv;
#ifndef idna_strerror
  return ((int*)(&idna_strerror))[argc];
#else
  (void)argc;
  return 0;
#endif
}

Determining if the tld_strerror exist failed with the following output:
Change Dir: /home/aav/specter/buildroot-2013.08/output/build/host-cmake-2.8.10.2/CMakeFiles/CMakeTmp

Run Build Command:/usr/bin/make "cmTryCompileExec2418120715/fast"
make[1]: Entering directory `/home/aav/specter/buildroot-2013.08/output/build/host-cmake-2.8.10.2/CMakeFiles/CMakeTmp'
make -f CMakeFiles/cmTryCompileExec2418120715.dir/build.make CMakeFiles/cmTryCompileExec2418120715.dir/build
make[2]: Entering directory `/home/aav/specter/buildroot-2013.08/output/build/host-cmake-2.8.10.2/CMakeFiles/CMakeTmp'
/home/aav/specter/buildroot-2013.08/output/build/host-cmake-2.8.10.2/Bootstrap.cmk/cmake -E cmake_progress_report /home/aav/specter/buildroot-2013.08/output/build/host-cmake-2.8.10.2/CMakeFiles/CMakeTmp/CMakeFiles 1
Building C object CMakeFiles/cmTryCompileExec2418120715.dir/CheckSymbolExists.c.o
/usr/bin/gcc   -O2 -I/home/aav/specter/buildroot-2013.08/output/host/usr/include      -o CMakeFiles/cmTryCompileExec2418120715.dir/CheckSymbolExists.c.o   -c /home/aav/specter/buildroot-2013.08/output/build/host-cmake-2.8.10.2/CMakeFiles/CMakeTmp/CheckSymbolExists.c
/home/aav/specter/buildroot-2013.08/output/build/host-cmake-2.8.10.2/CMakeFiles/CMakeTmp/CheckSymbolExists.c: In function ‘main’:
/home/aav/specter/buildroot-2013.08/output/build/host-cmake-2.8.10.2/CMakeFiles/CMakeTmp/CheckSymbolExists.c:51:19: error: ‘tld_strerror’ undeclared (first use in this function)
   return ((int*)(&tld_strerror))[argc];
                   ^
/home/aav/specter/buildroot-2013.08/output/build/host-cmake-2.8.10.2/CMakeFiles/CMakeTmp/CheckSymbolExists.c:51:19: note: each undeclared identifier is reported only once for each function it appears in
make[2]: *** [CMakeFiles/cmTryCompileExec2418120715.dir/CheckSymbolExists.c.o] Error 1
make[2]: Leaving directory `/home/aav/specter/buildroot-2013.08/output/build/host-cmake-2.8.10.2/CMakeFiles/CMakeTmp'
make[1]: *** [cmTryCompileExec2418120715/fast] Error 2
make[1]: Leaving directory `/home/aav/specter/buildroot-2013.08/output/build/host-cmake-2.8.10.2/CMakeFiles/CMakeTmp'

File /home/aav/specter/buildroot-2013.08/output/build/host-cmake-2.8.10.2/CMakeFiles/CMakeTmp/CheckSymbolExists.c:
/* */
#include <stdio.h>
#include <stddef.h>
#include <sys/types.h>
#include <inttypes.h>
#include <alloca.h>
#include <arpa/inet.h>
#include <dlfcn.h>
#include <fcntl.h>
#include <malloc.h>
#include <memory.h>
#include <netdb.h>
#include <sys/poll.h>
#include <assert.h>
#include <limits.h>
#include <sys/socket.h>
#include <netinet/in.h>
#include <net/if.h>
#include <netinet/if_ether.h>
#include <netinet/tcp.h>
#include <sys/select.h>
#include <utime.h>
#include <netinet/in.h>
#include <pwd.h>
#include <sgtty.h>
#include <stdint.h>
#include <stdlib.h>
#include <string.h>
#include <strings.h>
#include <sys/param.h>
#include <sys/stat.h>
#include <sys/time.h>
#include <sys/resource.h>
#include <termios.h>
#include <termio.h>
#include <time.h>
#include <unistd.h>
#include <locale.h>
#include <setjmp.h>
#include <signal.h>
#include <sys/ioctl.h>
#include <sys/utsname.h>
#include <arpa/tftp.h>
#include <errno.h>
#include <libgen.h>

int main(int argc, char** argv)
{
  (void)argv;
#ifndef tld_strerror
  return ((int*)(&tld_strerror))[argc];
#else
  (void)argc;
  return 0;
#endif
}

Performing Curl Test HAVE_FIONBIO failed with the following output:
Change Dir: /home/aav/specter/buildroot-2013.08/output/build/host-cmake-2.8.10.2/CMakeFiles/CMakeTmp

Run Build Command:/usr/bin/make "cmTryCompileExec1032367367/fast"
make[1]: Entering directory `/home/aav/specter/buildroot-2013.08/output/build/host-cmake-2.8.10.2/CMakeFiles/CMakeTmp'
make -f CMakeFiles/cmTryCompileExec1032367367.dir/build.make CMakeFiles/cmTryCompileExec1032367367.dir/build
make[2]: Entering directory `/home/aav/specter/buildroot-2013.08/output/build/host-cmake-2.8.10.2/CMakeFiles/CMakeTmp'
/home/aav/specter/buildroot-2013.08/output/build/host-cmake-2.8.10.2/Bootstrap.cmk/cmake -E cmake_progress_report /home/aav/specter/buildroot-2013.08/output/build/host-cmake-2.8.10.2/CMakeFiles/CMakeTmp/CMakeFiles 1
Building C object CMakeFiles/cmTryCompileExec1032367367.dir/CurlTests.c.o
/usr/bin/gcc   -O2 -I/home/aav/specter/buildroot-2013.08/output/host/usr/include   -DHAVE_FIONBIO   -o CMakeFiles/cmTryCompileExec1032367367.dir/CurlTests.c.o   -c /home/aav/specter/buildroot-2013.08/output/build/host-cmake-2.8.10.2/Utilities/cmcurl/CMake/CurlTests.c
/home/aav/specter/buildroot-2013.08/output/build/host-cmake-2.8.10.2/Utilities/cmcurl/CMake/CurlTests.c: In function ‘main’:
/home/aav/specter/buildroot-2013.08/output/build/host-cmake-2.8.10.2/Utilities/cmcurl/CMake/CurlTests.c:476:28: error: ‘FIONBIO’ undeclared (first use in this function)
  int flags = ioctl(socket, FIONBIO, &flags);
                            ^
/home/aav/specter/buildroot-2013.08/output/build/host-cmake-2.8.10.2/Utilities/cmcurl/CMake/CurlTests.c:476:28: note: each undeclared identifier is reported only once for each function it appears in
make[2]: *** [CMakeFiles/cmTryCompileExec1032367367.dir/CurlTests.c.o] Error 1
make[2]: Leaving directory `/home/aav/specter/buildroot-2013.08/output/build/host-cmake-2.8.10.2/CMakeFiles/CMakeTmp'
make[1]: *** [cmTryCompileExec1032367367/fast] Error 2
make[1]: Leaving directory `/home/aav/specter/buildroot-2013.08/output/build/host-cmake-2.8.10.2/CMakeFiles/CMakeTmp'

Performing Curl Test HAVE_IOCTLSOCKET failed with the following output:
Change Dir: /home/aav/specter/buildroot-2013.08/output/build/host-cmake-2.8.10.2/CMakeFiles/CMakeTmp

Run Build Command:/usr/bin/make "cmTryCompileExec3020240535/fast"
make[1]: Entering directory `/home/aav/specter/buildroot-2013.08/output/build/host-cmake-2.8.10.2/CMakeFiles/CMakeTmp'
make -f CMakeFiles/cmTryCompileExec3020240535.dir/build.make CMakeFiles/cmTryCompileExec3020240535.dir/build
make[2]: Entering directory `/home/aav/specter/buildroot-2013.08/output/build/host-cmake-2.8.10.2/CMakeFiles/CMakeTmp'
/home/aav/specter/buildroot-2013.08/output/build/host-cmake-2.8.10.2/Bootstrap.cmk/cmake -E cmake_progress_report /home/aav/specter/buildroot-2013.08/output/build/host-cmake-2.8.10.2/CMakeFiles/CMakeTmp/CMakeFiles 1
Building C object CMakeFiles/cmTryCompileExec3020240535.dir/CurlTests.c.o
/usr/bin/gcc   -O2 -I/home/aav/specter/buildroot-2013.08/output/host/usr/include   -DHAVE_IOCTLSOCKET   -o CMakeFiles/cmTryCompileExec3020240535.dir/CurlTests.c.o   -c /home/aav/specter/buildroot-2013.08/output/build/host-cmake-2.8.10.2/Utilities/cmcurl/CMake/CurlTests.c
/home/aav/specter/buildroot-2013.08/output/build/host-cmake-2.8.10.2/Utilities/cmcurl/CMake/CurlTests.c:435:21: fatal error: windows.h: No such file or directory
 #include <windows.h>
                     ^
compilation terminated.
make[2]: *** [CMakeFiles/cmTryCompileExec3020240535.dir/CurlTests.c.o] Error 1
make[2]: Leaving directory `/home/aav/specter/buildroot-2013.08/output/build/host-cmake-2.8.10.2/CMakeFiles/CMakeTmp'
make[1]: *** [cmTryCompileExec3020240535/fast] Error 2
make[1]: Leaving directory `/home/aav/specter/buildroot-2013.08/output/build/host-cmake-2.8.10.2/CMakeFiles/CMakeTmp'

Performing Curl Test HAVE_IOCTLSOCKET_CASE failed with the following output:
Change Dir: /home/aav/specter/buildroot-2013.08/output/build/host-cmake-2.8.10.2/CMakeFiles/CMakeTmp

Run Build Command:/usr/bin/make "cmTryCompileExec1583969575/fast"
make[1]: Entering directory `/home/aav/specter/buildroot-2013.08/output/build/host-cmake-2.8.10.2/CMakeFiles/CMakeTmp'
make -f CMakeFiles/cmTryCompileExec1583969575.dir/build.make CMakeFiles/cmTryCompileExec1583969575.dir/build
make[2]: Entering directory `/home/aav/specter/buildroot-2013.08/output/build/host-cmake-2.8.10.2/CMakeFiles/CMakeTmp'
/home/aav/specter/buildroot-2013.08/output/build/host-cmake-2.8.10.2/Bootstrap.cmk/cmake -E cmake_progress_report /home/aav/specter/buildroot-2013.08/output/build/host-cmake-2.8.10.2/CMakeFiles/CMakeTmp/CMakeFiles 1
Building C object CMakeFiles/cmTryCompileExec1583969575.dir/CurlTests.c.o
/usr/bin/gcc   -O2 -I/home/aav/specter/buildroot-2013.08/output/host/usr/include   -DHAVE_IOCTLSOCKET_CASE   -o CMakeFiles/cmTryCompileExec1583969575.dir/CurlTests.c.o   -c /home/aav/specter/buildroot-2013.08/output/build/host-cmake-2.8.10.2/Utilities/cmcurl/CMake/CurlTests.c
/home/aav/specter/buildroot-2013.08/output/build/host-cmake-2.8.10.2/Utilities/cmcurl/CMake/CurlTests.c:451:21: fatal error: windows.h: No such file or directory
 #include <windows.h>
                     ^
compilation terminated.
make[2]: *** [CMakeFiles/cmTryCompileExec1583969575.dir/CurlTests.c.o] Error 1
make[2]: Leaving directory `/home/aav/specter/buildroot-2013.08/output/build/host-cmake-2.8.10.2/CMakeFiles/CMakeTmp'
make[1]: *** [cmTryCompileExec1583969575/fast] Error 2
make[1]: Leaving directory `/home/aav/specter/buildroot-2013.08/output/build/host-cmake-2.8.10.2/CMakeFiles/CMakeTmp'

Performing Curl Test HAVE_SO_NONBLOCK failed with the following output:
Change Dir: /home/aav/specter/buildroot-2013.08/output/build/host-cmake-2.8.10.2/CMakeFiles/CMakeTmp

Run Build Command:/usr/bin/make "cmTryCompileExec2455637285/fast"
make[1]: Entering directory `/home/aav/specter/buildroot-2013.08/output/build/host-cmake-2.8.10.2/CMakeFiles/CMakeTmp'
make -f CMakeFiles/cmTryCompileExec2455637285.dir/build.make CMakeFiles/cmTryCompileExec2455637285.dir/build
make[2]: Entering directory `/home/aav/specter/buildroot-2013.08/output/build/host-cmake-2.8.10.2/CMakeFiles/CMakeTmp'
/home/aav/specter/buildroot-2013.08/output/build/host-cmake-2.8.10.2/Bootstrap.cmk/cmake -E cmake_progress_report /home/aav/specter/buildroot-2013.08/output/build/host-cmake-2.8.10.2/CMakeFiles/CMakeTmp/CMakeFiles 1
Building C object CMakeFiles/cmTryCompileExec2455637285.dir/CurlTests.c.o
/usr/bin/gcc   -O2 -I/home/aav/specter/buildroot-2013.08/output/host/usr/include   -DHAVE_SO_NONBLOCK   -o CMakeFiles/cmTryCompileExec2455637285.dir/CurlTests.c.o   -c /home/aav/specter/buildroot-2013.08/output/build/host-cmake-2.8.10.2/Utilities/cmcurl/CMake/CurlTests.c
/home/aav/specter/buildroot-2013.08/output/build/host-cmake-2.8.10.2/Utilities/cmcurl/CMake/CurlTests.c: In function ‘main’:
/home/aav/specter/buildroot-2013.08/output/build/host-cmake-2.8.10.2/Utilities/cmcurl/CMake/CurlTests.c:494:33: error: ‘SOL_SOCKET’ undeclared (first use in this function)
  int flags = setsockopt(socket, SOL_SOCKET, SO_NONBLOCK, &b, sizeof(b));
                                 ^
/home/aav/specter/buildroot-2013.08/output/build/host-cmake-2.8.10.2/Utilities/cmcurl/CMake/CurlTests.c:494:33: note: each undeclared identifier is reported only once for each function it appears in
/home/aav/specter/buildroot-2013.08/output/build/host-cmake-2.8.10.2/Utilities/cmcurl/CMake/CurlTests.c:494:45: error: ‘SO_NONBLOCK’ undeclared (first use in this function)
  int flags = setsockopt(socket, SOL_SOCKET, SO_NONBLOCK, &b, sizeof(b));
                                             ^
make[2]: *** [CMakeFiles/cmTryCompileExec2455637285.dir/CurlTests.c.o] Error 1
make[2]: Leaving directory `/home/aav/specter/buildroot-2013.08/output/build/host-cmake-2.8.10.2/CMakeFiles/CMakeTmp'
make[1]: *** [cmTryCompileExec2455637285/fast] Error 2
make[1]: Leaving directory `/home/aav/specter/buildroot-2013.08/output/build/host-cmake-2.8.10.2/CMakeFiles/CMakeTmp'

Performing Curl Test HAVE_O_NONBLOCKHAVE_GETHOSTBYADDR_R_5 failed with the following output:
Change Dir: /home/aav/specter/buildroot-2013.08/output/build/host-cmake-2.8.10.2/CMakeFiles/CMakeTmp

Run Build Command:/usr/bin/make "cmTryCompileExec1632820949/fast"
make[1]: Entering directory `/home/aav/specter/buildroot-2013.08/output/build/host-cmake-2.8.10.2/CMakeFiles/CMakeTmp'
make -f CMakeFiles/cmTryCompileExec1632820949.dir/build.make CMakeFiles/cmTryCompileExec1632820949.dir/build
make[2]: Entering directory `/home/aav/specter/buildroot-2013.08/output/build/host-cmake-2.8.10.2/CMakeFiles/CMakeTmp'
/home/aav/specter/buildroot-2013.08/output/build/host-cmake-2.8.10.2/Bootstrap.cmk/cmake -E cmake_progress_report /home/aav/specter/buildroot-2013.08/output/build/host-cmake-2.8.10.2/CMakeFiles/CMakeTmp/CMakeFiles 1
Building C object CMakeFiles/cmTryCompileExec1632820949.dir/CurlTests.c.o
/usr/bin/gcc   -O2 -I/home/aav/specter/buildroot-2013.08/output/host/usr/include   -DHAVE_O_NONBLOCKHAVE_GETHOSTBYADDR_R_5   -o CMakeFiles/cmTryCompileExec1632820949.dir/CurlTests.c.o   -c /home/aav/specter/buildroot-2013.08/output/build/host-cmake-2.8.10.2/Utilities/cmcurl/CMake/CurlTests.c
Linking C executable cmTryCompileExec1632820949
/home/aav/specter/buildroot-2013.08/output/build/host-cmake-2.8.10.2/Bootstrap.cmk/cmake -E cmake_link_script CMakeFiles/cmTryCompileExec1632820949.dir/link.txt --verbose=1
/usr/bin/gcc    -O2 -I/home/aav/specter/buildroot-2013.08/output/host/usr/include   -DHAVE_O_NONBLOCKHAVE_GETHOSTBYADDR_R_5   -L/home/aav/specter/buildroot-2013.08/output/host/lib -L/home/aav/specter/buildroot-2013.08/output/host/usr/lib -Wl,-rpath,/home/aav/specter/buildroot-2013.08/output/host/usr/lib CMakeFiles/cmTryCompileExec1632820949.dir/CurlTests.c.o  -o cmTryCompileExec1632820949 -rdynamic -ldl 
/usr/bin/ld: /usr/lib/debug/usr/lib/i386-linux-gnu/crt1.o(.debug_info): relocation 0 has invalid symbol index 11
/usr/bin/ld: /usr/lib/debug/usr/lib/i386-linux-gnu/crt1.o(.debug_info): relocation 1 has invalid symbol index 12
/usr/bin/ld: /usr/lib/debug/usr/lib/i386-linux-gnu/crt1.o(.debug_info): relocation 2 has invalid symbol index 2
/usr/bin/ld: /usr/lib/debug/usr/lib/i386-linux-gnu/crt1.o(.debug_info): relocation 3 has invalid symbol index 2
/usr/bin/ld: /usr/lib/debug/usr/lib/i386-linux-gnu/crt1.o(.debug_info): relocation 4 has invalid symbol index 11
/usr/bin/ld: /usr/lib/debug/usr/lib/i386-linux-gnu/crt1.o(.debug_info): relocation 5 has invalid symbol index 13
/usr/bin/ld: /usr/lib/debug/usr/lib/i386-linux-gnu/crt1.o(.debug_info): relocation 6 has invalid symbol index 13
/usr/bin/ld: /usr/lib/debug/usr/lib/i386-linux-gnu/crt1.o(.debug_info): relocation 7 has invalid symbol index 13
/usr/bin/ld: /usr/lib/debug/usr/lib/i386-linux-gnu/crt1.o(.debug_info): relocation 8 has invalid symbol index 12
/usr/bin/ld: /usr/lib/debug/usr/lib/i386-linux-gnu/crt1.o(.debug_info): relocation 9 has invalid symbol index 13
/usr/bin/ld: /usr/lib/debug/usr/lib/i386-linux-gnu/crt1.o(.debug_info): relocation 10 has invalid symbol index 13
/usr/bin/ld: /usr/lib/debug/usr/lib/i386-linux-gnu/crt1.o(.debug_info): relocation 11 has invalid symbol index 13
/usr/bin/ld: /usr/lib/debug/usr/lib/i386-linux-gnu/crt1.o(.debug_info): relocation 12 has invalid symbol index 13
/usr/bin/ld: /usr/lib/debug/usr/lib/i386-linux-gnu/crt1.o(.debug_info): relocation 13 has invalid symbol index 13
/usr/bin/ld: /usr/lib/debug/usr/lib/i386-linux-gnu/crt1.o(.debug_info): relocation 14 has invalid symbol index 13
/usr/bin/ld: /usr/lib/debug/usr/lib/i386-linux-gnu/crt1.o(.debug_info): relocation 15 has invalid symbol index 13
/usr/bin/ld: /usr/lib/debug/usr/lib/i386-linux-gnu/crt1.o(.debug_info): relocation 16 has invalid symbol index 13
/usr/bin/ld: /usr/lib/debug/usr/lib/i386-linux-gnu/crt1.o(.debug_info): relocation 17 has invalid symbol index 13
/usr/bin/ld: /usr/lib/debug/usr/lib/i386-linux-gnu/crt1.o(.debug_info): relocation 18 has invalid symbol index 13
/usr/bin/ld: /usr/lib/debug/usr/lib/i386-linux-gnu/crt1.o(.debug_info): relocation 19 has invalid symbol index 13
/usr/bin/ld: /usr/lib/debug/usr/lib/i386-linux-gnu/crt1.o(.debug_info): relocation 20 has invalid symbol index 13
/usr/bin/ld: /usr/lib/debug/usr/lib/i386-linux-gnu/crt1.o(.debug_info): relocation 21 has invalid symbol index 22
/usr/bin/ld: /usr/lib/debug/usr/lib/i386-linux-gnu/crt1.o(.debug_line): relocation 0 has invalid symbol index 2
/usr/lib/gcc/i686-linux-gnu/4.8/../../../i386-linux-gnu/crt1.o: In function `_start':
(.text+0x18): undefined reference to `main'
collect2: error: ld returned 1 exit status
make[2]: *** [cmTryCompileExec1632820949] Error 1
make[2]: Leaving directory `/home/aav/specter/buildroot-2013.08/output/build/host-cmake-2.8.10.2/CMakeFiles/CMakeTmp'
make[1]: *** [cmTryCompileExec1632820949/fast] Error 2
make[1]: Leaving directory `/home/aav/specter/buildroot-2013.08/output/build/host-cmake-2.8.10.2/CMakeFiles/CMakeTmp'

Performing Curl Test HAVE_GETHOSTBYADDR_R_7 failed with the following output:
Change Dir: /home/aav/specter/buildroot-2013.08/output/build/host-cmake-2.8.10.2/CMakeFiles/CMakeTmp

Run Build Command:/usr/bin/make "cmTryCompileExec917481984/fast"
make[1]: Entering directory `/home/aav/specter/buildroot-2013.08/output/build/host-cmake-2.8.10.2/CMakeFiles/CMakeTmp'
make -f CMakeFiles/cmTryCompileExec917481984.dir/build.make CMakeFiles/cmTryCompileExec917481984.dir/build
make[2]: Entering directory `/home/aav/specter/buildroot-2013.08/output/build/host-cmake-2.8.10.2/CMakeFiles/CMakeTmp'
/home/aav/specter/buildroot-2013.08/output/build/host-cmake-2.8.10.2/Bootstrap.cmk/cmake -E cmake_progress_report /home/aav/specter/buildroot-2013.08/output/build/host-cmake-2.8.10.2/CMakeFiles/CMakeTmp/CMakeFiles 1
Building C object CMakeFiles/cmTryCompileExec917481984.dir/CurlTests.c.o
/usr/bin/gcc   -O2 -I/home/aav/specter/buildroot-2013.08/output/host/usr/include   -DHAVE_GETHOSTBYADDR_R_7   -o CMakeFiles/cmTryCompileExec917481984.dir/CurlTests.c.o   -c /home/aav/specter/buildroot-2013.08/output/build/host-cmake-2.8.10.2/Utilities/cmcurl/CMake/CurlTests.c
/home/aav/specter/buildroot-2013.08/output/build/host-cmake-2.8.10.2/Utilities/cmcurl/CMake/CurlTests.c: In function ‘main’:
/home/aav/specter/buildroot-2013.08/output/build/host-cmake-2.8.10.2/Utilities/cmcurl/CMake/CurlTests.c:112:22: warning: passing argument 7 of ‘gethostbyaddr_r’ from incompatible pointer type [enabled by default]
                      buffer, 8192, &h_errnop);
                      ^
In file included from /home/aav/specter/buildroot-2013.08/output/build/host-cmake-2.8.10.2/Utilities/cmcurl/CMake/CurlTests.c:95:0:
/usr/include/netdb.h:172:12: note: expected ‘struct hostent ** __restrict__’ but argument is of type ‘int *’
 extern int gethostbyaddr_r (const void *__restrict __addr, __socklen_t __len,
            ^
/home/aav/specter/buildroot-2013.08/output/build/host-cmake-2.8.10.2/Utilities/cmcurl/CMake/CurlTests.c:112:22: error: too few arguments to function ‘gethostbyaddr_r’
                      buffer, 8192, &h_errnop);
                      ^
In file included from /home/aav/specter/buildroot-2013.08/output/build/host-cmake-2.8.10.2/Utilities/cmcurl/CMake/CurlTests.c:95:0:
/usr/include/netdb.h:172:12: note: declared here
 extern int gethostbyaddr_r (const void *__restrict __addr, __socklen_t __len,
            ^
make[2]: *** [CMakeFiles/cmTryCompileExec917481984.dir/CurlTests.c.o] Error 1
make[2]: Leaving directory `/home/aav/specter/buildroot-2013.08/output/build/host-cmake-2.8.10.2/CMakeFiles/CMakeTmp'
make[1]: *** [cmTryCompileExec917481984/fast] Error 2
make[1]: Leaving directory `/home/aav/specter/buildroot-2013.08/output/build/host-cmake-2.8.10.2/CMakeFiles/CMakeTmp'

Performing Curl Test HAVE_GETHOSTBYADDR_R_5_REENTRANT failed with the following output:
Change Dir: /home/aav/specter/buildroot-2013.08/output/build/host-cmake-2.8.10.2/CMakeFiles/CMakeTmp

Run Build Command:/usr/bin/make "cmTryCompileExec3359505289/fast"
make[1]: Entering directory `/home/aav/specter/buildroot-2013.08/output/build/host-cmake-2.8.10.2/CMakeFiles/CMakeTmp'
make -f CMakeFiles/cmTryCompileExec3359505289.dir/build.make CMakeFiles/cmTryCompileExec3359505289.dir/build
make[2]: Entering directory `/home/aav/specter/buildroot-2013.08/output/build/host-cmake-2.8.10.2/CMakeFiles/CMakeTmp'
/home/aav/specter/buildroot-2013.08/output/build/host-cmake-2.8.10.2/Bootstrap.cmk/cmake -E cmake_progress_report /home/aav/specter/buildroot-2013.08/output/build/host-cmake-2.8.10.2/CMakeFiles/CMakeTmp/CMakeFiles 1
Building C object CMakeFiles/cmTryCompileExec3359505289.dir/CurlTests.c.o
/usr/bin/gcc   -O2 -I/home/aav/specter/buildroot-2013.08/output/host/usr/include   -DHAVE_GETHOSTBYADDR_R_5_REENTRANT   -o CMakeFiles/cmTryCompileExec3359505289.dir/CurlTests.c.o   -c /home/aav/specter/buildroot-2013.08/output/build/host-cmake-2.8.10.2/Utilities/cmcurl/CMake/CurlTests.c
/home/aav/specter/buildroot-2013.08/output/build/host-cmake-2.8.10.2/Utilities/cmcurl/CMake/CurlTests.c: In function ‘main’:
/home/aav/specter/buildroot-2013.08/output/build/host-cmake-2.8.10.2/Utilities/cmcurl/CMake/CurlTests.c:80:12: error: ‘q’ undeclared (first use in this function)
 int length;q
            ^
/home/aav/specter/buildroot-2013.08/output/build/host-cmake-2.8.10.2/Utilities/cmcurl/CMake/CurlTests.c:80:12: note: each undeclared identifier is reported only once for each function it appears in
/home/aav/specter/buildroot-2013.08/output/build/host-cmake-2.8.10.2/Utilities/cmcurl/CMake/CurlTests.c:81:1: error: expected ‘;’ before ‘int’
 int type;
 ^
/home/aav/specter/buildroot-2013.08/output/build/host-cmake-2.8.10.2/Utilities/cmcurl/CMake/CurlTests.c:83:21: error: storage size of ‘hdata’ isn’t known
 struct hostent_data hdata;
                     ^
/home/aav/specter/buildroot-2013.08/output/build/host-cmake-2.8.10.2/Utilities/cmcurl/CMake/CurlTests.c:88:39: error: ‘type’ undeclared (first use in this function)
 rc = gethostbyaddr_r(address, length, type, &h, &hdata);
                                       ^
/home/aav/specter/buildroot-2013.08/output/build/host-cmake-2.8.10.2/Utilities/cmcurl/CMake/CurlTests.c:88:1: error: too few arguments to function ‘gethostbyaddr_r’
 rc = gethostbyaddr_r(address, length, type, &h, &hdata);
 ^
In file included from /home/aav/specter/buildroot-2013.08/output/build/host-cmake-2.8.10.2/Utilities/cmcurl/CMake/CurlTests.c:74:0:
/usr/include/netdb.h:172:12: note: declared here
 extern int gethostbyaddr_r (const void *__restrict __addr, __socklen_t __len,
            ^
make[2]: *** [CMakeFiles/cmTryCompileExec3359505289.dir/CurlTests.c.o] Error 1
make[2]: Leaving directory `/home/aav/specter/buildroot-2013.08/output/build/host-cmake-2.8.10.2/CMakeFiles/CMakeTmp'
make[1]: *** [cmTryCompileExec3359505289/fast] Error 2
make[1]: Leaving directory `/home/aav/specter/buildroot-2013.08/output/build/host-cmake-2.8.10.2/CMakeFiles/CMakeTmp'

Performing Curl Test HAVE_GETHOSTBYADDR_R_7_REENTRANT failed with the following output:
Change Dir: /home/aav/specter/buildroot-2013.08/output/build/host-cmake-2.8.10.2/CMakeFiles/CMakeTmp

Run Build Command:/usr/bin/make "cmTryCompileExec2754748871/fast"
make[1]: Entering directory `/home/aav/specter/buildroot-2013.08/output/build/host-cmake-2.8.10.2/CMakeFiles/CMakeTmp'
make -f CMakeFiles/cmTryCompileExec2754748871.dir/build.make CMakeFiles/cmTryCompileExec2754748871.dir/build
make[2]: Entering directory `/home/aav/specter/buildroot-2013.08/output/build/host-cmake-2.8.10.2/CMakeFiles/CMakeTmp'
/home/aav/specter/buildroot-2013.08/output/build/host-cmake-2.8.10.2/Bootstrap.cmk/cmake -E cmake_progress_report /home/aav/specter/buildroot-2013.08/output/build/host-cmake-2.8.10.2/CMakeFiles/CMakeTmp/CMakeFiles 1
Building C object CMakeFiles/cmTryCompileExec2754748871.dir/CurlTests.c.o
/usr/bin/gcc   -O2 -I/home/aav/specter/buildroot-2013.08/output/host/usr/include   -DHAVE_GETHOSTBYADDR_R_7_REENTRANT   -o CMakeFiles/cmTryCompileExec2754748871.dir/CurlTests.c.o   -c /home/aav/specter/buildroot-2013.08/output/build/host-cmake-2.8.10.2/Utilities/cmcurl/CMake/CurlTests.c
/home/aav/specter/buildroot-2013.08/output/build/host-cmake-2.8.10.2/Utilities/cmcurl/CMake/CurlTests.c: In function ‘main’:
/home/aav/specter/buildroot-2013.08/output/build/host-cmake-2.8.10.2/Utilities/cmcurl/CMake/CurlTests.c:137:22: warning: passing argument 7 of ‘gethostbyaddr_r’ from incompatible pointer type [enabled by default]
                      buffer, 8192, &h_errnop);
                      ^
In file included from /home/aav/specter/buildroot-2013.08/output/build/host-cmake-2.8.10.2/Utilities/cmcurl/CMake/CurlTests.c:120:0:
/usr/include/netdb.h:172:12: note: expected ‘struct hostent ** __restrict__’ but argument is of type ‘int *’
 extern int gethostbyaddr_r (const void *__restrict __addr, __socklen_t __len,
            ^
/home/aav/specter/buildroot-2013.08/output/build/host-cmake-2.8.10.2/Utilities/cmcurl/CMake/CurlTests.c:137:22: error: too few arguments to function ‘gethostbyaddr_r’
                      buffer, 8192, &h_errnop);
                      ^
In file included from /home/aav/specter/buildroot-2013.08/output/build/host-cmake-2.8.10.2/Utilities/cmcurl/CMake/CurlTests.c:120:0:
/usr/include/netdb.h:172:12: note: declared here
 extern int gethostbyaddr_r (const void *__restrict __addr, __socklen_t __len,
            ^
make[2]: *** [CMakeFiles/cmTryCompileExec2754748871.dir/CurlTests.c.o] Error 1
make[2]: Leaving directory `/home/aav/specter/buildroot-2013.08/output/build/host-cmake-2.8.10.2/CMakeFiles/CMakeTmp'
make[1]: *** [cmTryCompileExec2754748871/fast] Error 2
make[1]: Leaving directory `/home/aav/specter/buildroot-2013.08/output/build/host-cmake-2.8.10.2/CMakeFiles/CMakeTmp'

Performing Curl Test HAVE_GETHOSTBYNAME_R_3 failed with the following output:
Change Dir: /home/aav/specter/buildroot-2013.08/output/build/host-cmake-2.8.10.2/CMakeFiles/CMakeTmp

Run Build Command:/usr/bin/make "cmTryCompileExec4083767824/fast"
make[1]: Entering directory `/home/aav/specter/buildroot-2013.08/output/build/host-cmake-2.8.10.2/CMakeFiles/CMakeTmp'
make -f CMakeFiles/cmTryCompileExec4083767824.dir/build.make CMakeFiles/cmTryCompileExec4083767824.dir/build
make[2]: Entering directory `/home/aav/specter/buildroot-2013.08/output/build/host-cmake-2.8.10.2/CMakeFiles/CMakeTmp'
/home/aav/specter/buildroot-2013.08/output/build/host-cmake-2.8.10.2/Bootstrap.cmk/cmake -E cmake_progress_report /home/aav/specter/buildroot-2013.08/output/build/host-cmake-2.8.10.2/CMakeFiles/CMakeTmp/CMakeFiles 1
Building C object CMakeFiles/cmTryCompileExec4083767824.dir/CurlTests.c.o
/usr/bin/gcc   -O2 -I/home/aav/specter/buildroot-2013.08/output/host/usr/include   -DHAVE_GETHOSTBYNAME_R_3   -o CMakeFiles/cmTryCompileExec4083767824.dir/CurlTests.c.o   -c /home/aav/specter/buildroot-2013.08/output/build/host-cmake-2.8.10.2/Utilities/cmcurl/CMake/CurlTests.c
/home/aav/specter/buildroot-2013.08/output/build/host-cmake-2.8.10.2/Utilities/cmcurl/CMake/CurlTests.c: In function ‘main’:
/home/aav/specter/buildroot-2013.08/output/build/host-cmake-2.8.10.2/Utilities/cmcurl/CMake/CurlTests.c:204:21: error: storage size of ‘data’ isn’t known
 struct hostent_data data;
                     ^
/home/aav/specter/buildroot-2013.08/output/build/host-cmake-2.8.10.2/Utilities/cmcurl/CMake/CurlTests.c:208:1: error: too few arguments to function ‘gethostbyname_r’
 gethostbyname_r(NULL, NULL, NULL);
 ^
In file included from /home/aav/specter/buildroot-2013.08/output/build/host-cmake-2.8.10.2/Utilities/cmcurl/CMake/CurlTests.c:196:0:
/usr/include/netdb.h:179:12: note: declared here
 extern int gethostbyname_r (const char *__restrict __name,
            ^
make[2]: *** [CMakeFiles/cmTryCompileExec4083767824.dir/CurlTests.c.o] Error 1
make[2]: Leaving directory `/home/aav/specter/buildroot-2013.08/output/build/host-cmake-2.8.10.2/CMakeFiles/CMakeTmp'
make[1]: *** [cmTryCompileExec4083767824/fast] Error 2
make[1]: Leaving directory `/home/aav/specter/buildroot-2013.08/output/build/host-cmake-2.8.10.2/CMakeFiles/CMakeTmp'

Performing Curl Test HAVE_GETHOSTBYNAME_R_5 failed with the following output:
Change Dir: /home/aav/specter/buildroot-2013.08/output/build/host-cmake-2.8.10.2/CMakeFiles/CMakeTmp

Run Build Command:/usr/bin/make "cmTryCompileExec3457992994/fast"
make[1]: Entering directory `/home/aav/specter/buildroot-2013.08/output/build/host-cmake-2.8.10.2/CMakeFiles/CMakeTmp'
make -f CMakeFiles/cmTryCompileExec3457992994.dir/build.make CMakeFiles/cmTryCompileExec3457992994.dir/build
make[2]: Entering directory `/home/aav/specter/buildroot-2013.08/output/build/host-cmake-2.8.10.2/CMakeFiles/CMakeTmp'
/home/aav/specter/buildroot-2013.08/output/build/host-cmake-2.8.10.2/Bootstrap.cmk/cmake -E cmake_progress_report /home/aav/specter/buildroot-2013.08/output/build/host-cmake-2.8.10.2/CMakeFiles/CMakeTmp/CMakeFiles 1
Building C object CMakeFiles/cmTryCompileExec3457992994.dir/CurlTests.c.o
/usr/bin/gcc   -O2 -I/home/aav/specter/buildroot-2013.08/output/host/usr/include   -DHAVE_GETHOSTBYNAME_R_5   -o CMakeFiles/cmTryCompileExec3457992994.dir/CurlTests.c.o   -c /home/aav/specter/buildroot-2013.08/output/build/host-cmake-2.8.10.2/Utilities/cmcurl/CMake/CurlTests.c
/home/aav/specter/buildroot-2013.08/output/build/host-cmake-2.8.10.2/Utilities/cmcurl/CMake/CurlTests.c: In function ‘main’:
/home/aav/specter/buildroot-2013.08/output/build/host-cmake-2.8.10.2/Utilities/cmcurl/CMake/CurlTests.c:247:1: error: too few arguments to function ‘gethostbyname_r’
 gethostbyname_r(NULL, NULL, NULL, 0, NULL);
 ^
In file included from /home/aav/specter/buildroot-2013.08/output/build/host-cmake-2.8.10.2/Utilities/cmcurl/CMake/CurlTests.c:237:0:
/usr/include/netdb.h:179:12: note: declared here
 extern int gethostbyname_r (const char *__restrict __name,
            ^
make[2]: *** [CMakeFiles/cmTryCompileExec3457992994.dir/CurlTests.c.o] Error 1
make[2]: Leaving directory `/home/aav/specter/buildroot-2013.08/output/build/host-cmake-2.8.10.2/CMakeFiles/CMakeTmp'
make[1]: *** [cmTryCompileExec3457992994/fast] Error 2
make[1]: Leaving directory `/home/aav/specter/buildroot-2013.08/output/build/host-cmake-2.8.10.2/CMakeFiles/CMakeTmp'

Performing Curl Test HAVE_GETHOSTBYNAME_R_3_REENTRANT failed with the following output:
Change Dir: /home/aav/specter/buildroot-2013.08/output/build/host-cmake-2.8.10.2/CMakeFiles/CMakeTmp

Run Build Command:/usr/bin/make "cmTryCompileExec1070796224/fast"
make[1]: Entering directory `/home/aav/specter/buildroot-2013.08/output/build/host-cmake-2.8.10.2/CMakeFiles/CMakeTmp'
make -f CMakeFiles/cmTryCompileExec1070796224.dir/build.make CMakeFiles/cmTryCompileExec1070796224.dir/build
make[2]: Entering directory `/home/aav/specter/buildroot-2013.08/output/build/host-cmake-2.8.10.2/CMakeFiles/CMakeTmp'
/home/aav/specter/buildroot-2013.08/output/build/host-cmake-2.8.10.2/Bootstrap.cmk/cmake -E cmake_progress_report /home/aav/specter/buildroot-2013.08/output/build/host-cmake-2.8.10.2/CMakeFiles/CMakeTmp/CMakeFiles 1
Building C object CMakeFiles/cmTryCompileExec1070796224.dir/CurlTests.c.o
/usr/bin/gcc   -O2 -I/home/aav/specter/buildroot-2013.08/output/host/usr/include   -DHAVE_GETHOSTBYNAME_R_3_REENTRANT   -o CMakeFiles/cmTryCompileExec1070796224.dir/CurlTests.c.o   -c /home/aav/specter/buildroot-2013.08/output/build/host-cmake-2.8.10.2/Utilities/cmcurl/CMake/CurlTests.c
/home/aav/specter/buildroot-2013.08/output/build/host-cmake-2.8.10.2/Utilities/cmcurl/CMake/CurlTests.c: In function ‘main’:
/home/aav/specter/buildroot-2013.08/output/build/host-cmake-2.8.10.2/Utilities/cmcurl/CMake/CurlTests.c:225:21: error: storage size of ‘data’ isn’t known
 struct hostent_data data;
                     ^
/home/aav/specter/buildroot-2013.08/output/build/host-cmake-2.8.10.2/Utilities/cmcurl/CMake/CurlTests.c:229:1: error: too few arguments to function ‘gethostbyname_r’
 gethostbyname_r(NULL, NULL, NULL);
 ^
In file included from /home/aav/specter/buildroot-2013.08/output/build/host-cmake-2.8.10.2/Utilities/cmcurl/CMake/CurlTests.c:217:0:
/usr/include/netdb.h:179:12: note: declared here
 extern int gethostbyname_r (const char *__restrict __name,
            ^
make[2]: *** [CMakeFiles/cmTryCompileExec1070796224.dir/CurlTests.c.o] Error 1
make[2]: Leaving directory `/home/aav/specter/buildroot-2013.08/output/build/host-cmake-2.8.10.2/CMakeFiles/CMakeTmp'
make[1]: *** [cmTryCompileExec1070796224/fast] Error 2
make[1]: Leaving directory `/home/aav/specter/buildroot-2013.08/output/build/host-cmake-2.8.10.2/CMakeFiles/CMakeTmp'

Performing Curl Test HAVE_GETHOSTBYNAME_R_5_REENTRANT failed with the following output:
Change Dir: /home/aav/specter/buildroot-2013.08/output/build/host-cmake-2.8.10.2/CMakeFiles/CMakeTmp

Run Build Command:/usr/bin/make "cmTryCompileExec3495981402/fast"
make[1]: Entering directory `/home/aav/specter/buildroot-2013.08/output/build/host-cmake-2.8.10.2/CMakeFiles/CMakeTmp'
make -f CMakeFiles/cmTryCompileExec3495981402.dir/build.make CMakeFiles/cmTryCompileExec3495981402.dir/build
make[2]: Entering directory `/home/aav/specter/buildroot-2013.08/output/build/host-cmake-2.8.10.2/CMakeFiles/CMakeTmp'
/home/aav/specter/buildroot-2013.08/output/build/host-cmake-2.8.10.2/Bootstrap.cmk/cmake -E cmake_progress_report /home/aav/specter/buildroot-2013.08/output/build/host-cmake-2.8.10.2/CMakeFiles/CMakeTmp/CMakeFiles 1
Building C object CMakeFiles/cmTryCompileExec3495981402.dir/CurlTests.c.o
/usr/bin/gcc   -O2 -I/home/aav/specter/buildroot-2013.08/output/host/usr/include   -DHAVE_GETHOSTBYNAME_R_5_REENTRANT   -o CMakeFiles/cmTryCompileExec3495981402.dir/CurlTests.c.o   -c /home/aav/specter/buildroot-2013.08/output/build/host-cmake-2.8.10.2/Utilities/cmcurl/CMake/CurlTests.c
/home/aav/specter/buildroot-2013.08/output/build/host-cmake-2.8.10.2/Utilities/cmcurl/CMake/CurlTests.c: In function ‘main’:
/home/aav/specter/buildroot-2013.08/output/build/host-cmake-2.8.10.2/Utilities/cmcurl/CMake/CurlTests.c:266:1: error: too few arguments to function ‘gethostbyname_r’
 gethostbyname_r(NULL, NULL, NULL, 0, NULL);
 ^
In file included from /home/aav/specter/buildroot-2013.08/output/build/host-cmake-2.8.10.2/Utilities/cmcurl/CMake/CurlTests.c:255:0:
/usr/include/netdb.h:179:12: note: declared here
 extern int gethostbyname_r (const char *__restrict __name,
            ^
make[2]: *** [CMakeFiles/cmTryCompileExec3495981402.dir/CurlTests.c.o] Error 1
make[2]: Leaving directory `/home/aav/specter/buildroot-2013.08/output/build/host-cmake-2.8.10.2/CMakeFiles/CMakeTmp'
make[1]: *** [cmTryCompileExec3495981402/fast] Error 2
make[1]: Leaving directory `/home/aav/specter/buildroot-2013.08/output/build/host-cmake-2.8.10.2/CMakeFiles/CMakeTmp'

Performing Curl Test HAVE_INET_NTOA_R_DECL failed with the following output:
Change Dir: /home/aav/specter/buildroot-2013.08/output/build/host-cmake-2.8.10.2/CMakeFiles/CMakeTmp

Run Build Command:/usr/bin/make "cmTryCompileExec1991535287/fast"
make[1]: Entering directory `/home/aav/specter/buildroot-2013.08/output/build/host-cmake-2.8.10.2/CMakeFiles/CMakeTmp'
make -f CMakeFiles/cmTryCompileExec1991535287.dir/build.make CMakeFiles/cmTryCompileExec1991535287.dir/build
make[2]: Entering directory `/home/aav/specter/buildroot-2013.08/output/build/host-cmake-2.8.10.2/CMakeFiles/CMakeTmp'
/home/aav/specter/buildroot-2013.08/output/build/host-cmake-2.8.10.2/Bootstrap.cmk/cmake -E cmake_progress_report /home/aav/specter/buildroot-2013.08/output/build/host-cmake-2.8.10.2/CMakeFiles/CMakeTmp/CMakeFiles 1
Building C object CMakeFiles/cmTryCompileExec1991535287.dir/CurlTests.c.o
/usr/bin/gcc   -O2 -I/home/aav/specter/buildroot-2013.08/output/host/usr/include   -DHAVE_INET_NTOA_R_DECL   -o CMakeFiles/cmTryCompileExec1991535287.dir/CurlTests.c.o   -c /home/aav/specter/buildroot-2013.08/output/build/host-cmake-2.8.10.2/Utilities/cmcurl/CMake/CurlTests.c
/home/aav/specter/buildroot-2013.08/output/build/host-cmake-2.8.10.2/Utilities/cmcurl/CMake/CurlTests.c: In function ‘main’:
/home/aav/specter/buildroot-2013.08/output/build/host-cmake-2.8.10.2/Utilities/cmcurl/CMake/CurlTests.c:376:21: error: ‘inet_ntoa_r’ undeclared (first use in this function)
   func = (func_type)inet_ntoa_r;
                     ^
/home/aav/specter/buildroot-2013.08/output/build/host-cmake-2.8.10.2/Utilities/cmcurl/CMake/CurlTests.c:376:21: note: each undeclared identifier is reported only once for each function it appears in
make[2]: *** [CMakeFiles/cmTryCompileExec1991535287.dir/CurlTests.c.o] Error 1
make[2]: Leaving directory `/home/aav/specter/buildroot-2013.08/output/build/host-cmake-2.8.10.2/CMakeFiles/CMakeTmp'
make[1]: *** [cmTryCompileExec1991535287/fast] Error 2
make[1]: Leaving directory `/home/aav/specter/buildroot-2013.08/output/build/host-cmake-2.8.10.2/CMakeFiles/CMakeTmp'

Performing Curl Test HAVE_INET_NTOA_R_DECL_REENTRANT failed with the following output:
Change Dir: /home/aav/specter/buildroot-2013.08/output/build/host-cmake-2.8.10.2/CMakeFiles/CMakeTmp

Run Build Command:/usr/bin/make "cmTryCompileExec4101847691/fast"
make[1]: Entering directory `/home/aav/specter/buildroot-2013.08/output/build/host-cmake-2.8.10.2/CMakeFiles/CMakeTmp'
make -f CMakeFiles/cmTryCompileExec4101847691.dir/build.make CMakeFiles/cmTryCompileExec4101847691.dir/build
make[2]: Entering directory `/home/aav/specter/buildroot-2013.08/output/build/host-cmake-2.8.10.2/CMakeFiles/CMakeTmp'
/home/aav/specter/buildroot-2013.08/output/build/host-cmake-2.8.10.2/Bootstrap.cmk/cmake -E cmake_progress_report /home/aav/specter/buildroot-2013.08/output/build/host-cmake-2.8.10.2/CMakeFiles/CMakeTmp/CMakeFiles 1
Building C object CMakeFiles/cmTryCompileExec4101847691.dir/CurlTests.c.o
/usr/bin/gcc   -O2 -I/home/aav/specter/buildroot-2013.08/output/host/usr/include   -DHAVE_INET_NTOA_R_DECL_REENTRANT   -o CMakeFiles/cmTryCompileExec4101847691.dir/CurlTests.c.o   -c /home/aav/specter/buildroot-2013.08/output/build/host-cmake-2.8.10.2/Utilities/cmcurl/CMake/CurlTests.c
/home/aav/specter/buildroot-2013.08/output/build/host-cmake-2.8.10.2/Utilities/cmcurl/CMake/CurlTests.c: In function ‘main’:
/home/aav/specter/buildroot-2013.08/output/build/host-cmake-2.8.10.2/Utilities/cmcurl/CMake/CurlTests.c:391:22: error: ‘inet_ntoa_r’ undeclared (first use in this function)
   func = (func_type)&inet_ntoa_r;
                      ^
/home/aav/specter/buildroot-2013.08/output/build/host-cmake-2.8.10.2/Utilities/cmcurl/CMake/CurlTests.c:391:22: note: each undeclared identifier is reported only once for each function it appears in
make[2]: *** [CMakeFiles/cmTryCompileExec4101847691.dir/CurlTests.c.o] Error 1
make[2]: Leaving directory `/home/aav/specter/buildroot-2013.08/output/build/host-cmake-2.8.10.2/CMakeFiles/CMakeTmp'
make[1]: *** [cmTryCompileExec4101847691/fast] Error 2
make[1]: Leaving directory `/home/aav/specter/buildroot-2013.08/output/build/host-cmake-2.8.10.2/CMakeFiles/CMakeTmp'

Determining if the function BZ2_bzCompressInit exists in the cmbzip2 failed with the following output:
Change Dir: /home/aav/specter/buildroot-2013.08/output/build/host-cmake-2.8.10.2/CMakeFiles/CMakeTmp

Run Build Command:/usr/bin/make "cmTryCompileExec1803194105/fast"
make[1]: Entering directory `/home/aav/specter/buildroot-2013.08/output/build/host-cmake-2.8.10.2/CMakeFiles/CMakeTmp'
make -f CMakeFiles/cmTryCompileExec1803194105.dir/build.make CMakeFiles/cmTryCompileExec1803194105.dir/build
make[2]: Entering directory `/home/aav/specter/buildroot-2013.08/output/build/host-cmake-2.8.10.2/CMakeFiles/CMakeTmp'
/home/aav/specter/buildroot-2013.08/output/build/host-cmake-2.8.10.2/Bootstrap.cmk/cmake -E cmake_progress_report /home/aav/specter/buildroot-2013.08/output/build/host-cmake-2.8.10.2/CMakeFiles/CMakeTmp/CMakeFiles 1
Building C object CMakeFiles/cmTryCompileExec1803194105.dir/CheckFunctionExists.c.o
/usr/bin/gcc   -O2 -I/home/aav/specter/buildroot-2013.08/output/host/usr/include  -w  -DCHECK_FUNCTION_EXISTS=BZ2_bzCompressInit   -o CMakeFiles/cmTryCompileExec1803194105.dir/CheckFunctionExists.c.o   -c /home/aav/specter/buildroot-2013.08/output/build/host-cmake-2.8.10.2/Modules/CheckFunctionExists.c
Linking C executable cmTryCompileExec1803194105
/home/aav/specter/buildroot-2013.08/output/build/host-cmake-2.8.10.2/Bootstrap.cmk/cmake -E cmake_link_script CMakeFiles/cmTryCompileExec1803194105.dir/link.txt --verbose=1
/usr/bin/gcc   -O2 -I/home/aav/specter/buildroot-2013.08/output/host/usr/include  -w  -DCHECK_FUNCTION_EXISTS=BZ2_bzCompressInit   -L/home/aav/specter/buildroot-2013.08/output/host/lib -L/home/aav/specter/buildroot-2013.08/output/host/usr/lib -Wl,-rpath,/home/aav/specter/buildroot-2013.08/output/host/usr/lib CMakeFiles/cmTryCompileExec1803194105.dir/CheckFunctionExists.c.o  -o cmTryCompileExec1803194105 -rdynamic -lcmbzip2 
/usr/bin/ld: cannot find -lcmbzip2
collect2: error: ld returned 1 exit status
make[2]: *** [cmTryCompileExec1803194105] Error 1
make[2]: Leaving directory `/home/aav/specter/buildroot-2013.08/output/build/host-cmake-2.8.10.2/CMakeFiles/CMakeTmp'
make[1]: *** [cmTryCompileExec1803194105/fast] Error 2
make[1]: Leaving directory `/home/aav/specter/buildroot-2013.08/output/build/host-cmake-2.8.10.2/CMakeFiles/CMakeTmp'


Determining if files sys/types.h;acl/libacl.h exist failed with the following output:
Change Dir: /home/aav/specter/buildroot-2013.08/output/build/host-cmake-2.8.10.2/CMakeFiles/CMakeTmp

Run Build Command:/usr/bin/make "cmTryCompileExec2686566491/fast"
make[1]: Entering directory `/home/aav/specter/buildroot-2013.08/output/build/host-cmake-2.8.10.2/CMakeFiles/CMakeTmp'
make -f CMakeFiles/cmTryCompileExec2686566491.dir/build.make CMakeFiles/cmTryCompileExec2686566491.dir/build
make[2]: Entering directory `/home/aav/specter/buildroot-2013.08/output/build/host-cmake-2.8.10.2/CMakeFiles/CMakeTmp'
/home/aav/specter/buildroot-2013.08/output/build/host-cmake-2.8.10.2/Bootstrap.cmk/cmake -E cmake_progress_report /home/aav/specter/buildroot-2013.08/output/build/host-cmake-2.8.10.2/CMakeFiles/CMakeTmp/CMakeFiles 1
Building C object CMakeFiles/cmTryCompileExec2686566491.dir/CheckIncludeFiles.c.o
/usr/bin/gcc   -O2 -I/home/aav/specter/buildroot-2013.08/output/host/usr/include  -w     -o CMakeFiles/cmTryCompileExec2686566491.dir/CheckIncludeFiles.c.o   -c /home/aav/specter/buildroot-2013.08/output/build/host-cmake-2.8.10.2/CMakeFiles/CMakeTmp/CheckIncludeFiles.c
/home/aav/specter/buildroot-2013.08/output/build/host-cmake-2.8.10.2/CMakeFiles/CMakeTmp/CheckIncludeFiles.c:3:24: fatal error: acl/libacl.h: No such file or directory
 #include <acl/libacl.h>
                        ^
compilation terminated.
make[2]: *** [CMakeFiles/cmTryCompileExec2686566491.dir/CheckIncludeFiles.c.o] Error 1
make[2]: Leaving directory `/home/aav/specter/buildroot-2013.08/output/build/host-cmake-2.8.10.2/CMakeFiles/CMakeTmp'
make[1]: *** [cmTryCompileExec2686566491/fast] Error 2
make[1]: Leaving directory `/home/aav/specter/buildroot-2013.08/output/build/host-cmake-2.8.10.2/CMakeFiles/CMakeTmp'

Source:
/* */
#include <sys/types.h>
#include <acl/libacl.h>


int main(){return 0;}

Determining if files sys/types.h;ctype.h;copyfile.h exist failed with the following output:
Change Dir: /home/aav/specter/buildroot-2013.08/output/build/host-cmake-2.8.10.2/CMakeFiles/CMakeTmp

Run Build Command:/usr/bin/make "cmTryCompileExec1861766864/fast"
make[1]: Entering directory `/home/aav/specter/buildroot-2013.08/output/build/host-cmake-2.8.10.2/CMakeFiles/CMakeTmp'
make -f CMakeFiles/cmTryCompileExec1861766864.dir/build.make CMakeFiles/cmTryCompileExec1861766864.dir/build
make[2]: Entering directory `/home/aav/specter/buildroot-2013.08/output/build/host-cmake-2.8.10.2/CMakeFiles/CMakeTmp'
/home/aav/specter/buildroot-2013.08/output/build/host-cmake-2.8.10.2/Bootstrap.cmk/cmake -E cmake_progress_report /home/aav/specter/buildroot-2013.08/output/build/host-cmake-2.8.10.2/CMakeFiles/CMakeTmp/CMakeFiles 1
Building C object CMakeFiles/cmTryCompileExec1861766864.dir/CheckIncludeFiles.c.o
/usr/bin/gcc   -O2 -I/home/aav/specter/buildroot-2013.08/output/host/usr/include  -w     -o CMakeFiles/cmTryCompileExec1861766864.dir/CheckIncludeFiles.c.o   -c /home/aav/specter/buildroot-2013.08/output/build/host-cmake-2.8.10.2/CMakeFiles/CMakeTmp/CheckIncludeFiles.c
/home/aav/specter/buildroot-2013.08/output/build/host-cmake-2.8.10.2/CMakeFiles/CMakeTmp/CheckIncludeFiles.c:4:22: fatal error: copyfile.h: No such file or directory
 #include <copyfile.h>
                      ^
compilation terminated.
make[2]: *** [CMakeFiles/cmTryCompileExec1861766864.dir/CheckIncludeFiles.c.o] Error 1
make[2]: Leaving directory `/home/aav/specter/buildroot-2013.08/output/build/host-cmake-2.8.10.2/CMakeFiles/CMakeTmp'
make[1]: *** [cmTryCompileExec1861766864/fast] Error 2
make[1]: Leaving directory `/home/aav/specter/buildroot-2013.08/output/build/host-cmake-2.8.10.2/CMakeFiles/CMakeTmp'

Source:
/* */
#include <sys/types.h>
#include <ctype.h>
#include <copyfile.h>


int main(){return 0;}

Determining if files sys/types.h;ctype.h;direct.h exist failed with the following output:
Change Dir: /home/aav/specter/buildroot-2013.08/output/build/host-cmake-2.8.10.2/CMakeFiles/CMakeTmp

Run Build Command:/usr/bin/make "cmTryCompileExec3313376240/fast"
make[1]: Entering directory `/home/aav/specter/buildroot-2013.08/output/build/host-cmake-2.8.10.2/CMakeFiles/CMakeTmp'
make -f CMakeFiles/cmTryCompileExec3313376240.dir/build.make CMakeFiles/cmTryCompileExec3313376240.dir/build
make[2]: Entering directory `/home/aav/specter/buildroot-2013.08/output/build/host-cmake-2.8.10.2/CMakeFiles/CMakeTmp'
/home/aav/specter/buildroot-2013.08/output/build/host-cmake-2.8.10.2/Bootstrap.cmk/cmake -E cmake_progress_report /home/aav/specter/buildroot-2013.08/output/build/host-cmake-2.8.10.2/CMakeFiles/CMakeTmp/CMakeFiles 1
Building C object CMakeFiles/cmTryCompileExec3313376240.dir/CheckIncludeFiles.c.o
/usr/bin/gcc   -O2 -I/home/aav/specter/buildroot-2013.08/output/host/usr/include  -w     -o CMakeFiles/cmTryCompileExec3313376240.dir/CheckIncludeFiles.c.o   -c /home/aav/specter/buildroot-2013.08/output/build/host-cmake-2.8.10.2/CMakeFiles/CMakeTmp/CheckIncludeFiles.c
/home/aav/specter/buildroot-2013.08/output/build/host-cmake-2.8.10.2/CMakeFiles/CMakeTmp/CheckIncludeFiles.c:4:20: fatal error: direct.h: No such file or directory
 #include <direct.h>
                    ^
compilation terminated.
make[2]: *** [CMakeFiles/cmTryCompileExec3313376240.dir/CheckIncludeFiles.c.o] Error 1
make[2]: Leaving directory `/home/aav/specter/buildroot-2013.08/output/build/host-cmake-2.8.10.2/CMakeFiles/CMakeTmp'
make[1]: *** [cmTryCompileExec3313376240/fast] Error 2
make[1]: Leaving directory `/home/aav/specter/buildroot-2013.08/output/build/host-cmake-2.8.10.2/CMakeFiles/CMakeTmp'

Source:
/* */
#include <sys/types.h>
#include <ctype.h>
#include <direct.h>


int main(){return 0;}

Determining if files sys/types.h;ctype.h;dlfcn.h;errno.h;ext2fs/ext2_fs.h exist failed with the following output:
Change Dir: /home/aav/specter/buildroot-2013.08/output/build/host-cmake-2.8.10.2/CMakeFiles/CMakeTmp

Run Build Command:/usr/bin/make "cmTryCompileExec1935335768/fast"
make[1]: Entering directory `/home/aav/specter/buildroot-2013.08/output/build/host-cmake-2.8.10.2/CMakeFiles/CMakeTmp'
make -f CMakeFiles/cmTryCompileExec1935335768.dir/build.make CMakeFiles/cmTryCompileExec1935335768.dir/build
make[2]: Entering directory `/home/aav/specter/buildroot-2013.08/output/build/host-cmake-2.8.10.2/CMakeFiles/CMakeTmp'
/home/aav/specter/buildroot-2013.08/output/build/host-cmake-2.8.10.2/Bootstrap.cmk/cmake -E cmake_progress_report /home/aav/specter/buildroot-2013.08/output/build/host-cmake-2.8.10.2/CMakeFiles/CMakeTmp/CMakeFiles 1
Building C object CMakeFiles/cmTryCompileExec1935335768.dir/CheckIncludeFiles.c.o
/usr/bin/gcc   -O2 -I/home/aav/specter/buildroot-2013.08/output/host/usr/include  -w     -o CMakeFiles/cmTryCompileExec1935335768.dir/CheckIncludeFiles.c.o   -c /home/aav/specter/buildroot-2013.08/output/build/host-cmake-2.8.10.2/CMakeFiles/CMakeTmp/CheckIncludeFiles.c
/home/aav/specter/buildroot-2013.08/output/build/host-cmake-2.8.10.2/CMakeFiles/CMakeTmp/CheckIncludeFiles.c:6:28: fatal error: ext2fs/ext2_fs.h: No such file or directory
 #include <ext2fs/ext2_fs.h>
                            ^
compilation terminated.
make[2]: *** [CMakeFiles/cmTryCompileExec1935335768.dir/CheckIncludeFiles.c.o] Error 1
make[2]: Leaving directory `/home/aav/specter/buildroot-2013.08/output/build/host-cmake-2.8.10.2/CMakeFiles/CMakeTmp'
make[1]: *** [cmTryCompileExec1935335768/fast] Error 2
make[1]: Leaving directory `/home/aav/specter/buildroot-2013.08/output/build/host-cmake-2.8.10.2/CMakeFiles/CMakeTmp'

Source:
/* */
#include <sys/types.h>
#include <ctype.h>
#include <dlfcn.h>
#include <errno.h>
#include <ext2fs/ext2_fs.h>


int main(){return 0;}

Performing C SOURCE FILE Test HAVE_WORKING_EXT2_IOC_GETFLAGS failed with the following output:
Change Dir: /home/aav/specter/buildroot-2013.08/output/build/host-cmake-2.8.10.2/CMakeFiles/CMakeTmp

Run Build Command:/usr/bin/make "cmTryCompileExec2260801160/fast"
make[1]: Entering directory `/home/aav/specter/buildroot-2013.08/output/build/host-cmake-2.8.10.2/CMakeFiles/CMakeTmp'
make -f CMakeFiles/cmTryCompileExec2260801160.dir/build.make CMakeFiles/cmTryCompileExec2260801160.dir/build
make[2]: Entering directory `/home/aav/specter/buildroot-2013.08/output/build/host-cmake-2.8.10.2/CMakeFiles/CMakeTmp'
/home/aav/specter/buildroot-2013.08/output/build/host-cmake-2.8.10.2/Bootstrap.cmk/cmake -E cmake_progress_report /home/aav/specter/buildroot-2013.08/output/build/host-cmake-2.8.10.2/CMakeFiles/CMakeTmp/CMakeFiles 1
Building C object CMakeFiles/cmTryCompileExec2260801160.dir/src.c.o
/usr/bin/gcc   -O2 -I/home/aav/specter/buildroot-2013.08/output/host/usr/include  -w  -DHAVE_WORKING_EXT2_IOC_GETFLAGS   -o CMakeFiles/cmTryCompileExec2260801160.dir/src.c.o   -c /home/aav/specter/buildroot-2013.08/output/build/host-cmake-2.8.10.2/CMakeFiles/CMakeTmp/src.c
/home/aav/specter/buildroot-2013.08/output/build/host-cmake-2.8.10.2/CMakeFiles/CMakeTmp/src.c:2:28: fatal error: ext2fs/ext2_fs.h: No such file or directory
 #include <ext2fs/ext2_fs.h>
                            ^
compilation terminated.
make[2]: *** [CMakeFiles/cmTryCompileExec2260801160.dir/src.c.o] Error 1
make[2]: Leaving directory `/home/aav/specter/buildroot-2013.08/output/build/host-cmake-2.8.10.2/CMakeFiles/CMakeTmp'
make[1]: *** [cmTryCompileExec2260801160/fast] Error 2
make[1]: Leaving directory `/home/aav/specter/buildroot-2013.08/output/build/host-cmake-2.8.10.2/CMakeFiles/CMakeTmp'

Source file was:
#include <sys/ioctl.h>
#include <ext2fs/ext2_fs.h>
int main(void) { return EXT2_IOC_GETFLAGS; }
Determining if files sys/types.h;ctype.h;dlfcn.h;errno.h;fcntl.h;grp.h;inttypes.h;langinfo.h;limits.h;linux/types.h;linux/fiemap.h;linux/fs.h;linux/magic.h;locale.h;memory.h;paths.h;poll.h;pwd.h;regex.h;signal.h;stdarg.h;stdint.h;stdlib.h;string.h;strings.h;sys/acl.h exist failed with the following output:
Change Dir: /home/aav/specter/buildroot-2013.08/output/build/host-cmake-2.8.10.2/CMakeFiles/CMakeTmp

Run Build Command:/usr/bin/make "cmTryCompileExec2992463491/fast"
make[1]: Entering directory `/home/aav/specter/buildroot-2013.08/output/build/host-cmake-2.8.10.2/CMakeFiles/CMakeTmp'
make -f CMakeFiles/cmTryCompileExec2992463491.dir/build.make CMakeFiles/cmTryCompileExec2992463491.dir/build
make[2]: Entering directory `/home/aav/specter/buildroot-2013.08/output/build/host-cmake-2.8.10.2/CMakeFiles/CMakeTmp'
/home/aav/specter/buildroot-2013.08/output/build/host-cmake-2.8.10.2/Bootstrap.cmk/cmake -E cmake_progress_report /home/aav/specter/buildroot-2013.08/output/build/host-cmake-2.8.10.2/CMakeFiles/CMakeTmp/CMakeFiles 1
Building C object CMakeFiles/cmTryCompileExec2992463491.dir/CheckIncludeFiles.c.o
/usr/bin/gcc   -O2 -I/home/aav/specter/buildroot-2013.08/output/host/usr/include  -w     -o CMakeFiles/cmTryCompileExec2992463491.dir/CheckIncludeFiles.c.o   -c /home/aav/specter/buildroot-2013.08/output/build/host-cmake-2.8.10.2/CMakeFiles/CMakeTmp/CheckIncludeFiles.c
/home/aav/specter/buildroot-2013.08/output/build/host-cmake-2.8.10.2/CMakeFiles/CMakeTmp/CheckIncludeFiles.c:27:21: fatal error: sys/acl.h: No such file or directory
 #include <sys/acl.h>
                     ^
compilation terminated.
make[2]: *** [CMakeFiles/cmTryCompileExec2992463491.dir/CheckIncludeFiles.c.o] Error 1
make[2]: Leaving directory `/home/aav/specter/buildroot-2013.08/output/build/host-cmake-2.8.10.2/CMakeFiles/CMakeTmp'
make[1]: *** [cmTryCompileExec2992463491/fast] Error 2
make[1]: Leaving directory `/home/aav/specter/buildroot-2013.08/output/build/host-cmake-2.8.10.2/CMakeFiles/CMakeTmp'

Source:
/* */
#include <sys/types.h>
#include <ctype.h>
#include <dlfcn.h>
#include <errno.h>
#include <fcntl.h>
#include <grp.h>
#include <inttypes.h>
#include <langinfo.h>
#include <limits.h>
#include <linux/types.h>
#include <linux/fiemap.h>
#include <linux/fs.h>
#include <linux/magic.h>
#include <locale.h>
#include <memory.h>
#include <paths.h>
#include <poll.h>
#include <pwd.h>
#include <regex.h>
#include <signal.h>
#include <stdarg.h>
#include <stdint.h>
#include <stdlib.h>
#include <string.h>
#include <strings.h>
#include <sys/acl.h>


int main(){return 0;}

Determining if files sys/types.h;ctype.h;dlfcn.h;errno.h;fcntl.h;grp.h;inttypes.h;langinfo.h;limits.h;linux/types.h;linux/fiemap.h;linux/fs.h;linux/magic.h;locale.h;memory.h;paths.h;poll.h;pwd.h;regex.h;signal.h;stdarg.h;stdint.h;stdlib.h;string.h;strings.h;sys/cdefs.h;sys/ioctl.h;sys/mkdev.h exist failed with the following output:
Change Dir: /home/aav/specter/buildroot-2013.08/output/build/host-cmake-2.8.10.2/CMakeFiles/CMakeTmp

Run Build Command:/usr/bin/make "cmTryCompileExec2798749338/fast"
make[1]: Entering directory `/home/aav/specter/buildroot-2013.08/output/build/host-cmake-2.8.10.2/CMakeFiles/CMakeTmp'
make -f CMakeFiles/cmTryCompileExec2798749338.dir/build.make CMakeFiles/cmTryCompileExec2798749338.dir/build
make[2]: Entering directory `/home/aav/specter/buildroot-2013.08/output/build/host-cmake-2.8.10.2/CMakeFiles/CMakeTmp'
/home/aav/specter/buildroot-2013.08/output/build/host-cmake-2.8.10.2/Bootstrap.cmk/cmake -E cmake_progress_report /home/aav/specter/buildroot-2013.08/output/build/host-cmake-2.8.10.2/CMakeFiles/CMakeTmp/CMakeFiles 1
Building C object CMakeFiles/cmTryCompileExec2798749338.dir/CheckIncludeFiles.c.o
/usr/bin/gcc   -O2 -I/home/aav/specter/buildroot-2013.08/output/host/usr/include  -w     -o CMakeFiles/cmTryCompileExec2798749338.dir/CheckIncludeFiles.c.o   -c /home/aav/specter/buildroot-2013.08/output/build/host-cmake-2.8.10.2/CMakeFiles/CMakeTmp/CheckIncludeFiles.c
/home/aav/specter/buildroot-2013.08/output/build/host-cmake-2.8.10.2/CMakeFiles/CMakeTmp/CheckIncludeFiles.c:29:23: fatal error: sys/mkdev.h: No such file or directory
 #include <sys/mkdev.h>
                       ^
compilation terminated.
make[2]: *** [CMakeFiles/cmTryCompileExec2798749338.dir/CheckIncludeFiles.c.o] Error 1
make[2]: Leaving directory `/home/aav/specter/buildroot-2013.08/output/build/host-cmake-2.8.10.2/CMakeFiles/CMakeTmp'
make[1]: *** [cmTryCompileExec2798749338/fast] Error 2
make[1]: Leaving directory `/home/aav/specter/buildroot-2013.08/output/build/host-cmake-2.8.10.2/CMakeFiles/CMakeTmp'

Source:
/* */
#include <sys/types.h>
#include <ctype.h>
#include <dlfcn.h>
#include <errno.h>
#include <fcntl.h>
#include <grp.h>
#include <inttypes.h>
#include <langinfo.h>
#include <limits.h>
#include <linux/types.h>
#include <linux/fiemap.h>
#include <linux/fs.h>
#include <linux/magic.h>
#include <locale.h>
#include <memory.h>
#include <paths.h>
#include <poll.h>
#include <pwd.h>
#include <regex.h>
#include <signal.h>
#include <stdarg.h>
#include <stdint.h>
#include <stdlib.h>
#include <string.h>
#include <strings.h>
#include <sys/cdefs.h>
#include <sys/ioctl.h>
#include <sys/mkdev.h>


int main(){return 0;}

Determining if files sys/types.h;ctype.h;dlfcn.h;errno.h;fcntl.h;grp.h;inttypes.h;langinfo.h;limits.h;linux/types.h;linux/fiemap.h;linux/fs.h;linux/magic.h;locale.h;memory.h;paths.h;poll.h;pwd.h;regex.h;signal.h;stdarg.h;stdint.h;stdlib.h;string.h;strings.h;sys/cdefs.h;sys/ioctl.h;sys/mount.h exist failed with the following output:
Change Dir: /home/aav/specter/buildroot-2013.08/output/build/host-cmake-2.8.10.2/CMakeFiles/CMakeTmp

Run Build Command:/usr/bin/make "cmTryCompileExec1728033469/fast"
make[1]: Entering directory `/home/aav/specter/buildroot-2013.08/output/build/host-cmake-2.8.10.2/CMakeFiles/CMakeTmp'
make -f CMakeFiles/cmTryCompileExec1728033469.dir/build.make CMakeFiles/cmTryCompileExec1728033469.dir/build
make[2]: Entering directory `/home/aav/specter/buildroot-2013.08/output/build/host-cmake-2.8.10.2/CMakeFiles/CMakeTmp'
/home/aav/specter/buildroot-2013.08/output/build/host-cmake-2.8.10.2/Bootstrap.cmk/cmake -E cmake_progress_report /home/aav/specter/buildroot-2013.08/output/build/host-cmake-2.8.10.2/CMakeFiles/CMakeTmp/CMakeFiles 1
Building C object CMakeFiles/cmTryCompileExec1728033469.dir/CheckIncludeFiles.c.o
/usr/bin/gcc   -O2 -I/home/aav/specter/buildroot-2013.08/output/host/usr/include  -w     -o CMakeFiles/cmTryCompileExec1728033469.dir/CheckIncludeFiles.c.o   -c /home/aav/specter/buildroot-2013.08/output/build/host-cmake-2.8.10.2/CMakeFiles/CMakeTmp/CheckIncludeFiles.c
In file included from /home/aav/specter/buildroot-2013.08/output/build/host-cmake-2.8.10.2/CMakeFiles/CMakeTmp/CheckIncludeFiles.c:13:0:
/usr/include/i386-linux-gnu/sys/mount.h:35:3: error: expected identifier before numeric constant
   MS_RDONLY = 1,  /* Mount read-only.  */
   ^
make[2]: *** [CMakeFiles/cmTryCompileExec1728033469.dir/CheckIncludeFiles.c.o] Error 1
make[2]: Leaving directory `/home/aav/specter/buildroot-2013.08/output/build/host-cmake-2.8.10.2/CMakeFiles/CMakeTmp'
make[1]: *** [cmTryCompileExec1728033469/fast] Error 2
make[1]: Leaving directory `/home/aav/specter/buildroot-2013.08/output/build/host-cmake-2.8.10.2/CMakeFiles/CMakeTmp'

Source:
/* */
#include <sys/types.h>
#include <ctype.h>
#include <dlfcn.h>
#include <errno.h>
#include <fcntl.h>
#include <grp.h>
#include <inttypes.h>
#include <langinfo.h>
#include <limits.h>
#include <linux/types.h>
#include <linux/fiemap.h>
#include <linux/fs.h>
#include <linux/magic.h>
#include <locale.h>
#include <memory.h>
#include <paths.h>
#include <poll.h>
#include <pwd.h>
#include <regex.h>
#include <signal.h>
#include <stdarg.h>
#include <stdint.h>
#include <stdlib.h>
#include <string.h>
#include <strings.h>
#include <sys/cdefs.h>
#include <sys/ioctl.h>
#include <sys/mount.h>


int main(){return 0;}

Determining if files sys/types.h;ctype.h;dlfcn.h;errno.h;fcntl.h;grp.h;inttypes.h;langinfo.h;limits.h;linux/types.h;linux/fiemap.h;linux/fs.h;linux/magic.h;locale.h;memory.h;paths.h;poll.h;pwd.h;regex.h;signal.h;stdarg.h;stdint.h;stdlib.h;string.h;strings.h;sys/cdefs.h;sys/ioctl.h;sys/param.h;sys/poll.h;sys/select.h;sys/stat.h;sys/statfs.h;sys/statvfs.h;sys/time.h;sys/utsname.h;sys/vfs.h;sys/wait.h;time.h;unistd.h;utime.h;wchar.h;wctype.h;windows.h exist failed with the following output:
Change Dir: /home/aav/specter/buildroot-2013.08/output/build/host-cmake-2.8.10.2/CMakeFiles/CMakeTmp

Run Build Command:/usr/bin/make "cmTryCompileExec1270452212/fast"
make[1]: Entering directory `/home/aav/specter/buildroot-2013.08/output/build/host-cmake-2.8.10.2/CMakeFiles/CMakeTmp'
make -f CMakeFiles/cmTryCompileExec1270452212.dir/build.make CMakeFiles/cmTryCompileExec1270452212.dir/build
make[2]: Entering directory `/home/aav/specter/buildroot-2013.08/output/build/host-cmake-2.8.10.2/CMakeFiles/CMakeTmp'
/home/aav/specter/buildroot-2013.08/output/build/host-cmake-2.8.10.2/Bootstrap.cmk/cmake -E cmake_progress_report /home/aav/specter/buildroot-2013.08/output/build/host-cmake-2.8.10.2/CMakeFiles/CMakeTmp/CMakeFiles 1
Building C object CMakeFiles/cmTryCompileExec1270452212.dir/CheckIncludeFiles.c.o
/usr/bin/gcc   -O2 -I/home/aav/specter/buildroot-2013.08/output/host/usr/include  -w     -o CMakeFiles/cmTryCompileExec1270452212.dir/CheckIncludeFiles.c.o   -c /home/aav/specter/buildroot-2013.08/output/build/host-cmake-2.8.10.2/CMakeFiles/CMakeTmp/CheckIncludeFiles.c
/home/aav/specter/buildroot-2013.08/output/build/host-cmake-2.8.10.2/CMakeFiles/CMakeTmp/CheckIncludeFiles.c:44:21: fatal error: windows.h: No such file or directory
 #include <windows.h>
                     ^
compilation terminated.
make[2]: *** [CMakeFiles/cmTryCompileExec1270452212.dir/CheckIncludeFiles.c.o] Error 1
make[2]: Leaving directory `/home/aav/specter/buildroot-2013.08/output/build/host-cmake-2.8.10.2/CMakeFiles/CMakeTmp'
make[1]: *** [cmTryCompileExec1270452212/fast] Error 2
make[1]: Leaving directory `/home/aav/specter/buildroot-2013.08/output/build/host-cmake-2.8.10.2/CMakeFiles/CMakeTmp'

Source:
/* */
#include <sys/types.h>
#include <ctype.h>
#include <dlfcn.h>
#include <errno.h>
#include <fcntl.h>
#include <grp.h>
#include <inttypes.h>
#include <langinfo.h>
#include <limits.h>
#include <linux/types.h>
#include <linux/fiemap.h>
#include <linux/fs.h>
#include <linux/magic.h>
#include <locale.h>
#include <memory.h>
#include <paths.h>
#include <poll.h>
#include <pwd.h>
#include <regex.h>
#include <signal.h>
#include <stdarg.h>
#include <stdint.h>
#include <stdlib.h>
#include <string.h>
#include <strings.h>
#include <sys/cdefs.h>
#include <sys/ioctl.h>
#include <sys/param.h>
#include <sys/poll.h>
#include <sys/select.h>
#include <sys/stat.h>
#include <sys/statfs.h>
#include <sys/statvfs.h>
#include <sys/time.h>
#include <sys/utsname.h>
#include <sys/vfs.h>
#include <sys/wait.h>
#include <time.h>
#include <unistd.h>
#include <utime.h>
#include <wchar.h>
#include <wctype.h>
#include <windows.h>


int main(){return 0;}

Determining if files sys/types.h;ctype.h;dlfcn.h;errno.h;fcntl.h;grp.h;inttypes.h;langinfo.h;limits.h;linux/types.h;linux/fiemap.h;linux/fs.h;linux/magic.h;locale.h;memory.h;paths.h;poll.h;pwd.h;regex.h;signal.h;stdarg.h;stdint.h;stdlib.h;string.h;strings.h;sys/cdefs.h;sys/ioctl.h;sys/param.h;sys/poll.h;sys/select.h;sys/stat.h;sys/statfs.h;sys/statvfs.h;sys/time.h;sys/utsname.h;sys/vfs.h;sys/wait.h;time.h;unistd.h;utime.h;wchar.h;wctype.h;wincrypt.h exist failed with the following output:
Change Dir: /home/aav/specter/buildroot-2013.08/output/build/host-cmake-2.8.10.2/CMakeFiles/CMakeTmp

Run Build Command:/usr/bin/make "cmTryCompileExec167481417/fast"
make[1]: Entering directory `/home/aav/specter/buildroot-2013.08/output/build/host-cmake-2.8.10.2/CMakeFiles/CMakeTmp'
make -f CMakeFiles/cmTryCompileExec167481417.dir/build.make CMakeFiles/cmTryCompileExec167481417.dir/build
make[2]: Entering directory `/home/aav/specter/buildroot-2013.08/output/build/host-cmake-2.8.10.2/CMakeFiles/CMakeTmp'
/home/aav/specter/buildroot-2013.08/output/build/host-cmake-2.8.10.2/Bootstrap.cmk/cmake -E cmake_progress_report /home/aav/specter/buildroot-2013.08/output/build/host-cmake-2.8.10.2/CMakeFiles/CMakeTmp/CMakeFiles 1
Building C object CMakeFiles/cmTryCompileExec167481417.dir/CheckIncludeFiles.c.o
/usr/bin/gcc   -O2 -I/home/aav/specter/buildroot-2013.08/output/host/usr/include  -w     -o CMakeFiles/cmTryCompileExec167481417.dir/CheckIncludeFiles.c.o   -c /home/aav/specter/buildroot-2013.08/output/build/host-cmake-2.8.10.2/CMakeFiles/CMakeTmp/CheckIncludeFiles.c
/home/aav/specter/buildroot-2013.08/output/build/host-cmake-2.8.10.2/CMakeFiles/CMakeTmp/CheckIncludeFiles.c:44:22: fatal error: wincrypt.h: No such file or directory
 #include <wincrypt.h>
                      ^
compilation terminated.
make[2]: *** [CMakeFiles/cmTryCompileExec167481417.dir/CheckIncludeFiles.c.o] Error 1
make[2]: Leaving directory `/home/aav/specter/buildroot-2013.08/output/build/host-cmake-2.8.10.2/CMakeFiles/CMakeTmp'
make[1]: *** [cmTryCompileExec167481417/fast] Error 2
make[1]: Leaving directory `/home/aav/specter/buildroot-2013.08/output/build/host-cmake-2.8.10.2/CMakeFiles/CMakeTmp'

Source:
/* */
#include <sys/types.h>
#include <ctype.h>
#include <dlfcn.h>
#include <errno.h>
#include <fcntl.h>
#include <grp.h>
#include <inttypes.h>
#include <langinfo.h>
#include <limits.h>
#include <linux/types.h>
#include <linux/fiemap.h>
#include <linux/fs.h>
#include <linux/magic.h>
#include <locale.h>
#include <memory.h>
#include <paths.h>
#include <poll.h>
#include <pwd.h>
#include <regex.h>
#include <signal.h>
#include <stdarg.h>
#include <stdint.h>
#include <stdlib.h>
#include <string.h>
#include <strings.h>
#include <sys/cdefs.h>
#include <sys/ioctl.h>
#include <sys/param.h>
#include <sys/poll.h>
#include <sys/select.h>
#include <sys/stat.h>
#include <sys/statfs.h>
#include <sys/statvfs.h>
#include <sys/time.h>
#include <sys/utsname.h>
#include <sys/vfs.h>
#include <sys/wait.h>
#include <time.h>
#include <unistd.h>
#include <utime.h>
#include <wchar.h>
#include <wctype.h>
#include <wincrypt.h>


int main(){return 0;}

Determining if files sys/types.h;ctype.h;dlfcn.h;errno.h;fcntl.h;grp.h;inttypes.h;langinfo.h;limits.h;linux/types.h;linux/fiemap.h;linux/fs.h;linux/magic.h;locale.h;memory.h;paths.h;poll.h;pwd.h;regex.h;signal.h;stdarg.h;stdint.h;stdlib.h;string.h;strings.h;sys/cdefs.h;sys/ioctl.h;sys/param.h;sys/poll.h;sys/select.h;sys/stat.h;sys/statfs.h;sys/statvfs.h;sys/time.h;sys/utsname.h;sys/vfs.h;sys/wait.h;time.h;unistd.h;utime.h;wchar.h;wctype.h;winioctl.h exist failed with the following output:
Change Dir: /home/aav/specter/buildroot-2013.08/output/build/host-cmake-2.8.10.2/CMakeFiles/CMakeTmp

Run Build Command:/usr/bin/make "cmTryCompileExec2685032898/fast"
make[1]: Entering directory `/home/aav/specter/buildroot-2013.08/output/build/host-cmake-2.8.10.2/CMakeFiles/CMakeTmp'
make -f CMakeFiles/cmTryCompileExec2685032898.dir/build.make CMakeFiles/cmTryCompileExec2685032898.dir/build
make[2]: Entering directory `/home/aav/specter/buildroot-2013.08/output/build/host-cmake-2.8.10.2/CMakeFiles/CMakeTmp'
/home/aav/specter/buildroot-2013.08/output/build/host-cmake-2.8.10.2/Bootstrap.cmk/cmake -E cmake_progress_report /home/aav/specter/buildroot-2013.08/output/build/host-cmake-2.8.10.2/CMakeFiles/CMakeTmp/CMakeFiles 1
Building C object CMakeFiles/cmTryCompileExec2685032898.dir/CheckIncludeFiles.c.o
/usr/bin/gcc   -O2 -I/home/aav/specter/buildroot-2013.08/output/host/usr/include  -w     -o CMakeFiles/cmTryCompileExec2685032898.dir/CheckIncludeFiles.c.o   -c /home/aav/specter/buildroot-2013.08/output/build/host-cmake-2.8.10.2/CMakeFiles/CMakeTmp/CheckIncludeFiles.c
/home/aav/specter/buildroot-2013.08/output/build/host-cmake-2.8.10.2/CMakeFiles/CMakeTmp/CheckIncludeFiles.c:44:22: fatal error: winioctl.h: No such file or directory
 #include <winioctl.h>
                      ^
compilation terminated.
make[2]: *** [CMakeFiles/cmTryCompileExec2685032898.dir/CheckIncludeFiles.c.o] Error 1
make[2]: Leaving directory `/home/aav/specter/buildroot-2013.08/output/build/host-cmake-2.8.10.2/CMakeFiles/CMakeTmp'
make[1]: *** [cmTryCompileExec2685032898/fast] Error 2
make[1]: Leaving directory `/home/aav/specter/buildroot-2013.08/output/build/host-cmake-2.8.10.2/CMakeFiles/CMakeTmp'

Source:
/* */
#include <sys/types.h>
#include <ctype.h>
#include <dlfcn.h>
#include <errno.h>
#include <fcntl.h>
#include <grp.h>
#include <inttypes.h>
#include <langinfo.h>
#include <limits.h>
#include <linux/types.h>
#include <linux/fiemap.h>
#include <linux/fs.h>
#include <linux/magic.h>
#include <locale.h>
#include <memory.h>
#include <paths.h>
#include <poll.h>
#include <pwd.h>
#include <regex.h>
#include <signal.h>
#include <stdarg.h>
#include <stdint.h>
#include <stdlib.h>
#include <string.h>
#include <strings.h>
#include <sys/cdefs.h>
#include <sys/ioctl.h>
#include <sys/param.h>
#include <sys/poll.h>
#include <sys/select.h>
#include <sys/stat.h>
#include <sys/statfs.h>
#include <sys/statvfs.h>
#include <sys/time.h>
#include <sys/utsname.h>
#include <sys/vfs.h>
#include <sys/wait.h>
#include <time.h>
#include <unistd.h>
#include <utime.h>
#include <wchar.h>
#include <wctype.h>
#include <winioctl.h>


int main(){return 0;}

Determining if the function MD5Init exists in the md failed with the following output:
Change Dir: /home/aav/specter/buildroot-2013.08/output/build/host-cmake-2.8.10.2/CMakeFiles/CMakeTmp

Run Build Command:/usr/bin/make "cmTryCompileExec2297115795/fast"
make[1]: Entering directory `/home/aav/specter/buildroot-2013.08/output/build/host-cmake-2.8.10.2/CMakeFiles/CMakeTmp'
make -f CMakeFiles/cmTryCompileExec2297115795.dir/build.make CMakeFiles/cmTryCompileExec2297115795.dir/build
make[2]: Entering directory `/home/aav/specter/buildroot-2013.08/output/build/host-cmake-2.8.10.2/CMakeFiles/CMakeTmp'
/home/aav/specter/buildroot-2013.08/output/build/host-cmake-2.8.10.2/Bootstrap.cmk/cmake -E cmake_progress_report /home/aav/specter/buildroot-2013.08/output/build/host-cmake-2.8.10.2/CMakeFiles/CMakeTmp/CMakeFiles 1
Building C object CMakeFiles/cmTryCompileExec2297115795.dir/CheckFunctionExists.c.o
/usr/bin/gcc   -O2 -I/home/aav/specter/buildroot-2013.08/output/host/usr/include  -w  -DCHECK_FUNCTION_EXISTS=MD5Init   -o CMakeFiles/cmTryCompileExec2297115795.dir/CheckFunctionExists.c.o   -c /home/aav/specter/buildroot-2013.08/output/build/host-cmake-2.8.10.2/Modules/CheckFunctionExists.c
Linking C executable cmTryCompileExec2297115795
/home/aav/specter/buildroot-2013.08/output/build/host-cmake-2.8.10.2/Bootstrap.cmk/cmake -E cmake_link_script CMakeFiles/cmTryCompileExec2297115795.dir/link.txt --verbose=1
/usr/bin/gcc   -O2 -I/home/aav/specter/buildroot-2013.08/output/host/usr/include  -w  -DCHECK_FUNCTION_EXISTS=MD5Init   -L/home/aav/specter/buildroot-2013.08/output/host/lib -L/home/aav/specter/buildroot-2013.08/output/host/usr/lib -Wl,-rpath,/home/aav/specter/buildroot-2013.08/output/host/usr/lib CMakeFiles/cmTryCompileExec2297115795.dir/CheckFunctionExists.c.o  -o cmTryCompileExec2297115795 -rdynamic -lmd 
/usr/bin/ld: cannot find -lmd
collect2: error: ld returned 1 exit status
make[2]: *** [cmTryCompileExec2297115795] Error 1
make[2]: Leaving directory `/home/aav/specter/buildroot-2013.08/output/build/host-cmake-2.8.10.2/CMakeFiles/CMakeTmp'
make[1]: *** [cmTryCompileExec2297115795/fast] Error 2
make[1]: Leaving directory `/home/aav/specter/buildroot-2013.08/output/build/host-cmake-2.8.10.2/CMakeFiles/CMakeTmp'


Determining if the _CrtSetReportMode exist failed with the following output:
Change Dir: /home/aav/specter/buildroot-2013.08/output/build/host-cmake-2.8.10.2/CMakeFiles/CMakeTmp

Run Build Command:/usr/bin/make "cmTryCompileExec1906492163/fast"
make[1]: Entering directory `/home/aav/specter/buildroot-2013.08/output/build/host-cmake-2.8.10.2/CMakeFiles/CMakeTmp'
make -f CMakeFiles/cmTryCompileExec1906492163.dir/build.make CMakeFiles/cmTryCompileExec1906492163.dir/build
make[2]: Entering directory `/home/aav/specter/buildroot-2013.08/output/build/host-cmake-2.8.10.2/CMakeFiles/CMakeTmp'
/home/aav/specter/buildroot-2013.08/output/build/host-cmake-2.8.10.2/Bootstrap.cmk/cmake -E cmake_progress_report /home/aav/specter/buildroot-2013.08/output/build/host-cmake-2.8.10.2/CMakeFiles/CMakeTmp/CMakeFiles 1
Building C object CMakeFiles/cmTryCompileExec1906492163.dir/CheckSymbolExists.c.o
/usr/bin/gcc   -O2 -I/home/aav/specter/buildroot-2013.08/output/host/usr/include  -w   -fno-builtin   -o CMakeFiles/cmTryCompileExec1906492163.dir/CheckSymbolExists.c.o   -c /home/aav/specter/buildroot-2013.08/output/build/host-cmake-2.8.10.2/CMakeFiles/CMakeTmp/CheckSymbolExists.c
/home/aav/specter/buildroot-2013.08/output/build/host-cmake-2.8.10.2/CMakeFiles/CMakeTmp/CheckSymbolExists.c:2:20: fatal error: crtdbg.h: No such file or directory
 #include <crtdbg.h>
                    ^
compilation terminated.
make[2]: *** [CMakeFiles/cmTryCompileExec1906492163.dir/CheckSymbolExists.c.o] Error 1
make[2]: Leaving directory `/home/aav/specter/buildroot-2013.08/output/build/host-cmake-2.8.10.2/CMakeFiles/CMakeTmp'
make[1]: *** [cmTryCompileExec1906492163/fast] Error 2
make[1]: Leaving directory `/home/aav/specter/buildroot-2013.08/output/build/host-cmake-2.8.10.2/CMakeFiles/CMakeTmp'

File /home/aav/specter/buildroot-2013.08/output/build/host-cmake-2.8.10.2/CMakeFiles/CMakeTmp/CheckSymbolExists.c:
/* */
#include <crtdbg.h>

int main(int argc, char** argv)
{
  (void)argv;
#ifndef _CrtSetReportMode
  return ((int*)(&_CrtSetReportMode))[argc];
#else
  (void)argc;
  return 0;
#endif
}

Determining if the function getvfsbyname exists failed with the following output:
Change Dir: /home/aav/specter/buildroot-2013.08/output/build/host-cmake-2.8.10.2/CMakeFiles/CMakeTmp

Run Build Command:/usr/bin/make "cmTryCompileExec2614797153/fast"
make[1]: Entering directory `/home/aav/specter/buildroot-2013.08/output/build/host-cmake-2.8.10.2/CMakeFiles/CMakeTmp'
make -f CMakeFiles/cmTryCompileExec2614797153.dir/build.make CMakeFiles/cmTryCompileExec2614797153.dir/build
make[2]: Entering directory `/home/aav/specter/buildroot-2013.08/output/build/host-cmake-2.8.10.2/CMakeFiles/CMakeTmp'
/home/aav/specter/buildroot-2013.08/output/build/host-cmake-2.8.10.2/Bootstrap.cmk/cmake -E cmake_progress_report /home/aav/specter/buildroot-2013.08/output/build/host-cmake-2.8.10.2/CMakeFiles/CMakeTmp/CMakeFiles 1
Building C object CMakeFiles/cmTryCompileExec2614797153.dir/CheckFunctionExists.c.o
/usr/bin/gcc   -O2 -I/home/aav/specter/buildroot-2013.08/output/host/usr/include  -w  -DCHECK_FUNCTION_EXISTS=getvfsbyname  -fno-builtin   -o CMakeFiles/cmTryCompileExec2614797153.dir/CheckFunctionExists.c.o   -c /home/aav/specter/buildroot-2013.08/output/build/host-cmake-2.8.10.2/Modules/CheckFunctionExists.c
Linking C executable cmTryCompileExec2614797153
/home/aav/specter/buildroot-2013.08/output/build/host-cmake-2.8.10.2/Bootstrap.cmk/cmake -E cmake_link_script CMakeFiles/cmTryCompileExec2614797153.dir/link.txt --verbose=1
/usr/bin/gcc   -O2 -I/home/aav/specter/buildroot-2013.08/output/host/usr/include  -w  -DCHECK_FUNCTION_EXISTS=getvfsbyname  -fno-builtin   -L/home/aav/specter/buildroot-2013.08/output/host/lib -L/home/aav/specter/buildroot-2013.08/output/host/usr/lib -Wl,-rpath,/home/aav/specter/buildroot-2013.08/output/host/usr/lib CMakeFiles/cmTryCompileExec2614797153.dir/CheckFunctionExists.c.o  -o cmTryCompileExec2614797153 -rdynamic 
CMakeFiles/cmTryCompileExec2614797153.dir/CheckFunctionExists.c.o: In function `main':
CheckFunctionExists.c:(.text.startup+0x7): undefined reference to `getvfsbyname'
collect2: error: ld returned 1 exit status
make[2]: *** [cmTryCompileExec2614797153] Error 1
make[2]: Leaving directory `/home/aav/specter/buildroot-2013.08/output/build/host-cmake-2.8.10.2/CMakeFiles/CMakeTmp'
make[1]: *** [cmTryCompileExec2614797153/fast] Error 2
make[1]: Leaving directory `/home/aav/specter/buildroot-2013.08/output/build/host-cmake-2.8.10.2/CMakeFiles/CMakeTmp'


Determining if the function lchflags exists failed with the following output:
Change Dir: /home/aav/specter/buildroot-2013.08/output/build/host-cmake-2.8.10.2/CMakeFiles/CMakeTmp

Run Build Command:/usr/bin/make "cmTryCompileExec1026182000/fast"
make[1]: Entering directory `/home/aav/specter/buildroot-2013.08/output/build/host-cmake-2.8.10.2/CMakeFiles/CMakeTmp'
make -f CMakeFiles/cmTryCompileExec1026182000.dir/build.make CMakeFiles/cmTryCompileExec1026182000.dir/build
make[2]: Entering directory `/home/aav/specter/buildroot-2013.08/output/build/host-cmake-2.8.10.2/CMakeFiles/CMakeTmp'
/home/aav/specter/buildroot-2013.08/output/build/host-cmake-2.8.10.2/Bootstrap.cmk/cmake -E cmake_progress_report /home/aav/specter/buildroot-2013.08/output/build/host-cmake-2.8.10.2/CMakeFiles/CMakeTmp/CMakeFiles 1
Building C object CMakeFiles/cmTryCompileExec1026182000.dir/CheckFunctionExists.c.o
/usr/bin/gcc   -O2 -I/home/aav/specter/buildroot-2013.08/output/host/usr/include  -w  -DCHECK_FUNCTION_EXISTS=lchflags  -fno-builtin   -o CMakeFiles/cmTryCompileExec1026182000.dir/CheckFunctionExists.c.o   -c /home/aav/specter/buildroot-2013.08/output/build/host-cmake-2.8.10.2/Modules/CheckFunctionExists.c
Linking C executable cmTryCompileExec1026182000
/home/aav/specter/buildroot-2013.08/output/build/host-cmake-2.8.10.2/Bootstrap.cmk/cmake -E cmake_link_script CMakeFiles/cmTryCompileExec1026182000.dir/link.txt --verbose=1
/usr/bin/gcc   -O2 -I/home/aav/specter/buildroot-2013.08/output/host/usr/include  -w  -DCHECK_FUNCTION_EXISTS=lchflags  -fno-builtin   -L/home/aav/specter/buildroot-2013.08/output/host/lib -L/home/aav/specter/buildroot-2013.08/output/host/usr/lib -Wl,-rpath,/home/aav/specter/buildroot-2013.08/output/host/usr/lib CMakeFiles/cmTryCompileExec1026182000.dir/CheckFunctionExists.c.o  -o cmTryCompileExec1026182000 -rdynamic 
CMakeFiles/cmTryCompileExec1026182000.dir/CheckFunctionExists.c.o: In function `main':
CheckFunctionExists.c:(.text.startup+0x7): undefined reference to `lchflags'
collect2: error: ld returned 1 exit status
make[2]: *** [cmTryCompileExec1026182000] Error 1
make[2]: Leaving directory `/home/aav/specter/buildroot-2013.08/output/build/host-cmake-2.8.10.2/CMakeFiles/CMakeTmp'
make[1]: *** [cmTryCompileExec1026182000/fast] Error 2
make[1]: Leaving directory `/home/aav/specter/buildroot-2013.08/output/build/host-cmake-2.8.10.2/CMakeFiles/CMakeTmp'


Determining if the function strncpy_s exists failed with the following output:
Change Dir: /home/aav/specter/buildroot-2013.08/output/build/host-cmake-2.8.10.2/CMakeFiles/CMakeTmp

Run Build Command:/usr/bin/make "cmTryCompileExec1144763583/fast"
make[1]: Entering directory `/home/aav/specter/buildroot-2013.08/output/build/host-cmake-2.8.10.2/CMakeFiles/CMakeTmp'
make -f CMakeFiles/cmTryCompileExec1144763583.dir/build.make CMakeFiles/cmTryCompileExec1144763583.dir/build
make[2]: Entering directory `/home/aav/specter/buildroot-2013.08/output/build/host-cmake-2.8.10.2/CMakeFiles/CMakeTmp'
/home/aav/specter/buildroot-2013.08/output/build/host-cmake-2.8.10.2/Bootstrap.cmk/cmake -E cmake_progress_report /home/aav/specter/buildroot-2013.08/output/build/host-cmake-2.8.10.2/CMakeFiles/CMakeTmp/CMakeFiles 1
Building C object CMakeFiles/cmTryCompileExec1144763583.dir/CheckFunctionExists.c.o
/usr/bin/gcc   -O2 -I/home/aav/specter/buildroot-2013.08/output/host/usr/include  -w  -DCHECK_FUNCTION_EXISTS=strncpy_s  -fno-builtin   -o CMakeFiles/cmTryCompileExec1144763583.dir/CheckFunctionExists.c.o   -c /home/aav/specter/buildroot-2013.08/output/build/host-cmake-2.8.10.2/Modules/CheckFunctionExists.c
Linking C executable cmTryCompileExec1144763583
/home/aav/specter/buildroot-2013.08/output/build/host-cmake-2.8.10.2/Bootstrap.cmk/cmake -E cmake_link_script CMakeFiles/cmTryCompileExec1144763583.dir/link.txt --verbose=1
/usr/bin/gcc   -O2 -I/home/aav/specter/buildroot-2013.08/output/host/usr/include  -w  -DCHECK_FUNCTION_EXISTS=strncpy_s  -fno-builtin   -L/home/aav/specter/buildroot-2013.08/output/host/lib -L/home/aav/specter/buildroot-2013.08/output/host/usr/lib -Wl,-rpath,/home/aav/specter/buildroot-2013.08/output/host/usr/lib CMakeFiles/cmTryCompileExec1144763583.dir/CheckFunctionExists.c.o  -o cmTryCompileExec1144763583 -rdynamic 
CMakeFiles/cmTryCompileExec1144763583.dir/CheckFunctionExists.c.o: In function `main':
CheckFunctionExists.c:(.text.startup+0x7): undefined reference to `strncpy_s'
collect2: error: ld returned 1 exit status
make[2]: *** [cmTryCompileExec1144763583] Error 1
make[2]: Leaving directory `/home/aav/specter/buildroot-2013.08/output/build/host-cmake-2.8.10.2/CMakeFiles/CMakeTmp'
make[1]: *** [cmTryCompileExec1144763583/fast] Error 2
make[1]: Leaving directory `/home/aav/specter/buildroot-2013.08/output/build/host-cmake-2.8.10.2/CMakeFiles/CMakeTmp'


Determining if the function _ctime64_s exists failed with the following output:
Change Dir: /home/aav/specter/buildroot-2013.08/output/build/host-cmake-2.8.10.2/CMakeFiles/CMakeTmp

Run Build Command:/usr/bin/make "cmTryCompileExec862207197/fast"
make[1]: Entering directory `/home/aav/specter/buildroot-2013.08/output/build/host-cmake-2.8.10.2/CMakeFiles/CMakeTmp'
make -f CMakeFiles/cmTryCompileExec862207197.dir/build.make CMakeFiles/cmTryCompileExec862207197.dir/build
make[2]: Entering directory `/home/aav/specter/buildroot-2013.08/output/build/host-cmake-2.8.10.2/CMakeFiles/CMakeTmp'
/home/aav/specter/buildroot-2013.08/output/build/host-cmake-2.8.10.2/Bootstrap.cmk/cmake -E cmake_progress_report /home/aav/specter/buildroot-2013.08/output/build/host-cmake-2.8.10.2/CMakeFiles/CMakeTmp/CMakeFiles 1
Building C object CMakeFiles/cmTryCompileExec862207197.dir/CheckFunctionExists.c.o
/usr/bin/gcc   -O2 -I/home/aav/specter/buildroot-2013.08/output/host/usr/include  -w  -DCHECK_FUNCTION_EXISTS=_ctime64_s  -fno-builtin   -o CMakeFiles/cmTryCompileExec862207197.dir/CheckFunctionExists.c.o   -c /home/aav/specter/buildroot-2013.08/output/build/host-cmake-2.8.10.2/Modules/CheckFunctionExists.c
Linking C executable cmTryCompileExec862207197
/home/aav/specter/buildroot-2013.08/output/build/host-cmake-2.8.10.2/Bootstrap.cmk/cmake -E cmake_link_script CMakeFiles/cmTryCompileExec862207197.dir/link.txt --verbose=1
/usr/bin/gcc   -O2 -I/home/aav/specter/buildroot-2013.08/output/host/usr/include  -w  -DCHECK_FUNCTION_EXISTS=_ctime64_s  -fno-builtin   -L/home/aav/specter/buildroot-2013.08/output/host/lib -L/home/aav/specter/buildroot-2013.08/output/host/usr/lib -Wl,-rpath,/home/aav/specter/buildroot-2013.08/output/host/usr/lib CMakeFiles/cmTryCompileExec862207197.dir/CheckFunctionExists.c.o  -o cmTryCompileExec862207197 -rdynamic 
CMakeFiles/cmTryCompileExec862207197.dir/CheckFunctionExists.c.o: In function `main':
CheckFunctionExists.c:(.text.startup+0x7): undefined reference to `_ctime64_s'
collect2: error: ld returned 1 exit status
make[2]: *** [cmTryCompileExec862207197] Error 1
make[2]: Leaving directory `/home/aav/specter/buildroot-2013.08/output/build/host-cmake-2.8.10.2/CMakeFiles/CMakeTmp'
make[1]: *** [cmTryCompileExec862207197/fast] Error 2
make[1]: Leaving directory `/home/aav/specter/buildroot-2013.08/output/build/host-cmake-2.8.10.2/CMakeFiles/CMakeTmp'


Determining if the function _fseeki64 exists failed with the following output:
Change Dir: /home/aav/specter/buildroot-2013.08/output/build/host-cmake-2.8.10.2/CMakeFiles/CMakeTmp

Run Build Command:/usr/bin/make "cmTryCompileExec2954088313/fast"
make[1]: Entering directory `/home/aav/specter/buildroot-2013.08/output/build/host-cmake-2.8.10.2/CMakeFiles/CMakeTmp'
make -f CMakeFiles/cmTryCompileExec2954088313.dir/build.make CMakeFiles/cmTryCompileExec2954088313.dir/build
make[2]: Entering directory `/home/aav/specter/buildroot-2013.08/output/build/host-cmake-2.8.10.2/CMakeFiles/CMakeTmp'
/home/aav/specter/buildroot-2013.08/output/build/host-cmake-2.8.10.2/Bootstrap.cmk/cmake -E cmake_progress_report /home/aav/specter/buildroot-2013.08/output/build/host-cmake-2.8.10.2/CMakeFiles/CMakeTmp/CMakeFiles 1
Building C object CMakeFiles/cmTryCompileExec2954088313.dir/CheckFunctionExists.c.o
/usr/bin/gcc   -O2 -I/home/aav/specter/buildroot-2013.08/output/host/usr/include  -w  -DCHECK_FUNCTION_EXISTS=_fseeki64  -fno-builtin   -o CMakeFiles/cmTryCompileExec2954088313.dir/CheckFunctionExists.c.o   -c /home/aav/specter/buildroot-2013.08/output/build/host-cmake-2.8.10.2/Modules/CheckFunctionExists.c
Linking C executable cmTryCompileExec2954088313
/home/aav/specter/buildroot-2013.08/output/build/host-cmake-2.8.10.2/Bootstrap.cmk/cmake -E cmake_link_script CMakeFiles/cmTryCompileExec2954088313.dir/link.txt --verbose=1
/usr/bin/gcc   -O2 -I/home/aav/specter/buildroot-2013.08/output/host/usr/include  -w  -DCHECK_FUNCTION_EXISTS=_fseeki64  -fno-builtin   -L/home/aav/specter/buildroot-2013.08/output/host/lib -L/home/aav/specter/buildroot-2013.08/output/host/usr/lib -Wl,-rpath,/home/aav/specter/buildroot-2013.08/output/host/usr/lib CMakeFiles/cmTryCompileExec2954088313.dir/CheckFunctionExists.c.o  -o cmTryCompileExec2954088313 -rdynamic 
CMakeFiles/cmTryCompileExec2954088313.dir/CheckFunctionExists.c.o: In function `main':
CheckFunctionExists.c:(.text.startup+0x7): undefined reference to `_fseeki64'
collect2: error: ld returned 1 exit status
make[2]: *** [cmTryCompileExec2954088313] Error 1
make[2]: Leaving directory `/home/aav/specter/buildroot-2013.08/output/build/host-cmake-2.8.10.2/CMakeFiles/CMakeTmp'
make[1]: *** [cmTryCompileExec2954088313/fast] Error 2
make[1]: Leaving directory `/home/aav/specter/buildroot-2013.08/output/build/host-cmake-2.8.10.2/CMakeFiles/CMakeTmp'


Determining if the function _get_timezone exists failed with the following output:
Change Dir: /home/aav/specter/buildroot-2013.08/output/build/host-cmake-2.8.10.2/CMakeFiles/CMakeTmp

Run Build Command:/usr/bin/make "cmTryCompileExec3546021397/fast"
make[1]: Entering directory `/home/aav/specter/buildroot-2013.08/output/build/host-cmake-2.8.10.2/CMakeFiles/CMakeTmp'
make -f CMakeFiles/cmTryCompileExec3546021397.dir/build.make CMakeFiles/cmTryCompileExec3546021397.dir/build
make[2]: Entering directory `/home/aav/specter/buildroot-2013.08/output/build/host-cmake-2.8.10.2/CMakeFiles/CMakeTmp'
/home/aav/specter/buildroot-2013.08/output/build/host-cmake-2.8.10.2/Bootstrap.cmk/cmake -E cmake_progress_report /home/aav/specter/buildroot-2013.08/output/build/host-cmake-2.8.10.2/CMakeFiles/CMakeTmp/CMakeFiles 1
Building C object CMakeFiles/cmTryCompileExec3546021397.dir/CheckFunctionExists.c.o
/usr/bin/gcc   -O2 -I/home/aav/specter/buildroot-2013.08/output/host/usr/include  -w  -DCHECK_FUNCTION_EXISTS=_get_timezone  -fno-builtin   -o CMakeFiles/cmTryCompileExec3546021397.dir/CheckFunctionExists.c.o   -c /home/aav/specter/buildroot-2013.08/output/build/host-cmake-2.8.10.2/Modules/CheckFunctionExists.c
Linking C executable cmTryCompileExec3546021397
/home/aav/specter/buildroot-2013.08/output/build/host-cmake-2.8.10.2/Bootstrap.cmk/cmake -E cmake_link_script CMakeFiles/cmTryCompileExec3546021397.dir/link.txt --verbose=1
/usr/bin/gcc   -O2 -I/home/aav/specter/buildroot-2013.08/output/host/usr/include  -w  -DCHECK_FUNCTION_EXISTS=_get_timezone  -fno-builtin   -L/home/aav/specter/buildroot-2013.08/output/host/lib -L/home/aav/specter/buildroot-2013.08/output/host/usr/lib -Wl,-rpath,/home/aav/specter/buildroot-2013.08/output/host/usr/lib CMakeFiles/cmTryCompileExec3546021397.dir/CheckFunctionExists.c.o  -o cmTryCompileExec3546021397 -rdynamic 
CMakeFiles/cmTryCompileExec3546021397.dir/CheckFunctionExists.c.o: In function `main':
CheckFunctionExists.c:(.text.startup+0x7): undefined reference to `_get_timezone'
collect2: error: ld returned 1 exit status
make[2]: *** [cmTryCompileExec3546021397] Error 1
make[2]: Leaving directory `/home/aav/specter/buildroot-2013.08/output/build/host-cmake-2.8.10.2/CMakeFiles/CMakeTmp'
make[1]: *** [cmTryCompileExec3546021397/fast] Error 2
make[1]: Leaving directory `/home/aav/specter/buildroot-2013.08/output/build/host-cmake-2.8.10.2/CMakeFiles/CMakeTmp'


Determining if the function _localtime64_s exists failed with the following output:
Change Dir: /home/aav/specter/buildroot-2013.08/output/build/host-cmake-2.8.10.2/CMakeFiles/CMakeTmp

Run Build Command:/usr/bin/make "cmTryCompileExec2323020665/fast"
make[1]: Entering directory `/home/aav/specter/buildroot-2013.08/output/build/host-cmake-2.8.10.2/CMakeFiles/CMakeTmp'
make -f CMakeFiles/cmTryCompileExec2323020665.dir/build.make CMakeFiles/cmTryCompileExec2323020665.dir/build
make[2]: Entering directory `/home/aav/specter/buildroot-2013.08/output/build/host-cmake-2.8.10.2/CMakeFiles/CMakeTmp'
/home/aav/specter/buildroot-2013.08/output/build/host-cmake-2.8.10.2/Bootstrap.cmk/cmake -E cmake_progress_report /home/aav/specter/buildroot-2013.08/output/build/host-cmake-2.8.10.2/CMakeFiles/CMakeTmp/CMakeFiles 1
Building C object CMakeFiles/cmTryCompileExec2323020665.dir/CheckFunctionExists.c.o
/usr/bin/gcc   -O2 -I/home/aav/specter/buildroot-2013.08/output/host/usr/include  -w  -DCHECK_FUNCTION_EXISTS=_localtime64_s  -fno-builtin   -o CMakeFiles/cmTryCompileExec2323020665.dir/CheckFunctionExists.c.o   -c /home/aav/specter/buildroot-2013.08/output/build/host-cmake-2.8.10.2/Modules/CheckFunctionExists.c
Linking C executable cmTryCompileExec2323020665
/home/aav/specter/buildroot-2013.08/output/build/host-cmake-2.8.10.2/Bootstrap.cmk/cmake -E cmake_link_script CMakeFiles/cmTryCompileExec2323020665.dir/link.txt --verbose=1
/usr/bin/gcc   -O2 -I/home/aav/specter/buildroot-2013.08/output/host/usr/include  -w  -DCHECK_FUNCTION_EXISTS=_localtime64_s  -fno-builtin   -L/home/aav/specter/buildroot-2013.08/output/host/lib -L/home/aav/specter/buildroot-2013.08/output/host/usr/lib -Wl,-rpath,/home/aav/specter/buildroot-2013.08/output/host/usr/lib CMakeFiles/cmTryCompileExec2323020665.dir/CheckFunctionExists.c.o  -o cmTryCompileExec2323020665 -rdynamic 
CMakeFiles/cmTryCompileExec2323020665.dir/CheckFunctionExists.c.o: In function `main':
CheckFunctionExists.c:(.text.startup+0x7): undefined reference to `_localtime64_s'
collect2: error: ld returned 1 exit status
make[2]: *** [cmTryCompileExec2323020665] Error 1
make[2]: Leaving directory `/home/aav/specter/buildroot-2013.08/output/build/host-cmake-2.8.10.2/CMakeFiles/CMakeTmp'
make[1]: *** [cmTryCompileExec2323020665/fast] Error 2
make[1]: Leaving directory `/home/aav/specter/buildroot-2013.08/output/build/host-cmake-2.8.10.2/CMakeFiles/CMakeTmp'


Determining if the function _mkgmtime64 exists failed with the following output:
Change Dir: /home/aav/specter/buildroot-2013.08/output/build/host-cmake-2.8.10.2/CMakeFiles/CMakeTmp

Run Build Command:/usr/bin/make "cmTryCompileExec295032557/fast"
make[1]: Entering directory `/home/aav/specter/buildroot-2013.08/output/build/host-cmake-2.8.10.2/CMakeFiles/CMakeTmp'
make -f CMakeFiles/cmTryCompileExec295032557.dir/build.make CMakeFiles/cmTryCompileExec295032557.dir/build
make[2]: Entering directory `/home/aav/specter/buildroot-2013.08/output/build/host-cmake-2.8.10.2/CMakeFiles/CMakeTmp'
/home/aav/specter/buildroot-2013.08/output/build/host-cmake-2.8.10.2/Bootstrap.cmk/cmake -E cmake_progress_report /home/aav/specter/buildroot-2013.08/output/build/host-cmake-2.8.10.2/CMakeFiles/CMakeTmp/CMakeFiles 1
Building C object CMakeFiles/cmTryCompileExec295032557.dir/CheckFunctionExists.c.o
/usr/bin/gcc   -O2 -I/home/aav/specter/buildroot-2013.08/output/host/usr/include  -w  -DCHECK_FUNCTION_EXISTS=_mkgmtime64  -fno-builtin   -o CMakeFiles/cmTryCompileExec295032557.dir/CheckFunctionExists.c.o   -c /home/aav/specter/buildroot-2013.08/output/build/host-cmake-2.8.10.2/Modules/CheckFunctionExists.c
Linking C executable cmTryCompileExec295032557
/home/aav/specter/buildroot-2013.08/output/build/host-cmake-2.8.10.2/Bootstrap.cmk/cmake -E cmake_link_script CMakeFiles/cmTryCompileExec295032557.dir/link.txt --verbose=1
/usr/bin/gcc   -O2 -I/home/aav/specter/buildroot-2013.08/output/host/usr/include  -w  -DCHECK_FUNCTION_EXISTS=_mkgmtime64  -fno-builtin   -L/home/aav/specter/buildroot-2013.08/output/host/lib -L/home/aav/specter/buildroot-2013.08/output/host/usr/lib -Wl,-rpath,/home/aav/specter/buildroot-2013.08/output/host/usr/lib CMakeFiles/cmTryCompileExec295032557.dir/CheckFunctionExists.c.o  -o cmTryCompileExec295032557 -rdynamic 
CMakeFiles/cmTryCompileExec295032557.dir/CheckFunctionExists.c.o: In function `main':
CheckFunctionExists.c:(.text.startup+0x7): undefined reference to `_mkgmtime64'
collect2: error: ld returned 1 exit status
make[2]: *** [cmTryCompileExec295032557] Error 1
make[2]: Leaving directory `/home/aav/specter/buildroot-2013.08/output/build/host-cmake-2.8.10.2/CMakeFiles/CMakeTmp'
make[1]: *** [cmTryCompileExec295032557/fast] Error 2
make[1]: Leaving directory `/home/aav/specter/buildroot-2013.08/output/build/host-cmake-2.8.10.2/CMakeFiles/CMakeTmp'


Determining if the function cygwin_conv_path exists failed with the following output:
Change Dir: /home/aav/specter/buildroot-2013.08/output/build/host-cmake-2.8.10.2/CMakeFiles/CMakeTmp

Run Build Command:/usr/bin/make "cmTryCompileExec1537030793/fast"
make[1]: Entering directory `/home/aav/specter/buildroot-2013.08/output/build/host-cmake-2.8.10.2/CMakeFiles/CMakeTmp'
make -f CMakeFiles/cmTryCompileExec1537030793.dir/build.make CMakeFiles/cmTryCompileExec1537030793.dir/build
make[2]: Entering directory `/home/aav/specter/buildroot-2013.08/output/build/host-cmake-2.8.10.2/CMakeFiles/CMakeTmp'
/home/aav/specter/buildroot-2013.08/output/build/host-cmake-2.8.10.2/Bootstrap.cmk/cmake -E cmake_progress_report /home/aav/specter/buildroot-2013.08/output/build/host-cmake-2.8.10.2/CMakeFiles/CMakeTmp/CMakeFiles 1
Building C object CMakeFiles/cmTryCompileExec1537030793.dir/CheckFunctionExists.c.o
/usr/bin/gcc   -O2 -I/home/aav/specter/buildroot-2013.08/output/host/usr/include  -w  -DCHECK_FUNCTION_EXISTS=cygwin_conv_path  -fno-builtin   -o CMakeFiles/cmTryCompileExec1537030793.dir/CheckFunctionExists.c.o   -c /home/aav/specter/buildroot-2013.08/output/build/host-cmake-2.8.10.2/Modules/CheckFunctionExists.c
Linking C executable cmTryCompileExec1537030793
/home/aav/specter/buildroot-2013.08/output/build/host-cmake-2.8.10.2/Bootstrap.cmk/cmake -E cmake_link_script CMakeFiles/cmTryCompileExec1537030793.dir/link.txt --verbose=1
/usr/bin/gcc   -O2 -I/home/aav/specter/buildroot-2013.08/output/host/usr/include  -w  -DCHECK_FUNCTION_EXISTS=cygwin_conv_path  -fno-builtin   -L/home/aav/specter/buildroot-2013.08/output/host/lib -L/home/aav/specter/buildroot-2013.08/output/host/usr/lib -Wl,-rpath,/home/aav/specter/buildroot-2013.08/output/host/usr/lib CMakeFiles/cmTryCompileExec1537030793.dir/CheckFunctionExists.c.o  -o cmTryCompileExec1537030793 -rdynamic 
CMakeFiles/cmTryCompileExec1537030793.dir/CheckFunctionExists.c.o: In function `main':
CheckFunctionExists.c:(.text.startup+0x7): undefined reference to `cygwin_conv_path'
collect2: error: ld returned 1 exit status
make[2]: *** [cmTryCompileExec1537030793] Error 1
make[2]: Leaving directory `/home/aav/specter/buildroot-2013.08/output/build/host-cmake-2.8.10.2/CMakeFiles/CMakeTmp'
make[1]: *** [cmTryCompileExec1537030793/fast] Error 2
make[1]: Leaving directory `/home/aav/specter/buildroot-2013.08/output/build/host-cmake-2.8.10.2/CMakeFiles/CMakeTmp'


Performing C SOURCE FILE Test MAJOR_IN_MKDEV failed with the following output:
Change Dir: /home/aav/specter/buildroot-2013.08/output/build/host-cmake-2.8.10.2/CMakeFiles/CMakeTmp

Run Build Command:/usr/bin/make "cmTryCompileExec441606854/fast"
make[1]: Entering directory `/home/aav/specter/buildroot-2013.08/output/build/host-cmake-2.8.10.2/CMakeFiles/CMakeTmp'
make -f CMakeFiles/cmTryCompileExec441606854.dir/build.make CMakeFiles/cmTryCompileExec441606854.dir/build
make[2]: Entering directory `/home/aav/specter/buildroot-2013.08/output/build/host-cmake-2.8.10.2/CMakeFiles/CMakeTmp'
/home/aav/specter/buildroot-2013.08/output/build/host-cmake-2.8.10.2/Bootstrap.cmk/cmake -E cmake_progress_report /home/aav/specter/buildroot-2013.08/output/build/host-cmake-2.8.10.2/CMakeFiles/CMakeTmp/CMakeFiles 1
Building C object CMakeFiles/cmTryCompileExec441606854.dir/src.c.o
/usr/bin/gcc   -O2 -I/home/aav/specter/buildroot-2013.08/output/host/usr/include  -w  -DMAJOR_IN_MKDEV   -o CMakeFiles/cmTryCompileExec441606854.dir/src.c.o   -c /home/aav/specter/buildroot-2013.08/output/build/host-cmake-2.8.10.2/CMakeFiles/CMakeTmp/src.c
/home/aav/specter/buildroot-2013.08/output/build/host-cmake-2.8.10.2/CMakeFiles/CMakeTmp/src.c:1:23: fatal error: sys/mkdev.h: No such file or directory
 #include <sys/mkdev.h>
                       ^
compilation terminated.
make[2]: *** [CMakeFiles/cmTryCompileExec441606854.dir/src.c.o] Error 1
make[2]: Leaving directory `/home/aav/specter/buildroot-2013.08/output/build/host-cmake-2.8.10.2/CMakeFiles/CMakeTmp'
make[1]: *** [cmTryCompileExec441606854/fast] Error 2
make[1]: Leaving directory `/home/aav/specter/buildroot-2013.08/output/build/host-cmake-2.8.10.2/CMakeFiles/CMakeTmp'

Source file was:
#include <sys/mkdev.h>
int main() { return major(256); }
Determining if the EFTYPE exist failed with the following output:
Change Dir: /home/aav/specter/buildroot-2013.08/output/build/host-cmake-2.8.10.2/CMakeFiles/CMakeTmp

Run Build Command:/usr/bin/make "cmTryCompileExec3608900409/fast"
make[1]: Entering directory `/home/aav/specter/buildroot-2013.08/output/build/host-cmake-2.8.10.2/CMakeFiles/CMakeTmp'
make -f CMakeFiles/cmTryCompileExec3608900409.dir/build.make CMakeFiles/cmTryCompileExec3608900409.dir/build
make[2]: Entering directory `/home/aav/specter/buildroot-2013.08/output/build/host-cmake-2.8.10.2/CMakeFiles/CMakeTmp'
/home/aav/specter/buildroot-2013.08/output/build/host-cmake-2.8.10.2/Bootstrap.cmk/cmake -E cmake_progress_report /home/aav/specter/buildroot-2013.08/output/build/host-cmake-2.8.10.2/CMakeFiles/CMakeTmp/CMakeFiles 1
Building C object CMakeFiles/cmTryCompileExec3608900409.dir/CheckSymbolExists.c.o
/usr/bin/gcc   -O2 -I/home/aav/specter/buildroot-2013.08/output/host/usr/include  -w     -o CMakeFiles/cmTryCompileExec3608900409.dir/CheckSymbolExists.c.o   -c /home/aav/specter/buildroot-2013.08/output/build/host-cmake-2.8.10.2/CMakeFiles/CMakeTmp/CheckSymbolExists.c
/home/aav/specter/buildroot-2013.08/output/build/host-cmake-2.8.10.2/CMakeFiles/CMakeTmp/CheckSymbolExists.c: In function ‘main’:
/home/aav/specter/buildroot-2013.08/output/build/host-cmake-2.8.10.2/CMakeFiles/CMakeTmp/CheckSymbolExists.c:8:19: error: ‘EFTYPE’ undeclared (first use in this function)
   return ((int*)(&EFTYPE))[argc];
                   ^
/home/aav/specter/buildroot-2013.08/output/build/host-cmake-2.8.10.2/CMakeFiles/CMakeTmp/CheckSymbolExists.c:8:19: note: each undeclared identifier is reported only once for each function it appears in
make[2]: *** [CMakeFiles/cmTryCompileExec3608900409.dir/CheckSymbolExists.c.o] Error 1
make[2]: Leaving directory `/home/aav/specter/buildroot-2013.08/output/build/host-cmake-2.8.10.2/CMakeFiles/CMakeTmp'
make[1]: *** [cmTryCompileExec3608900409/fast] Error 2
make[1]: Leaving directory `/home/aav/specter/buildroot-2013.08/output/build/host-cmake-2.8.10.2/CMakeFiles/CMakeTmp'

File /home/aav/specter/buildroot-2013.08/output/build/host-cmake-2.8.10.2/CMakeFiles/CMakeTmp/CheckSymbolExists.c:
/* */
#include <errno.h>

int main(int argc, char** argv)
{
  (void)argv;
#ifndef EFTYPE
  return ((int*)(&EFTYPE))[argc];
#else
  (void)argc;
  return 0;
#endif
}

Determining if the D_MD_ORDER exist failed with the following output:
Change Dir: /home/aav/specter/buildroot-2013.08/output/build/host-cmake-2.8.10.2/CMakeFiles/CMakeTmp

Run Build Command:/usr/bin/make "cmTryCompileExec673557066/fast"
make[1]: Entering directory `/home/aav/specter/buildroot-2013.08/output/build/host-cmake-2.8.10.2/CMakeFiles/CMakeTmp'
make -f CMakeFiles/cmTryCompileExec673557066.dir/build.make CMakeFiles/cmTryCompileExec673557066.dir/build
make[2]: Entering directory `/home/aav/specter/buildroot-2013.08/output/build/host-cmake-2.8.10.2/CMakeFiles/CMakeTmp'
/home/aav/specter/buildroot-2013.08/output/build/host-cmake-2.8.10.2/Bootstrap.cmk/cmake -E cmake_progress_report /home/aav/specter/buildroot-2013.08/output/build/host-cmake-2.8.10.2/CMakeFiles/CMakeTmp/CMakeFiles 1
Building C object CMakeFiles/cmTryCompileExec673557066.dir/CheckSymbolExists.c.o
/usr/bin/gcc   -O2 -I/home/aav/specter/buildroot-2013.08/output/host/usr/include  -w     -o CMakeFiles/cmTryCompileExec673557066.dir/CheckSymbolExists.c.o   -c /home/aav/specter/buildroot-2013.08/output/build/host-cmake-2.8.10.2/CMakeFiles/CMakeTmp/CheckSymbolExists.c
/home/aav/specter/buildroot-2013.08/output/build/host-cmake-2.8.10.2/CMakeFiles/CMakeTmp/CheckSymbolExists.c: In function ‘main’:
/home/aav/specter/buildroot-2013.08/output/build/host-cmake-2.8.10.2/CMakeFiles/CMakeTmp/CheckSymbolExists.c:8:19: error: ‘D_MD_ORDER’ undeclared (first use in this function)
   return ((int*)(&D_MD_ORDER))[argc];
                   ^
/home/aav/specter/buildroot-2013.08/output/build/host-cmake-2.8.10.2/CMakeFiles/CMakeTmp/CheckSymbolExists.c:8:19: note: each undeclared identifier is reported only once for each function it appears in
make[2]: *** [CMakeFiles/cmTryCompileExec673557066.dir/CheckSymbolExists.c.o] Error 1
make[2]: Leaving directory `/home/aav/specter/buildroot-2013.08/output/build/host-cmake-2.8.10.2/CMakeFiles/CMakeTmp'
make[1]: *** [cmTryCompileExec673557066/fast] Error 2
make[1]: Leaving directory `/home/aav/specter/buildroot-2013.08/output/build/host-cmake-2.8.10.2/CMakeFiles/CMakeTmp'

File /home/aav/specter/buildroot-2013.08/output/build/host-cmake-2.8.10.2/CMakeFiles/CMakeTmp/CheckSymbolExists.c:
/* */
#include <langinfo.h>

int main(int argc, char** argv)
{
  (void)argv;
#ifndef D_MD_ORDER
  return ((int*)(&D_MD_ORDER))[argc];
#else
  (void)argc;
  return 0;
#endif
}

Performing C SOURCE FILE Test HAVE_STRUCT_TM___TM_GMTOFF failed with the following output:
Change Dir: /home/aav/specter/buildroot-2013.08/output/build/host-cmake-2.8.10.2/CMakeFiles/CMakeTmp

Run Build Command:/usr/bin/make "cmTryCompileExec4074576248/fast"
make[1]: Entering directory `/home/aav/specter/buildroot-2013.08/output/build/host-cmake-2.8.10.2/CMakeFiles/CMakeTmp'
make -f CMakeFiles/cmTryCompileExec4074576248.dir/build.make CMakeFiles/cmTryCompileExec4074576248.dir/build
make[2]: Entering directory `/home/aav/specter/buildroot-2013.08/output/build/host-cmake-2.8.10.2/CMakeFiles/CMakeTmp'
/home/aav/specter/buildroot-2013.08/output/build/host-cmake-2.8.10.2/Bootstrap.cmk/cmake -E cmake_progress_report /home/aav/specter/buildroot-2013.08/output/build/host-cmake-2.8.10.2/CMakeFiles/CMakeTmp/CMakeFiles 1
Building C object CMakeFiles/cmTryCompileExec4074576248.dir/src.c.o
/usr/bin/gcc   -O2 -I/home/aav/specter/buildroot-2013.08/output/host/usr/include  -w  -DHAVE_STRUCT_TM___TM_GMTOFF   -o CMakeFiles/cmTryCompileExec4074576248.dir/src.c.o   -c /home/aav/specter/buildroot-2013.08/output/build/host-cmake-2.8.10.2/CMakeFiles/CMakeTmp/src.c
/home/aav/specter/buildroot-2013.08/output/build/host-cmake-2.8.10.2/CMakeFiles/CMakeTmp/src.c: In function ‘main’:
/home/aav/specter/buildroot-2013.08/output/build/host-cmake-2.8.10.2/CMakeFiles/CMakeTmp/src.c:7:18: error: ‘struct tm’ has no member named ‘__tm_gmtoff’
    if (sizeof(tmp.__tm_gmtoff))
                  ^
make[2]: *** [CMakeFiles/cmTryCompileExec4074576248.dir/src.c.o] Error 1
make[2]: Leaving directory `/home/aav/specter/buildroot-2013.08/output/build/host-cmake-2.8.10.2/CMakeFiles/CMakeTmp'
make[1]: *** [cmTryCompileExec4074576248/fast] Error 2
make[1]: Leaving directory `/home/aav/specter/buildroot-2013.08/output/build/host-cmake-2.8.10.2/CMakeFiles/CMakeTmp'

Source file was:

#include <time.h>

int main()
{
   static struct tm tmp;
   if (sizeof(tmp.__tm_gmtoff))
      return 0;
  return 0;
}

Performing C SOURCE FILE Test HAVE_STRUCT_STATFS_F_NAMEMAX failed with the following output:
Change Dir: /home/aav/specter/buildroot-2013.08/output/build/host-cmake-2.8.10.2/CMakeFiles/CMakeTmp

Run Build Command:/usr/bin/make "cmTryCompileExec1151146744/fast"
make[1]: Entering directory `/home/aav/specter/buildroot-2013.08/output/build/host-cmake-2.8.10.2/CMakeFiles/CMakeTmp'
make -f CMakeFiles/cmTryCompileExec1151146744.dir/build.make CMakeFiles/cmTryCompileExec1151146744.dir/build
make[2]: Entering directory `/home/aav/specter/buildroot-2013.08/output/build/host-cmake-2.8.10.2/CMakeFiles/CMakeTmp'
/home/aav/specter/buildroot-2013.08/output/build/host-cmake-2.8.10.2/Bootstrap.cmk/cmake -E cmake_progress_report /home/aav/specter/buildroot-2013.08/output/build/host-cmake-2.8.10.2/CMakeFiles/CMakeTmp/CMakeFiles 1
Building C object CMakeFiles/cmTryCompileExec1151146744.dir/src.c.o
/usr/bin/gcc   -O2 -I/home/aav/specter/buildroot-2013.08/output/host/usr/include  -w  -DHAVE_STRUCT_STATFS_F_NAMEMAX   -o CMakeFiles/cmTryCompileExec1151146744.dir/src.c.o   -c /home/aav/specter/buildroot-2013.08/output/build/host-cmake-2.8.10.2/CMakeFiles/CMakeTmp/src.c
/home/aav/specter/buildroot-2013.08/output/build/host-cmake-2.8.10.2/CMakeFiles/CMakeTmp/src.c: In function ‘main’:
/home/aav/specter/buildroot-2013.08/output/build/host-cmake-2.8.10.2/CMakeFiles/CMakeTmp/src.c:7:25: error: storage size of ‘tmp’ isn’t known
    static struct statfs tmp;
                         ^
make[2]: *** [CMakeFiles/cmTryCompileExec1151146744.dir/src.c.o] Error 1
make[2]: Leaving directory `/home/aav/specter/buildroot-2013.08/output/build/host-cmake-2.8.10.2/CMakeFiles/CMakeTmp'
make[1]: *** [cmTryCompileExec1151146744/fast] Error 2
make[1]: Leaving directory `/home/aav/specter/buildroot-2013.08/output/build/host-cmake-2.8.10.2/CMakeFiles/CMakeTmp'

Source file was:

#include <sys/param.h>
#include <sys/mount.h>

int main()
{
   static struct statfs tmp;
   if (sizeof(tmp.f_namemax))
      return 0;
  return 0;
}

Performing C SOURCE FILE Test HAVE_STRUCT_STAT_ST_BIRTHTIME failed with the following output:
Change Dir: /home/aav/specter/buildroot-2013.08/output/build/host-cmake-2.8.10.2/CMakeFiles/CMakeTmp

Run Build Command:/usr/bin/make "cmTryCompileExec509937450/fast"
make[1]: Entering directory `/home/aav/specter/buildroot-2013.08/output/build/host-cmake-2.8.10.2/CMakeFiles/CMakeTmp'
make -f CMakeFiles/cmTryCompileExec509937450.dir/build.make CMakeFiles/cmTryCompileExec509937450.dir/build
make[2]: Entering directory `/home/aav/specter/buildroot-2013.08/output/build/host-cmake-2.8.10.2/CMakeFiles/CMakeTmp'
/home/aav/specter/buildroot-2013.08/output/build/host-cmake-2.8.10.2/Bootstrap.cmk/cmake -E cmake_progress_report /home/aav/specter/buildroot-2013.08/output/build/host-cmake-2.8.10.2/CMakeFiles/CMakeTmp/CMakeFiles 1
Building C object CMakeFiles/cmTryCompileExec509937450.dir/src.c.o
/usr/bin/gcc   -O2 -I/home/aav/specter/buildroot-2013.08/output/host/usr/include  -w  -DHAVE_STRUCT_STAT_ST_BIRTHTIME   -o CMakeFiles/cmTryCompileExec509937450.dir/src.c.o   -c /home/aav/specter/buildroot-2013.08/output/build/host-cmake-2.8.10.2/CMakeFiles/CMakeTmp/src.c
/home/aav/specter/buildroot-2013.08/output/build/host-cmake-2.8.10.2/CMakeFiles/CMakeTmp/src.c: In function ‘main’:
/home/aav/specter/buildroot-2013.08/output/build/host-cmake-2.8.10.2/CMakeFiles/CMakeTmp/src.c:8:18: error: ‘struct stat’ has no member named ‘st_birthtime’
    if (sizeof(tmp.st_birthtime))
                  ^
make[2]: *** [CMakeFiles/cmTryCompileExec509937450.dir/src.c.o] Error 1
make[2]: Leaving directory `/home/aav/specter/buildroot-2013.08/output/build/host-cmake-2.8.10.2/CMakeFiles/CMakeTmp'
make[1]: *** [cmTryCompileExec509937450/fast] Error 2
make[1]: Leaving directory `/home/aav/specter/buildroot-2013.08/output/build/host-cmake-2.8.10.2/CMakeFiles/CMakeTmp'

Source file was:

#include <sys/types.h>
#include <sys/stat.h>

int main()
{
   static struct stat tmp;
   if (sizeof(tmp.st_birthtime))
      return 0;
  return 0;
}

Performing C SOURCE FILE Test HAVE_STRUCT_STAT_ST_BIRTHTIMESPEC_TV_NSEC failed with the following output:
Change Dir: /home/aav/specter/buildroot-2013.08/output/build/host-cmake-2.8.10.2/CMakeFiles/CMakeTmp

Run Build Command:/usr/bin/make "cmTryCompileExec2919759937/fast"
make[1]: Entering directory `/home/aav/specter/buildroot-2013.08/output/build/host-cmake-2.8.10.2/CMakeFiles/CMakeTmp'
make -f CMakeFiles/cmTryCompileExec2919759937.dir/build.make CMakeFiles/cmTryCompileExec2919759937.dir/build
make[2]: Entering directory `/home/aav/specter/buildroot-2013.08/output/build/host-cmake-2.8.10.2/CMakeFiles/CMakeTmp'
/home/aav/specter/buildroot-2013.08/output/build/host-cmake-2.8.10.2/Bootstrap.cmk/cmake -E cmake_progress_report /home/aav/specter/buildroot-2013.08/output/build/host-cmake-2.8.10.2/CMakeFiles/CMakeTmp/CMakeFiles 1
Building C object CMakeFiles/cmTryCompileExec2919759937.dir/src.c.o
/usr/bin/gcc   -O2 -I/home/aav/specter/buildroot-2013.08/output/host/usr/include  -w  -DHAVE_STRUCT_STAT_ST_BIRTHTIMESPEC_TV_NSEC   -o CMakeFiles/cmTryCompileExec2919759937.dir/src.c.o   -c /home/aav/specter/buildroot-2013.08/output/build/host-cmake-2.8.10.2/CMakeFiles/CMakeTmp/src.c
/home/aav/specter/buildroot-2013.08/output/build/host-cmake-2.8.10.2/CMakeFiles/CMakeTmp/src.c: In function ‘main’:
/home/aav/specter/buildroot-2013.08/output/build/host-cmake-2.8.10.2/CMakeFiles/CMakeTmp/src.c:8:18: error: ‘struct stat’ has no member named ‘st_birthtimespec’
    if (sizeof(tmp.st_birthtimespec.tv_nsec))
                  ^
make[2]: *** [CMakeFiles/cmTryCompileExec2919759937.dir/src.c.o] Error 1
make[2]: Leaving directory `/home/aav/specter/buildroot-2013.08/output/build/host-cmake-2.8.10.2/CMakeFiles/CMakeTmp'
make[1]: *** [cmTryCompileExec2919759937/fast] Error 2
make[1]: Leaving directory `/home/aav/specter/buildroot-2013.08/output/build/host-cmake-2.8.10.2/CMakeFiles/CMakeTmp'

Source file was:

#include <sys/types.h>
#include <sys/stat.h>

int main()
{
   static struct stat tmp;
   if (sizeof(tmp.st_birthtimespec.tv_nsec))
      return 0;
  return 0;
}

Performing C SOURCE FILE Test HAVE_STRUCT_STAT_ST_MTIMESPEC_TV_NSEC failed with the following output:
Change Dir: /home/aav/specter/buildroot-2013.08/output/build/host-cmake-2.8.10.2/CMakeFiles/CMakeTmp

Run Build Command:/usr/bin/make "cmTryCompileExec3823011885/fast"
make[1]: Entering directory `/home/aav/specter/buildroot-2013.08/output/build/host-cmake-2.8.10.2/CMakeFiles/CMakeTmp'
make -f CMakeFiles/cmTryCompileExec3823011885.dir/build.make CMakeFiles/cmTryCompileExec3823011885.dir/build
make[2]: Entering directory `/home/aav/specter/buildroot-2013.08/output/build/host-cmake-2.8.10.2/CMakeFiles/CMakeTmp'
/home/aav/specter/buildroot-2013.08/output/build/host-cmake-2.8.10.2/Bootstrap.cmk/cmake -E cmake_progress_report /home/aav/specter/buildroot-2013.08/output/build/host-cmake-2.8.10.2/CMakeFiles/CMakeTmp/CMakeFiles 1
Building C object CMakeFiles/cmTryCompileExec3823011885.dir/src.c.o
/usr/bin/gcc   -O2 -I/home/aav/specter/buildroot-2013.08/output/host/usr/include  -w  -DHAVE_STRUCT_STAT_ST_MTIMESPEC_TV_NSEC   -o CMakeFiles/cmTryCompileExec3823011885.dir/src.c.o   -c /home/aav/specter/buildroot-2013.08/output/build/host-cmake-2.8.10.2/CMakeFiles/CMakeTmp/src.c
/home/aav/specter/buildroot-2013.08/output/build/host-cmake-2.8.10.2/CMakeFiles/CMakeTmp/src.c: In function ‘main’:
/home/aav/specter/buildroot-2013.08/output/build/host-cmake-2.8.10.2/CMakeFiles/CMakeTmp/src.c:8:18: error: ‘struct stat’ has no member named ‘st_mtimespec’
    if (sizeof(tmp.st_mtimespec.tv_nsec))
                  ^
make[2]: *** [CMakeFiles/cmTryCompileExec3823011885.dir/src.c.o] Error 1
make[2]: Leaving directory `/home/aav/specter/buildroot-2013.08/output/build/host-cmake-2.8.10.2/CMakeFiles/CMakeTmp'
make[1]: *** [cmTryCompileExec3823011885/fast] Error 2
make[1]: Leaving directory `/home/aav/specter/buildroot-2013.08/output/build/host-cmake-2.8.10.2/CMakeFiles/CMakeTmp'

Source file was:

#include <sys/types.h>
#include <sys/stat.h>

int main()
{
   static struct stat tmp;
   if (sizeof(tmp.st_mtimespec.tv_nsec))
      return 0;
  return 0;
}

Performing C SOURCE FILE Test HAVE_STRUCT_STAT_ST_MTIME_N failed with the following output:
Change Dir: /home/aav/specter/buildroot-2013.08/output/build/host-cmake-2.8.10.2/CMakeFiles/CMakeTmp

Run Build Command:/usr/bin/make "cmTryCompileExec481296760/fast"
make[1]: Entering directory `/home/aav/specter/buildroot-2013.08/output/build/host-cmake-2.8.10.2/CMakeFiles/CMakeTmp'
make -f CMakeFiles/cmTryCompileExec481296760.dir/build.make CMakeFiles/cmTryCompileExec481296760.dir/build
make[2]: Entering directory `/home/aav/specter/buildroot-2013.08/output/build/host-cmake-2.8.10.2/CMakeFiles/CMakeTmp'
/home/aav/specter/buildroot-2013.08/output/build/host-cmake-2.8.10.2/Bootstrap.cmk/cmake -E cmake_progress_report /home/aav/specter/buildroot-2013.08/output/build/host-cmake-2.8.10.2/CMakeFiles/CMakeTmp/CMakeFiles 1
Building C object CMakeFiles/cmTryCompileExec481296760.dir/src.c.o
/usr/bin/gcc   -O2 -I/home/aav/specter/buildroot-2013.08/output/host/usr/include  -w  -DHAVE_STRUCT_STAT_ST_MTIME_N   -o CMakeFiles/cmTryCompileExec481296760.dir/src.c.o   -c /home/aav/specter/buildroot-2013.08/output/build/host-cmake-2.8.10.2/CMakeFiles/CMakeTmp/src.c
/home/aav/specter/buildroot-2013.08/output/build/host-cmake-2.8.10.2/CMakeFiles/CMakeTmp/src.c: In function ‘main’:
/home/aav/specter/buildroot-2013.08/output/build/host-cmake-2.8.10.2/CMakeFiles/CMakeTmp/src.c:8:18: error: ‘struct stat’ has no member named ‘st_mtime_n’
    if (sizeof(tmp.st_mtime_n))
                  ^
make[2]: *** [CMakeFiles/cmTryCompileExec481296760.dir/src.c.o] Error 1
make[2]: Leaving directory `/home/aav/specter/buildroot-2013.08/output/build/host-cmake-2.8.10.2/CMakeFiles/CMakeTmp'
make[1]: *** [cmTryCompileExec481296760/fast] Error 2
make[1]: Leaving directory `/home/aav/specter/buildroot-2013.08/output/build/host-cmake-2.8.10.2/CMakeFiles/CMakeTmp'

Source file was:

#include <sys/types.h>
#include <sys/stat.h>

int main()
{
   static struct stat tmp;
   if (sizeof(tmp.st_mtime_n))
      return 0;
  return 0;
}

Performing C SOURCE FILE Test HAVE_STRUCT_STAT_ST_UMTIME failed with the following output:
Change Dir: /home/aav/specter/buildroot-2013.08/output/build/host-cmake-2.8.10.2/CMakeFiles/CMakeTmp

Run Build Command:/usr/bin/make "cmTryCompileExec828126351/fast"
make[1]: Entering directory `/home/aav/specter/buildroot-2013.08/output/build/host-cmake-2.8.10.2/CMakeFiles/CMakeTmp'
make -f CMakeFiles/cmTryCompileExec828126351.dir/build.make CMakeFiles/cmTryCompileExec828126351.dir/build
make[2]: Entering directory `/home/aav/specter/buildroot-2013.08/output/build/host-cmake-2.8.10.2/CMakeFiles/CMakeTmp'
/home/aav/specter/buildroot-2013.08/output/build/host-cmake-2.8.10.2/Bootstrap.cmk/cmake -E cmake_progress_report /home/aav/specter/buildroot-2013.08/output/build/host-cmake-2.8.10.2/CMakeFiles/CMakeTmp/CMakeFiles 1
Building C object CMakeFiles/cmTryCompileExec828126351.dir/src.c.o
/usr/bin/gcc   -O2 -I/home/aav/specter/buildroot-2013.08/output/host/usr/include  -w  -DHAVE_STRUCT_STAT_ST_UMTIME   -o CMakeFiles/cmTryCompileExec828126351.dir/src.c.o   -c /home/aav/specter/buildroot-2013.08/output/build/host-cmake-2.8.10.2/CMakeFiles/CMakeTmp/src.c
/home/aav/specter/buildroot-2013.08/output/build/host-cmake-2.8.10.2/CMakeFiles/CMakeTmp/src.c: In function ‘main’:
/home/aav/specter/buildroot-2013.08/output/build/host-cmake-2.8.10.2/CMakeFiles/CMakeTmp/src.c:8:18: error: ‘struct stat’ has no member named ‘st_umtime’
    if (sizeof(tmp.st_umtime))
                  ^
make[2]: *** [CMakeFiles/cmTryCompileExec828126351.dir/src.c.o] Error 1
make[2]: Leaving directory `/home/aav/specter/buildroot-2013.08/output/build/host-cmake-2.8.10.2/CMakeFiles/CMakeTmp'
make[1]: *** [cmTryCompileExec828126351/fast] Error 2
make[1]: Leaving directory `/home/aav/specter/buildroot-2013.08/output/build/host-cmake-2.8.10.2/CMakeFiles/CMakeTmp'

Source file was:

#include <sys/types.h>
#include <sys/stat.h>

int main()
{
   static struct stat tmp;
   if (sizeof(tmp.st_umtime))
      return 0;
  return 0;
}

Performing C SOURCE FILE Test HAVE_STRUCT_STAT_ST_MTIME_USEC failed with the following output:
Change Dir: /home/aav/specter/buildroot-2013.08/output/build/host-cmake-2.8.10.2/CMakeFiles/CMakeTmp

Run Build Command:/usr/bin/make "cmTryCompileExec3750574277/fast"
make[1]: Entering directory `/home/aav/specter/buildroot-2013.08/output/build/host-cmake-2.8.10.2/CMakeFiles/CMakeTmp'
make -f CMakeFiles/cmTryCompileExec3750574277.dir/build.make CMakeFiles/cmTryCompileExec3750574277.dir/build
make[2]: Entering directory `/home/aav/specter/buildroot-2013.08/output/build/host-cmake-2.8.10.2/CMakeFiles/CMakeTmp'
/home/aav/specter/buildroot-2013.08/output/build/host-cmake-2.8.10.2/Bootstrap.cmk/cmake -E cmake_progress_report /home/aav/specter/buildroot-2013.08/output/build/host-cmake-2.8.10.2/CMakeFiles/CMakeTmp/CMakeFiles 1
Building C object CMakeFiles/cmTryCompileExec3750574277.dir/src.c.o
/usr/bin/gcc   -O2 -I/home/aav/specter/buildroot-2013.08/output/host/usr/include  -w  -DHAVE_STRUCT_STAT_ST_MTIME_USEC   -o CMakeFiles/cmTryCompileExec3750574277.dir/src.c.o   -c /home/aav/specter/buildroot-2013.08/output/build/host-cmake-2.8.10.2/CMakeFiles/CMakeTmp/src.c
/home/aav/specter/buildroot-2013.08/output/build/host-cmake-2.8.10.2/CMakeFiles/CMakeTmp/src.c: In function ‘main’:
/home/aav/specter/buildroot-2013.08/output/build/host-cmake-2.8.10.2/CMakeFiles/CMakeTmp/src.c:8:18: error: ‘struct stat’ has no member named ‘st_mtime_usec’
    if (sizeof(tmp.st_mtime_usec))
                  ^
make[2]: *** [CMakeFiles/cmTryCompileExec3750574277.dir/src.c.o] Error 1
make[2]: Leaving directory `/home/aav/specter/buildroot-2013.08/output/build/host-cmake-2.8.10.2/CMakeFiles/CMakeTmp'
make[1]: *** [cmTryCompileExec3750574277/fast] Error 2
make[1]: Leaving directory `/home/aav/specter/buildroot-2013.08/output/build/host-cmake-2.8.10.2/CMakeFiles/CMakeTmp'

Source file was:

#include <sys/types.h>
#include <sys/stat.h>

int main()
{
   static struct stat tmp;
   if (sizeof(tmp.st_mtime_usec))
      return 0;
  return 0;
}

Performing C SOURCE FILE Test HAVE_STRUCT_STAT_ST_FLAGS failed with the following output:
Change Dir: /home/aav/specter/buildroot-2013.08/output/build/host-cmake-2.8.10.2/CMakeFiles/CMakeTmp

Run Build Command:/usr/bin/make "cmTryCompileExec326324381/fast"
make[1]: Entering directory `/home/aav/specter/buildroot-2013.08/output/build/host-cmake-2.8.10.2/CMakeFiles/CMakeTmp'
make -f CMakeFiles/cmTryCompileExec326324381.dir/build.make CMakeFiles/cmTryCompileExec326324381.dir/build
make[2]: Entering directory `/home/aav/specter/buildroot-2013.08/output/build/host-cmake-2.8.10.2/CMakeFiles/CMakeTmp'
/home/aav/specter/buildroot-2013.08/output/build/host-cmake-2.8.10.2/Bootstrap.cmk/cmake -E cmake_progress_report /home/aav/specter/buildroot-2013.08/output/build/host-cmake-2.8.10.2/CMakeFiles/CMakeTmp/CMakeFiles 1
Building C object CMakeFiles/cmTryCompileExec326324381.dir/src.c.o
/usr/bin/gcc   -O2 -I/home/aav/specter/buildroot-2013.08/output/host/usr/include  -w  -DHAVE_STRUCT_STAT_ST_FLAGS   -o CMakeFiles/cmTryCompileExec326324381.dir/src.c.o   -c /home/aav/specter/buildroot-2013.08/output/build/host-cmake-2.8.10.2/CMakeFiles/CMakeTmp/src.c
/home/aav/specter/buildroot-2013.08/output/build/host-cmake-2.8.10.2/CMakeFiles/CMakeTmp/src.c: In function ‘main’:
/home/aav/specter/buildroot-2013.08/output/build/host-cmake-2.8.10.2/CMakeFiles/CMakeTmp/src.c:8:18: error: ‘struct stat’ has no member named ‘st_flags’
    if (sizeof(tmp.st_flags))
                  ^
make[2]: *** [CMakeFiles/cmTryCompileExec326324381.dir/src.c.o] Error 1
make[2]: Leaving directory `/home/aav/specter/buildroot-2013.08/output/build/host-cmake-2.8.10.2/CMakeFiles/CMakeTmp'
make[1]: *** [cmTryCompileExec326324381/fast] Error 2
make[1]: Leaving directory `/home/aav/specter/buildroot-2013.08/output/build/host-cmake-2.8.10.2/CMakeFiles/CMakeTmp'

Source file was:

#include <sys/types.h>
#include <sys/stat.h>

int main()
{
   static struct stat tmp;
   if (sizeof(tmp.st_flags))
      return 0;
  return 0;
}

Performing C SOURCE FILE Test HAVE_STRUCT_STATVFS_F_IOSIZE failed with the following output:
Change Dir: /home/aav/specter/buildroot-2013.08/output/build/host-cmake-2.8.10.2/CMakeFiles/CMakeTmp

Run Build Command:/usr/bin/make "cmTryCompileExec109360496/fast"
make[1]: Entering directory `/home/aav/specter/buildroot-2013.08/output/build/host-cmake-2.8.10.2/CMakeFiles/CMakeTmp'
make -f CMakeFiles/cmTryCompileExec109360496.dir/build.make CMakeFiles/cmTryCompileExec109360496.dir/build
make[2]: Entering directory `/home/aav/specter/buildroot-2013.08/output/build/host-cmake-2.8.10.2/CMakeFiles/CMakeTmp'
/home/aav/specter/buildroot-2013.08/output/build/host-cmake-2.8.10.2/Bootstrap.cmk/cmake -E cmake_progress_report /home/aav/specter/buildroot-2013.08/output/build/host-cmake-2.8.10.2/CMakeFiles/CMakeTmp/CMakeFiles 1
Building C object CMakeFiles/cmTryCompileExec109360496.dir/src.c.o
/usr/bin/gcc   -O2 -I/home/aav/specter/buildroot-2013.08/output/host/usr/include  -w  -DHAVE_STRUCT_STATVFS_F_IOSIZE   -o CMakeFiles/cmTryCompileExec109360496.dir/src.c.o   -c /home/aav/specter/buildroot-2013.08/output/build/host-cmake-2.8.10.2/CMakeFiles/CMakeTmp/src.c
/home/aav/specter/buildroot-2013.08/output/build/host-cmake-2.8.10.2/CMakeFiles/CMakeTmp/src.c: In function ‘main’:
/home/aav/specter/buildroot-2013.08/output/build/host-cmake-2.8.10.2/CMakeFiles/CMakeTmp/src.c:8:18: error: ‘struct statvfs’ has no member named ‘f_iosize’
    if (sizeof(tmp.f_iosize))
                  ^
make[2]: *** [CMakeFiles/cmTryCompileExec109360496.dir/src.c.o] Error 1
make[2]: Leaving directory `/home/aav/specter/buildroot-2013.08/output/build/host-cmake-2.8.10.2/CMakeFiles/CMakeTmp'
make[1]: *** [cmTryCompileExec109360496/fast] Error 2
make[1]: Leaving directory `/home/aav/specter/buildroot-2013.08/output/build/host-cmake-2.8.10.2/CMakeFiles/CMakeTmp'

Source file was:

#include <sys/types.h>
#include <sys/statvfs.h>

int main()
{
   static struct statvfs tmp;
   if (sizeof(tmp.f_iosize))
      return 0;
  return 0;
}

Determining size of __int64 failed with the following output:
Change Dir: /home/aav/specter/buildroot-2013.08/output/build/host-cmake-2.8.10.2/CMakeFiles/CMakeTmp

Run Build Command:/usr/bin/make "cmTryCompileExec2340132110/fast"
make[1]: Entering directory `/home/aav/specter/buildroot-2013.08/output/build/host-cmake-2.8.10.2/CMakeFiles/CMakeTmp'
make -f CMakeFiles/cmTryCompileExec2340132110.dir/build.make CMakeFiles/cmTryCompileExec2340132110.dir/build
make[2]: Entering directory `/home/aav/specter/buildroot-2013.08/output/build/host-cmake-2.8.10.2/CMakeFiles/CMakeTmp'
/home/aav/specter/buildroot-2013.08/output/build/host-cmake-2.8.10.2/Bootstrap.cmk/cmake -E cmake_progress_report /home/aav/specter/buildroot-2013.08/output/build/host-cmake-2.8.10.2/CMakeFiles/CMakeTmp/CMakeFiles 1
Building C object CMakeFiles/cmTryCompileExec2340132110.dir/__INT64.c.o
/usr/bin/gcc   -O2 -I/home/aav/specter/buildroot-2013.08/output/host/usr/include  -w     -o CMakeFiles/cmTryCompileExec2340132110.dir/__INT64.c.o   -c /home/aav/specter/buildroot-2013.08/output/build/host-cmake-2.8.10.2/CMakeFiles/CheckTypeSize/__INT64.c
/home/aav/specter/buildroot-2013.08/output/build/host-cmake-2.8.10.2/CMakeFiles/CheckTypeSize/__INT64.c:17:22: error: ‘__int64’ undeclared here (not in a function)
 #define SIZE (sizeof(__int64))
                      ^
/home/aav/specter/buildroot-2013.08/output/build/host-cmake-2.8.10.2/CMakeFiles/CheckTypeSize/__INT64.c:19:12: note: in expansion of macro ‘SIZE’
   ('0' + ((SIZE / 10000)%10)),
            ^
make[2]: *** [CMakeFiles/cmTryCompileExec2340132110.dir/__INT64.c.o] Error 1
make[2]: Leaving directory `/home/aav/specter/buildroot-2013.08/output/build/host-cmake-2.8.10.2/CMakeFiles/CMakeTmp'
make[1]: *** [cmTryCompileExec2340132110/fast] Error 2
make[1]: Leaving directory `/home/aav/specter/buildroot-2013.08/output/build/host-cmake-2.8.10.2/CMakeFiles/CMakeTmp'

/home/aav/specter/buildroot-2013.08/output/build/host-cmake-2.8.10.2/CMakeFiles/CheckTypeSize/__INT64.c:
#include <sys/types.h>
#include <stdint.h>
#include <stddef.h>


#undef KEY
#if defined(__i386)
# define KEY '_','_','i','3','8','6'
#elif defined(__x86_64)
# define KEY '_','_','x','8','6','_','6','4'
#elif defined(__ppc__)
# define KEY '_','_','p','p','c','_','_'
#elif defined(__ppc64__)
# define KEY '_','_','p','p','c','6','4','_','_'
#endif

#define SIZE (sizeof(__int64))
char info_size[] =  {'I', 'N', 'F', 'O', ':', 's','i','z','e','[',
  ('0' + ((SIZE / 10000)%10)),
  ('0' + ((SIZE / 1000)%10)),
  ('0' + ((SIZE / 100)%10)),
  ('0' + ((SIZE / 10)%10)),
  ('0' +  (SIZE    % 10)),
  ']',
#ifdef KEY
  ' ','k','e','y','[', KEY, ']',
#endif
  '\0'};

#ifdef __CLASSIC_C__
int main(argc, argv) int argc; char *argv[];
#else
int main(int argc, char *argv[])
#endif
{
  int require = 0;
  require += info_size[argc];
  (void)argv;
  return require;
}


Determining size of unsigned __int64 failed with the following output:
Change Dir: /home/aav/specter/buildroot-2013.08/output/build/host-cmake-2.8.10.2/CMakeFiles/CMakeTmp

Run Build Command:/usr/bin/make "cmTryCompileExec2406609419/fast"
make[1]: Entering directory `/home/aav/specter/buildroot-2013.08/output/build/host-cmake-2.8.10.2/CMakeFiles/CMakeTmp'
make -f CMakeFiles/cmTryCompileExec2406609419.dir/build.make CMakeFiles/cmTryCompileExec2406609419.dir/build
make[2]: Entering directory `/home/aav/specter/buildroot-2013.08/output/build/host-cmake-2.8.10.2/CMakeFiles/CMakeTmp'
/home/aav/specter/buildroot-2013.08/output/build/host-cmake-2.8.10.2/Bootstrap.cmk/cmake -E cmake_progress_report /home/aav/specter/buildroot-2013.08/output/build/host-cmake-2.8.10.2/CMakeFiles/CMakeTmp/CMakeFiles 1
Building C object CMakeFiles/cmTryCompileExec2406609419.dir/UNSIGNED___INT64.c.o
/usr/bin/gcc   -O2 -I/home/aav/specter/buildroot-2013.08/output/host/usr/include  -w     -o CMakeFiles/cmTryCompileExec2406609419.dir/UNSIGNED___INT64.c.o   -c /home/aav/specter/buildroot-2013.08/output/build/host-cmake-2.8.10.2/CMakeFiles/CheckTypeSize/UNSIGNED___INT64.c
/home/aav/specter/buildroot-2013.08/output/build/host-cmake-2.8.10.2/CMakeFiles/CheckTypeSize/UNSIGNED___INT64.c:17:31: error: expected ‘)’ before ‘__int64’
 #define SIZE (sizeof(unsigned __int64))
                               ^
/home/aav/specter/buildroot-2013.08/output/build/host-cmake-2.8.10.2/CMakeFiles/CheckTypeSize/UNSIGNED___INT64.c:19:12: note: in expansion of macro ‘SIZE’
   ('0' + ((SIZE / 10000)%10)),
            ^
/home/aav/specter/buildroot-2013.08/output/build/host-cmake-2.8.10.2/CMakeFiles/CheckTypeSize/UNSIGNED___INT64.c:17:31: error: expected ‘)’ before ‘__int64’
 #define SIZE (sizeof(unsigned __int64))
                               ^
/home/aav/specter/buildroot-2013.08/output/build/host-cmake-2.8.10.2/CMakeFiles/CheckTypeSize/UNSIGNED___INT64.c:20:12: note: in expansion of macro ‘SIZE’
   ('0' + ((SIZE / 1000)%10)),
            ^
/home/aav/specter/buildroot-2013.08/output/build/host-cmake-2.8.10.2/CMakeFiles/CheckTypeSize/UNSIGNED___INT64.c:17:31: error: expected ‘)’ before ‘__int64’
 #define SIZE (sizeof(unsigned __int64))
                               ^
/home/aav/specter/buildroot-2013.08/output/build/host-cmake-2.8.10.2/CMakeFiles/CheckTypeSize/UNSIGNED___INT64.c:21:12: note: in expansion of macro ‘SIZE’
   ('0' + ((SIZE / 100)%10)),
            ^
/home/aav/specter/buildroot-2013.08/output/build/host-cmake-2.8.10.2/CMakeFiles/CheckTypeSize/UNSIGNED___INT64.c:17:31: error: expected ‘)’ before ‘__int64’
 #define SIZE (sizeof(unsigned __int64))
                               ^
/home/aav/specter/buildroot-2013.08/output/build/host-cmake-2.8.10.2/CMakeFiles/CheckTypeSize/UNSIGNED___INT64.c:22:12: note: in expansion of macro ‘SIZE’
   ('0' + ((SIZE / 10)%10)),
            ^
/home/aav/specter/buildroot-2013.08/output/build/host-cmake-2.8.10.2/CMakeFiles/CheckTypeSize/UNSIGNED___INT64.c:17:31: error: expected ‘)’ before ‘__int64’
 #define SIZE (sizeof(unsigned __int64))
                               ^
/home/aav/specter/buildroot-2013.08/output/build/host-cmake-2.8.10.2/CMakeFiles/CheckTypeSize/UNSIGNED___INT64.c:23:12: note: in expansion of macro ‘SIZE’
   ('0' +  (SIZE    % 10)),
            ^
make[2]: *** [CMakeFiles/cmTryCompileExec2406609419.dir/UNSIGNED___INT64.c.o] Error 1
make[2]: Leaving directory `/home/aav/specter/buildroot-2013.08/output/build/host-cmake-2.8.10.2/CMakeFiles/CMakeTmp'
make[1]: *** [cmTryCompileExec2406609419/fast] Error 2
make[1]: Leaving directory `/home/aav/specter/buildroot-2013.08/output/build/host-cmake-2.8.10.2/CMakeFiles/CMakeTmp'

/home/aav/specter/buildroot-2013.08/output/build/host-cmake-2.8.10.2/CMakeFiles/CheckTypeSize/UNSIGNED___INT64.c:
#include <sys/types.h>
#include <stdint.h>
#include <stddef.h>


#undef KEY
#if defined(__i386)
# define KEY '_','_','i','3','8','6'
#elif defined(__x86_64)
# define KEY '_','_','x','8','6','_','6','4'
#elif defined(__ppc__)
# define KEY '_','_','p','p','c','_','_'
#elif defined(__ppc64__)
# define KEY '_','_','p','p','c','6','4','_','_'
#endif

#define SIZE (sizeof(unsigned __int64))
char info_size[] =  {'I', 'N', 'F', 'O', ':', 's','i','z','e','[',
  ('0' + ((SIZE / 10000)%10)),
  ('0' + ((SIZE / 1000)%10)),
  ('0' + ((SIZE / 100)%10)),
  ('0' + ((SIZE / 10)%10)),
  ('0' +  (SIZE    % 10)),
  ']',
#ifdef KEY
  ' ','k','e','y','[', KEY, ']',
#endif
  '\0'};

#ifdef __CLASSIC_C__
int main(argc, argv) int argc; char *argv[];
#else
int main(int argc, char *argv[])
#endif
{
  int require = 0;
  require += info_size[argc];
  (void)argv;
  return require;
}


Determining if the system is big endian passed with the following output:
Change Dir: /home/aav/specter/buildroot-2013.08/output/build/host-cmake-2.8.10.2/CMakeFiles/CMakeTmp

Run Build Command:/usr/bin/make "cmTryCompileExec2126261418/fast"
make[1]: Entering directory `/home/aav/specter/buildroot-2013.08/output/build/host-cmake-2.8.10.2/CMakeFiles/CMakeTmp'
make -f CMakeFiles/cmTryCompileExec2126261418.dir/build.make CMakeFiles/cmTryCompileExec2126261418.dir/build
make[2]: Entering directory `/home/aav/specter/buildroot-2013.08/output/build/host-cmake-2.8.10.2/CMakeFiles/CMakeTmp'
/home/aav/specter/buildroot-2013.08/output/build/host-cmake-2.8.10.2/Bootstrap.cmk/cmake -E cmake_progress_report /home/aav/specter/buildroot-2013.08/output/build/host-cmake-2.8.10.2/CMakeFiles/CMakeTmp/CMakeFiles 1
Building C object CMakeFiles/cmTryCompileExec2126261418.dir/TestEndianess.c.o
/usr/bin/gcc   -O2 -I/home/aav/specter/buildroot-2013.08/output/host/usr/include      -o CMakeFiles/cmTryCompileExec2126261418.dir/TestEndianess.c.o   -c /home/aav/specter/buildroot-2013.08/output/build/host-cmake-2.8.10.2/CMakeFiles/CMakeTmp/TestEndianess.c
Linking C executable cmTryCompileExec2126261418
/home/aav/specter/buildroot-2013.08/output/build/host-cmake-2.8.10.2/Bootstrap.cmk/cmake -E cmake_link_script CMakeFiles/cmTryCompileExec2126261418.dir/link.txt --verbose=1
/usr/bin/gcc   -O2 -I/home/aav/specter/buildroot-2013.08/output/host/usr/include      -L/home/aav/specter/buildroot-2013.08/output/host/lib -L/home/aav/specter/buildroot-2013.08/output/host/usr/lib -Wl,-rpath,/home/aav/specter/buildroot-2013.08/output/host/usr/lib CMakeFiles/cmTryCompileExec2126261418.dir/TestEndianess.c.o  -o cmTryCompileExec2126261418 -rdynamic 
make[2]: Leaving directory `/home/aav/specter/buildroot-2013.08/output/build/host-cmake-2.8.10.2/CMakeFiles/CMakeTmp'
make[1]: Leaving directory `/home/aav/specter/buildroot-2013.08/output/build/host-cmake-2.8.10.2/CMakeFiles/CMakeTmp'

TestEndianess.c:
/* A 16 bit integer is required. */
typedef unsigned short cmakeint16;

/* On a little endian machine, these 16bit ints will give "THIS IS LITTLE ENDIAN."
   On a big endian machine the characters will be exchanged pairwise. */
const cmakeint16 info_little[] =  {0x4854, 0x5349, 0x4920, 0x2053, 0x494c, 0x5454, 0x454c, 0x4520, 0x444e, 0x4149, 0x2e4e, 0x0000};

/* on a big endian machine, these 16bit ints will give "THIS IS BIG ENDIAN."
   On a little endian machine the characters will be exchanged pairwise. */
const cmakeint16 info_big[] =     {0x5448, 0x4953, 0x2049, 0x5320, 0x4249, 0x4720, 0x454e, 0x4449, 0x414e, 0x2e2e, 0x0000};

#ifdef __CLASSIC_C__
int main(argc, argv) int argc; char *argv[];
#else
int main(int argc, char *argv[])
#endif
{
  int require = 0;
  require += info_little[argc];
  require += info_big[argc];
  (void)argv;
  return require;
}


Determining if the Q_WS_WIN exist failed with the following output:
Change Dir: /home/aav/specter/buildroot-2013.08/output/build/host-cmake-2.8.10.2/CMakeFiles/CMakeTmp

Run Build Command:/usr/bin/make "cmTryCompileExec1084428635/fast"
make[1]: Entering directory `/home/aav/specter/buildroot-2013.08/output/build/host-cmake-2.8.10.2/CMakeFiles/CMakeTmp'
make -f CMakeFiles/cmTryCompileExec1084428635.dir/build.make CMakeFiles/cmTryCompileExec1084428635.dir/build
make[2]: Entering directory `/home/aav/specter/buildroot-2013.08/output/build/host-cmake-2.8.10.2/CMakeFiles/CMakeTmp'
/home/aav/specter/buildroot-2013.08/output/build/host-cmake-2.8.10.2/Bootstrap.cmk/cmake -E cmake_progress_report /home/aav/specter/buildroot-2013.08/output/build/host-cmake-2.8.10.2/CMakeFiles/CMakeTmp/CMakeFiles 1
Building CXX object CMakeFiles/cmTryCompileExec1084428635.dir/CheckSymbolExists.cxx.o
/usr/bin/g++    -I/usr/include/qt4    -o CMakeFiles/cmTryCompileExec1084428635.dir/CheckSymbolExists.cxx.o -c /home/aav/specter/buildroot-2013.08/output/build/host-cmake-2.8.10.2/CMakeFiles/CMakeTmp/CheckSymbolExists.cxx
/home/aav/specter/buildroot-2013.08/output/build/host-cmake-2.8.10.2/CMakeFiles/CMakeTmp/CheckSymbolExists.cxx: In function ‘int main(int, char**)’:
/home/aav/specter/buildroot-2013.08/output/build/host-cmake-2.8.10.2/CMakeFiles/CMakeTmp/CheckSymbolExists.cxx:8:19: error: ‘Q_WS_WIN’ was not declared in this scope
   return ((int*)(&Q_WS_WIN))[argc];
                   ^
make[2]: *** [CMakeFiles/cmTryCompileExec1084428635.dir/CheckSymbolExists.cxx.o] Error 1
make[2]: Leaving directory `/home/aav/specter/buildroot-2013.08/output/build/host-cmake-2.8.10.2/CMakeFiles/CMakeTmp'
make[1]: *** [cmTryCompileExec1084428635/fast] Error 2
make[1]: Leaving directory `/home/aav/specter/buildroot-2013.08/output/build/host-cmake-2.8.10.2/CMakeFiles/CMakeTmp'

File /home/aav/specter/buildroot-2013.08/output/build/host-cmake-2.8.10.2/CMakeFiles/CMakeTmp/CheckSymbolExists.cxx:
/* */
#include <QtCore/qglobal.h>

int main(int argc, char** argv)
{
  (void)argv;
#ifndef Q_WS_WIN
  return ((int*)(&Q_WS_WIN))[argc];
#else
  (void)argc;
  return 0;
#endif
}

Determining if the Q_WS_QWS exist failed with the following output:
Change Dir: /home/aav/specter/buildroot-2013.08/output/build/host-cmake-2.8.10.2/CMakeFiles/CMakeTmp

Run Build Command:/usr/bin/make "cmTryCompileExec2398023158/fast"
make[1]: Entering directory `/home/aav/specter/buildroot-2013.08/output/build/host-cmake-2.8.10.2/CMakeFiles/CMakeTmp'
make -f CMakeFiles/cmTryCompileExec2398023158.dir/build.make CMakeFiles/cmTryCompileExec2398023158.dir/build
make[2]: Entering directory `/home/aav/specter/buildroot-2013.08/output/build/host-cmake-2.8.10.2/CMakeFiles/CMakeTmp'
/home/aav/specter/buildroot-2013.08/output/build/host-cmake-2.8.10.2/Bootstrap.cmk/cmake -E cmake_progress_report /home/aav/specter/buildroot-2013.08/output/build/host-cmake-2.8.10.2/CMakeFiles/CMakeTmp/CMakeFiles 1
Building CXX object CMakeFiles/cmTryCompileExec2398023158.dir/CheckSymbolExists.cxx.o
/usr/bin/g++    -I/usr/include/qt4    -o CMakeFiles/cmTryCompileExec2398023158.dir/CheckSymbolExists.cxx.o -c /home/aav/specter/buildroot-2013.08/output/build/host-cmake-2.8.10.2/CMakeFiles/CMakeTmp/CheckSymbolExists.cxx
/home/aav/specter/buildroot-2013.08/output/build/host-cmake-2.8.10.2/CMakeFiles/CMakeTmp/CheckSymbolExists.cxx: In function ‘int main(int, char**)’:
/home/aav/specter/buildroot-2013.08/output/build/host-cmake-2.8.10.2/CMakeFiles/CMakeTmp/CheckSymbolExists.cxx:8:19: error: ‘Q_WS_QWS’ was not declared in this scope
   return ((int*)(&Q_WS_QWS))[argc];
                   ^
make[2]: *** [CMakeFiles/cmTryCompileExec2398023158.dir/CheckSymbolExists.cxx.o] Error 1
make[2]: Leaving directory `/home/aav/specter/buildroot-2013.08/output/build/host-cmake-2.8.10.2/CMakeFiles/CMakeTmp'
make[1]: *** [cmTryCompileExec2398023158/fast] Error 2
make[1]: Leaving directory `/home/aav/specter/buildroot-2013.08/output/build/host-cmake-2.8.10.2/CMakeFiles/CMakeTmp'

File /home/aav/specter/buildroot-2013.08/output/build/host-cmake-2.8.10.2/CMakeFiles/CMakeTmp/CheckSymbolExists.cxx:
/* */
#include <QtCore/qglobal.h>

int main(int argc, char** argv)
{
  (void)argv;
#ifndef Q_WS_QWS
  return ((int*)(&Q_WS_QWS))[argc];
#else
  (void)argc;
  return 0;
#endif
}

Determining if the Q_WS_MAC exist failed with the following output:
Change Dir: /home/aav/specter/buildroot-2013.08/output/build/host-cmake-2.8.10.2/CMakeFiles/CMakeTmp

Run Build Command:/usr/bin/make "cmTryCompileExec1122958164/fast"
make[1]: Entering directory `/home/aav/specter/buildroot-2013.08/output/build/host-cmake-2.8.10.2/CMakeFiles/CMakeTmp'
make -f CMakeFiles/cmTryCompileExec1122958164.dir/build.make CMakeFiles/cmTryCompileExec1122958164.dir/build
make[2]: Entering directory `/home/aav/specter/buildroot-2013.08/output/build/host-cmake-2.8.10.2/CMakeFiles/CMakeTmp'
/home/aav/specter/buildroot-2013.08/output/build/host-cmake-2.8.10.2/Bootstrap.cmk/cmake -E cmake_progress_report /home/aav/specter/buildroot-2013.08/output/build/host-cmake-2.8.10.2/CMakeFiles/CMakeTmp/CMakeFiles 1
Building CXX object CMakeFiles/cmTryCompileExec1122958164.dir/CheckSymbolExists.cxx.o
/usr/bin/g++    -I/usr/include/qt4    -o CMakeFiles/cmTryCompileExec1122958164.dir/CheckSymbolExists.cxx.o -c /home/aav/specter/buildroot-2013.08/output/build/host-cmake-2.8.10.2/CMakeFiles/CMakeTmp/CheckSymbolExists.cxx
/home/aav/specter/buildroot-2013.08/output/build/host-cmake-2.8.10.2/CMakeFiles/CMakeTmp/CheckSymbolExists.cxx: In function ‘int main(int, char**)’:
/home/aav/specter/buildroot-2013.08/output/build/host-cmake-2.8.10.2/CMakeFiles/CMakeTmp/CheckSymbolExists.cxx:8:19: error: ‘Q_WS_MAC’ was not declared in this scope
   return ((int*)(&Q_WS_MAC))[argc];
                   ^
make[2]: *** [CMakeFiles/cmTryCompileExec1122958164.dir/CheckSymbolExists.cxx.o] Error 1
make[2]: Leaving directory `/home/aav/specter/buildroot-2013.08/output/build/host-cmake-2.8.10.2/CMakeFiles/CMakeTmp'
make[1]: *** [cmTryCompileExec1122958164/fast] Error 2
make[1]: Leaving directory `/home/aav/specter/buildroot-2013.08/output/build/host-cmake-2.8.10.2/CMakeFiles/CMakeTmp'

File /home/aav/specter/buildroot-2013.08/output/build/host-cmake-2.8.10.2/CMakeFiles/CMakeTmp/CheckSymbolExists.cxx:
/* */
#include <QtCore/qglobal.h>

int main(int argc, char** argv)
{
  (void)argv;
#ifndef Q_WS_MAC
  return ((int*)(&Q_WS_MAC))[argc];
#else
  (void)argc;
  return 0;
#endif
}

